<?xml version="1.0" encoding="UTF-8"?>
<testsuite xmlns:xsi="http://www.w3.org/2001/XMLSchema-instance" xsi:noNamespaceSchemaLocation="https://maven.apache.org/surefire/maven-surefire-plugin/xsd/surefire-test-report.xsd" version="3.0.2" name="com.example.oidc.security.ApiAuthenticationTest" time="2.099" tests="10" errors="0" skipped="0" failures="0">
  <properties>
    <property name="java.specification.version" value="21"/>
    <property name="sun.cpu.isalist" value="amd64"/>
    <property name="sun.jnu.encoding" value="Cp1252"/>
    <property name="java.class.path" value="C:\Users\TJ\eclipse-workspace\spring-boot-securityconfig-oidc-with-multiple-secrets\target\test-classes;C:\Users\TJ\eclipse-workspace\spring-boot-securityconfig-oidc-with-multiple-secrets\target\classes;C:\Users\TJ\.m2\repository\org\springframework\boot\spring-boot-starter-web\3.5.4\spring-boot-starter-web-3.5.4.jar;C:\Users\TJ\.m2\repository\org\springframework\boot\spring-boot-starter\3.5.4\spring-boot-starter-3.5.4.jar;C:\Users\TJ\.m2\repository\org\springframework\boot\spring-boot\3.5.4\spring-boot-3.5.4.jar;C:\Users\TJ\.m2\repository\org\springframework\boot\spring-boot-autoconfigure\3.5.4\spring-boot-autoconfigure-3.5.4.jar;C:\Users\TJ\.m2\repository\org\springframework\boot\spring-boot-starter-logging\3.5.4\spring-boot-starter-logging-3.5.4.jar;C:\Users\TJ\.m2\repository\ch\qos\logback\logback-classic\1.5.18\logback-classic-1.5.18.jar;C:\Users\TJ\.m2\repository\ch\qos\logback\logback-core\1.5.18\logback-core-1.5.18.jar;C:\Users\TJ\.m2\repository\org\apache\logging\log4j\log4j-to-slf4j\2.24.3\log4j-to-slf4j-2.24.3.jar;C:\Users\TJ\.m2\repository\org\apache\logging\log4j\log4j-api\2.24.3\log4j-api-2.24.3.jar;C:\Users\TJ\.m2\repository\org\slf4j\jul-to-slf4j\2.0.17\jul-to-slf4j-2.0.17.jar;C:\Users\TJ\.m2\repository\jakarta\annotation\jakarta.annotation-api\2.1.1\jakarta.annotation-api-2.1.1.jar;C:\Users\TJ\.m2\repository\org\yaml\snakeyaml\2.4\snakeyaml-2.4.jar;C:\Users\TJ\.m2\repository\org\springframework\boot\spring-boot-starter-json\3.5.4\spring-boot-starter-json-3.5.4.jar;C:\Users\TJ\.m2\repository\com\fasterxml\jackson\core\jackson-databind\2.19.2\jackson-databind-2.19.2.jar;C:\Users\TJ\.m2\repository\com\fasterxml\jackson\core\jackson-annotations\2.19.2\jackson-annotations-2.19.2.jar;C:\Users\TJ\.m2\repository\com\fasterxml\jackson\core\jackson-core\2.19.2\jackson-core-2.19.2.jar;C:\Users\TJ\.m2\repository\com\fasterxml\jackson\datatype\jackson-datatype-jdk8\2.19.2\jackson-datatype-jdk8-2.19.2.jar;C:\Users\TJ\.m2\repository\com\fasterxml\jackson\datatype\jackson-datatype-jsr310\2.19.2\jackson-datatype-jsr310-2.19.2.jar;C:\Users\TJ\.m2\repository\com\fasterxml\jackson\module\jackson-module-parameter-names\2.19.2\jackson-module-parameter-names-2.19.2.jar;C:\Users\TJ\.m2\repository\org\springframework\boot\spring-boot-starter-tomcat\3.5.4\spring-boot-starter-tomcat-3.5.4.jar;C:\Users\TJ\.m2\repository\org\apache\tomcat\embed\tomcat-embed-core\10.1.43\tomcat-embed-core-10.1.43.jar;C:\Users\TJ\.m2\repository\org\apache\tomcat\embed\tomcat-embed-el\10.1.43\tomcat-embed-el-10.1.43.jar;C:\Users\TJ\.m2\repository\org\apache\tomcat\embed\tomcat-embed-websocket\10.1.43\tomcat-embed-websocket-10.1.43.jar;C:\Users\TJ\.m2\repository\org\springframework\spring-web\6.2.9\spring-web-6.2.9.jar;C:\Users\TJ\.m2\repository\org\springframework\spring-beans\6.2.9\spring-beans-6.2.9.jar;C:\Users\TJ\.m2\repository\io\micrometer\micrometer-observation\1.15.2\micrometer-observation-1.15.2.jar;C:\Users\TJ\.m2\repository\io\micrometer\micrometer-commons\1.15.2\micrometer-commons-1.15.2.jar;C:\Users\TJ\.m2\repository\org\springframework\spring-webmvc\6.2.9\spring-webmvc-6.2.9.jar;C:\Users\TJ\.m2\repository\org\springframework\spring-context\6.2.9\spring-context-6.2.9.jar;C:\Users\TJ\.m2\repository\org\springframework\spring-expression\6.2.9\spring-expression-6.2.9.jar;C:\Users\TJ\.m2\repository\org\springframework\boot\spring-boot-starter-oauth2-client\3.5.4\spring-boot-starter-oauth2-client-3.5.4.jar;C:\Users\TJ\.m2\repository\org\springframework\security\spring-security-config\6.5.2\spring-security-config-6.5.2.jar;C:\Users\TJ\.m2\repository\org\springframework\security\spring-security-core\6.5.2\spring-security-core-6.5.2.jar;C:\Users\TJ\.m2\repository\org\springframework\security\spring-security-crypto\6.5.2\spring-security-crypto-6.5.2.jar;C:\Users\TJ\.m2\repository\org\springframework\security\spring-security-oauth2-client\6.5.2\spring-security-oauth2-client-6.5.2.jar;C:\Users\TJ\.m2\repository\org\springframework\security\spring-security-oauth2-core\6.5.2\spring-security-oauth2-core-6.5.2.jar;C:\Users\TJ\.m2\repository\com\nimbusds\oauth2-oidc-sdk\9.43.6\oauth2-oidc-sdk-9.43.6.jar;C:\Users\TJ\.m2\repository\com\github\stephenc\jcip\jcip-annotations\1.0-1\jcip-annotations-1.0-1.jar;C:\Users\TJ\.m2\repository\com\nimbusds\content-type\2.2\content-type-2.2.jar;C:\Users\TJ\.m2\repository\com\nimbusds\lang-tag\1.7\lang-tag-1.7.jar;C:\Users\TJ\.m2\repository\org\springframework\security\spring-security-oauth2-jose\6.5.2\spring-security-oauth2-jose-6.5.2.jar;C:\Users\TJ\.m2\repository\com\nimbusds\nimbus-jose-jwt\9.37.3\nimbus-jose-jwt-9.37.3.jar;C:\Users\TJ\.m2\repository\org\springframework\boot\spring-boot-starter-oauth2-resource-server\3.5.4\spring-boot-starter-oauth2-resource-server-3.5.4.jar;C:\Users\TJ\.m2\repository\org\springframework\security\spring-security-oauth2-resource-server\6.5.2\spring-security-oauth2-resource-server-6.5.2.jar;C:\Users\TJ\.m2\repository\org\springframework\boot\spring-boot-starter-security\3.5.4\spring-boot-starter-security-3.5.4.jar;C:\Users\TJ\.m2\repository\org\springframework\spring-aop\6.2.9\spring-aop-6.2.9.jar;C:\Users\TJ\.m2\repository\org\springframework\security\spring-security-web\6.5.2\spring-security-web-6.5.2.jar;C:\Users\TJ\.m2\repository\org\springframework\boot\spring-boot-starter-thymeleaf\3.5.4\spring-boot-starter-thymeleaf-3.5.4.jar;C:\Users\TJ\.m2\repository\org\thymeleaf\thymeleaf-spring6\3.1.3.RELEASE\thymeleaf-spring6-3.1.3.RELEASE.jar;C:\Users\TJ\.m2\repository\org\thymeleaf\thymeleaf\3.1.3.RELEASE\thymeleaf-3.1.3.RELEASE.jar;C:\Users\TJ\.m2\repository\org\attoparser\attoparser\2.0.7.RELEASE\attoparser-2.0.7.RELEASE.jar;C:\Users\TJ\.m2\repository\org\unbescape\unbescape\1.1.6.RELEASE\unbescape-1.1.6.RELEASE.jar;C:\Users\TJ\.m2\repository\org\thymeleaf\extras\thymeleaf-extras-springsecurity6\3.1.3.RELEASE\thymeleaf-extras-springsecurity6-3.1.3.RELEASE.jar;C:\Users\TJ\.m2\repository\org\slf4j\slf4j-api\2.0.17\slf4j-api-2.0.17.jar;C:\Users\TJ\.m2\repository\org\springframework\boot\spring-boot-configuration-processor\3.5.4\spring-boot-configuration-processor-3.5.4.jar;C:\Users\TJ\.m2\repository\org\projectlombok\lombok\1.18.38\lombok-1.18.38.jar;C:\Users\TJ\.m2\repository\org\springframework\boot\spring-boot-starter-test\3.5.4\spring-boot-starter-test-3.5.4.jar;C:\Users\TJ\.m2\repository\org\springframework\boot\spring-boot-test\3.5.4\spring-boot-test-3.5.4.jar;C:\Users\TJ\.m2\repository\org\springframework\boot\spring-boot-test-autoconfigure\3.5.4\spring-boot-test-autoconfigure-3.5.4.jar;C:\Users\TJ\.m2\repository\com\jayway\jsonpath\json-path\2.9.0\json-path-2.9.0.jar;C:\Users\TJ\.m2\repository\jakarta\xml\bind\jakarta.xml.bind-api\4.0.2\jakarta.xml.bind-api-4.0.2.jar;C:\Users\TJ\.m2\repository\jakarta\activation\jakarta.activation-api\2.1.3\jakarta.activation-api-2.1.3.jar;C:\Users\TJ\.m2\repository\net\minidev\json-smart\2.5.2\json-smart-2.5.2.jar;C:\Users\TJ\.m2\repository\net\minidev\accessors-smart\2.5.2\accessors-smart-2.5.2.jar;C:\Users\TJ\.m2\repository\org\ow2\asm\asm\9.7.1\asm-9.7.1.jar;C:\Users\TJ\.m2\repository\org\assertj\assertj-core\3.27.3\assertj-core-3.27.3.jar;C:\Users\TJ\.m2\repository\net\bytebuddy\byte-buddy\1.17.6\byte-buddy-1.17.6.jar;C:\Users\TJ\.m2\repository\org\awaitility\awaitility\4.2.2\awaitility-4.2.2.jar;C:\Users\TJ\.m2\repository\org\hamcrest\hamcrest\3.0\hamcrest-3.0.jar;C:\Users\TJ\.m2\repository\org\junit\jupiter\junit-jupiter\5.12.2\junit-jupiter-5.12.2.jar;C:\Users\TJ\.m2\repository\org\junit\jupiter\junit-jupiter-api\5.12.2\junit-jupiter-api-5.12.2.jar;C:\Users\TJ\.m2\repository\org\opentest4j\opentest4j\1.3.0\opentest4j-1.3.0.jar;C:\Users\TJ\.m2\repository\org\junit\platform\junit-platform-commons\1.12.2\junit-platform-commons-1.12.2.jar;C:\Users\TJ\.m2\repository\org\apiguardian\apiguardian-api\1.1.2\apiguardian-api-1.1.2.jar;C:\Users\TJ\.m2\repository\org\junit\jupiter\junit-jupiter-params\5.12.2\junit-jupiter-params-5.12.2.jar;C:\Users\TJ\.m2\repository\org\junit\jupiter\junit-jupiter-engine\5.12.2\junit-jupiter-engine-5.12.2.jar;C:\Users\TJ\.m2\repository\org\junit\platform\junit-platform-engine\1.12.2\junit-platform-engine-1.12.2.jar;C:\Users\TJ\.m2\repository\org\mockito\mockito-core\5.17.0\mockito-core-5.17.0.jar;C:\Users\TJ\.m2\repository\net\bytebuddy\byte-buddy-agent\1.17.6\byte-buddy-agent-1.17.6.jar;C:\Users\TJ\.m2\repository\org\objenesis\objenesis\3.3\objenesis-3.3.jar;C:\Users\TJ\.m2\repository\org\mockito\mockito-junit-jupiter\5.17.0\mockito-junit-jupiter-5.17.0.jar;C:\Users\TJ\.m2\repository\org\skyscreamer\jsonassert\1.5.3\jsonassert-1.5.3.jar;C:\Users\TJ\.m2\repository\com\vaadin\external\google\android-json\0.0.20131108.vaadin1\android-json-0.0.20131108.vaadin1.jar;C:\Users\TJ\.m2\repository\org\springframework\spring-core\6.2.9\spring-core-6.2.9.jar;C:\Users\TJ\.m2\repository\org\springframework\spring-jcl\6.2.9\spring-jcl-6.2.9.jar;C:\Users\TJ\.m2\repository\org\springframework\spring-test\6.2.9\spring-test-6.2.9.jar;C:\Users\TJ\.m2\repository\org\xmlunit\xmlunit-core\2.10.3\xmlunit-core-2.10.3.jar;C:\Users\TJ\.m2\repository\org\springframework\security\spring-security-test\6.5.2\spring-security-test-6.5.2.jar;"/>
    <property name="java.vm.vendor" value="Eclipse Adoptium"/>
    <property name="sun.arch.data.model" value="64"/>
    <property name="user.variant" value=""/>
    <property name="java.vendor.url" value="https://adoptium.net/"/>
    <property name="user.timezone" value="America/Chicago"/>
    <property name="os.name" value="Windows 11"/>
    <property name="java.vm.specification.version" value="21"/>
    <property name="APPLICATION_NAME" value="oidc-multi-secret-demo"/>
    <property name="sun.java.launcher" value="SUN_STANDARD"/>
    <property name="user.country" value="US"/>
    <property name="sun.boot.library.path" value="C:\Program Files\Eclipse Adoptium\jdk-21.0.5.11-hotspot\bin"/>
    <property name="sun.java.command" value="C:\Users\TJ\AppData\Local\Temp\surefire4067906264114385485\surefirebooter-20250803172036190_3.jar C:\Users\TJ\AppData\Local\Temp\surefire4067906264114385485 2025-08-03T17-20-36_054-jvmRun1 surefire-20250803172036190_1tmp surefire_0-20250803172036190_2tmp"/>
    <property name="jdk.debug" value="release"/>
    <property name="surefire.test.class.path" value="C:\Users\TJ\eclipse-workspace\spring-boot-securityconfig-oidc-with-multiple-secrets\target\test-classes;C:\Users\TJ\eclipse-workspace\spring-boot-securityconfig-oidc-with-multiple-secrets\target\classes;C:\Users\TJ\.m2\repository\org\springframework\boot\spring-boot-starter-web\3.5.4\spring-boot-starter-web-3.5.4.jar;C:\Users\TJ\.m2\repository\org\springframework\boot\spring-boot-starter\3.5.4\spring-boot-starter-3.5.4.jar;C:\Users\TJ\.m2\repository\org\springframework\boot\spring-boot\3.5.4\spring-boot-3.5.4.jar;C:\Users\TJ\.m2\repository\org\springframework\boot\spring-boot-autoconfigure\3.5.4\spring-boot-autoconfigure-3.5.4.jar;C:\Users\TJ\.m2\repository\org\springframework\boot\spring-boot-starter-logging\3.5.4\spring-boot-starter-logging-3.5.4.jar;C:\Users\TJ\.m2\repository\ch\qos\logback\logback-classic\1.5.18\logback-classic-1.5.18.jar;C:\Users\TJ\.m2\repository\ch\qos\logback\logback-core\1.5.18\logback-core-1.5.18.jar;C:\Users\TJ\.m2\repository\org\apache\logging\log4j\log4j-to-slf4j\2.24.3\log4j-to-slf4j-2.24.3.jar;C:\Users\TJ\.m2\repository\org\apache\logging\log4j\log4j-api\2.24.3\log4j-api-2.24.3.jar;C:\Users\TJ\.m2\repository\org\slf4j\jul-to-slf4j\2.0.17\jul-to-slf4j-2.0.17.jar;C:\Users\TJ\.m2\repository\jakarta\annotation\jakarta.annotation-api\2.1.1\jakarta.annotation-api-2.1.1.jar;C:\Users\TJ\.m2\repository\org\yaml\snakeyaml\2.4\snakeyaml-2.4.jar;C:\Users\TJ\.m2\repository\org\springframework\boot\spring-boot-starter-json\3.5.4\spring-boot-starter-json-3.5.4.jar;C:\Users\TJ\.m2\repository\com\fasterxml\jackson\core\jackson-databind\2.19.2\jackson-databind-2.19.2.jar;C:\Users\TJ\.m2\repository\com\fasterxml\jackson\core\jackson-annotations\2.19.2\jackson-annotations-2.19.2.jar;C:\Users\TJ\.m2\repository\com\fasterxml\jackson\core\jackson-core\2.19.2\jackson-core-2.19.2.jar;C:\Users\TJ\.m2\repository\com\fasterxml\jackson\datatype\jackson-datatype-jdk8\2.19.2\jackson-datatype-jdk8-2.19.2.jar;C:\Users\TJ\.m2\repository\com\fasterxml\jackson\datatype\jackson-datatype-jsr310\2.19.2\jackson-datatype-jsr310-2.19.2.jar;C:\Users\TJ\.m2\repository\com\fasterxml\jackson\module\jackson-module-parameter-names\2.19.2\jackson-module-parameter-names-2.19.2.jar;C:\Users\TJ\.m2\repository\org\springframework\boot\spring-boot-starter-tomcat\3.5.4\spring-boot-starter-tomcat-3.5.4.jar;C:\Users\TJ\.m2\repository\org\apache\tomcat\embed\tomcat-embed-core\10.1.43\tomcat-embed-core-10.1.43.jar;C:\Users\TJ\.m2\repository\org\apache\tomcat\embed\tomcat-embed-el\10.1.43\tomcat-embed-el-10.1.43.jar;C:\Users\TJ\.m2\repository\org\apache\tomcat\embed\tomcat-embed-websocket\10.1.43\tomcat-embed-websocket-10.1.43.jar;C:\Users\TJ\.m2\repository\org\springframework\spring-web\6.2.9\spring-web-6.2.9.jar;C:\Users\TJ\.m2\repository\org\springframework\spring-beans\6.2.9\spring-beans-6.2.9.jar;C:\Users\TJ\.m2\repository\io\micrometer\micrometer-observation\1.15.2\micrometer-observation-1.15.2.jar;C:\Users\TJ\.m2\repository\io\micrometer\micrometer-commons\1.15.2\micrometer-commons-1.15.2.jar;C:\Users\TJ\.m2\repository\org\springframework\spring-webmvc\6.2.9\spring-webmvc-6.2.9.jar;C:\Users\TJ\.m2\repository\org\springframework\spring-context\6.2.9\spring-context-6.2.9.jar;C:\Users\TJ\.m2\repository\org\springframework\spring-expression\6.2.9\spring-expression-6.2.9.jar;C:\Users\TJ\.m2\repository\org\springframework\boot\spring-boot-starter-oauth2-client\3.5.4\spring-boot-starter-oauth2-client-3.5.4.jar;C:\Users\TJ\.m2\repository\org\springframework\security\spring-security-config\6.5.2\spring-security-config-6.5.2.jar;C:\Users\TJ\.m2\repository\org\springframework\security\spring-security-core\6.5.2\spring-security-core-6.5.2.jar;C:\Users\TJ\.m2\repository\org\springframework\security\spring-security-crypto\6.5.2\spring-security-crypto-6.5.2.jar;C:\Users\TJ\.m2\repository\org\springframework\security\spring-security-oauth2-client\6.5.2\spring-security-oauth2-client-6.5.2.jar;C:\Users\TJ\.m2\repository\org\springframework\security\spring-security-oauth2-core\6.5.2\spring-security-oauth2-core-6.5.2.jar;C:\Users\TJ\.m2\repository\com\nimbusds\oauth2-oidc-sdk\9.43.6\oauth2-oidc-sdk-9.43.6.jar;C:\Users\TJ\.m2\repository\com\github\stephenc\jcip\jcip-annotations\1.0-1\jcip-annotations-1.0-1.jar;C:\Users\TJ\.m2\repository\com\nimbusds\content-type\2.2\content-type-2.2.jar;C:\Users\TJ\.m2\repository\com\nimbusds\lang-tag\1.7\lang-tag-1.7.jar;C:\Users\TJ\.m2\repository\org\springframework\security\spring-security-oauth2-jose\6.5.2\spring-security-oauth2-jose-6.5.2.jar;C:\Users\TJ\.m2\repository\com\nimbusds\nimbus-jose-jwt\9.37.3\nimbus-jose-jwt-9.37.3.jar;C:\Users\TJ\.m2\repository\org\springframework\boot\spring-boot-starter-oauth2-resource-server\3.5.4\spring-boot-starter-oauth2-resource-server-3.5.4.jar;C:\Users\TJ\.m2\repository\org\springframework\security\spring-security-oauth2-resource-server\6.5.2\spring-security-oauth2-resource-server-6.5.2.jar;C:\Users\TJ\.m2\repository\org\springframework\boot\spring-boot-starter-security\3.5.4\spring-boot-starter-security-3.5.4.jar;C:\Users\TJ\.m2\repository\org\springframework\spring-aop\6.2.9\spring-aop-6.2.9.jar;C:\Users\TJ\.m2\repository\org\springframework\security\spring-security-web\6.5.2\spring-security-web-6.5.2.jar;C:\Users\TJ\.m2\repository\org\springframework\boot\spring-boot-starter-thymeleaf\3.5.4\spring-boot-starter-thymeleaf-3.5.4.jar;C:\Users\TJ\.m2\repository\org\thymeleaf\thymeleaf-spring6\3.1.3.RELEASE\thymeleaf-spring6-3.1.3.RELEASE.jar;C:\Users\TJ\.m2\repository\org\thymeleaf\thymeleaf\3.1.3.RELEASE\thymeleaf-3.1.3.RELEASE.jar;C:\Users\TJ\.m2\repository\org\attoparser\attoparser\2.0.7.RELEASE\attoparser-2.0.7.RELEASE.jar;C:\Users\TJ\.m2\repository\org\unbescape\unbescape\1.1.6.RELEASE\unbescape-1.1.6.RELEASE.jar;C:\Users\TJ\.m2\repository\org\thymeleaf\extras\thymeleaf-extras-springsecurity6\3.1.3.RELEASE\thymeleaf-extras-springsecurity6-3.1.3.RELEASE.jar;C:\Users\TJ\.m2\repository\org\slf4j\slf4j-api\2.0.17\slf4j-api-2.0.17.jar;C:\Users\TJ\.m2\repository\org\springframework\boot\spring-boot-configuration-processor\3.5.4\spring-boot-configuration-processor-3.5.4.jar;C:\Users\TJ\.m2\repository\org\projectlombok\lombok\1.18.38\lombok-1.18.38.jar;C:\Users\TJ\.m2\repository\org\springframework\boot\spring-boot-starter-test\3.5.4\spring-boot-starter-test-3.5.4.jar;C:\Users\TJ\.m2\repository\org\springframework\boot\spring-boot-test\3.5.4\spring-boot-test-3.5.4.jar;C:\Users\TJ\.m2\repository\org\springframework\boot\spring-boot-test-autoconfigure\3.5.4\spring-boot-test-autoconfigure-3.5.4.jar;C:\Users\TJ\.m2\repository\com\jayway\jsonpath\json-path\2.9.0\json-path-2.9.0.jar;C:\Users\TJ\.m2\repository\jakarta\xml\bind\jakarta.xml.bind-api\4.0.2\jakarta.xml.bind-api-4.0.2.jar;C:\Users\TJ\.m2\repository\jakarta\activation\jakarta.activation-api\2.1.3\jakarta.activation-api-2.1.3.jar;C:\Users\TJ\.m2\repository\net\minidev\json-smart\2.5.2\json-smart-2.5.2.jar;C:\Users\TJ\.m2\repository\net\minidev\accessors-smart\2.5.2\accessors-smart-2.5.2.jar;C:\Users\TJ\.m2\repository\org\ow2\asm\asm\9.7.1\asm-9.7.1.jar;C:\Users\TJ\.m2\repository\org\assertj\assertj-core\3.27.3\assertj-core-3.27.3.jar;C:\Users\TJ\.m2\repository\net\bytebuddy\byte-buddy\1.17.6\byte-buddy-1.17.6.jar;C:\Users\TJ\.m2\repository\org\awaitility\awaitility\4.2.2\awaitility-4.2.2.jar;C:\Users\TJ\.m2\repository\org\hamcrest\hamcrest\3.0\hamcrest-3.0.jar;C:\Users\TJ\.m2\repository\org\junit\jupiter\junit-jupiter\5.12.2\junit-jupiter-5.12.2.jar;C:\Users\TJ\.m2\repository\org\junit\jupiter\junit-jupiter-api\5.12.2\junit-jupiter-api-5.12.2.jar;C:\Users\TJ\.m2\repository\org\opentest4j\opentest4j\1.3.0\opentest4j-1.3.0.jar;C:\Users\TJ\.m2\repository\org\junit\platform\junit-platform-commons\1.12.2\junit-platform-commons-1.12.2.jar;C:\Users\TJ\.m2\repository\org\apiguardian\apiguardian-api\1.1.2\apiguardian-api-1.1.2.jar;C:\Users\TJ\.m2\repository\org\junit\jupiter\junit-jupiter-params\5.12.2\junit-jupiter-params-5.12.2.jar;C:\Users\TJ\.m2\repository\org\junit\jupiter\junit-jupiter-engine\5.12.2\junit-jupiter-engine-5.12.2.jar;C:\Users\TJ\.m2\repository\org\junit\platform\junit-platform-engine\1.12.2\junit-platform-engine-1.12.2.jar;C:\Users\TJ\.m2\repository\org\mockito\mockito-core\5.17.0\mockito-core-5.17.0.jar;C:\Users\TJ\.m2\repository\net\bytebuddy\byte-buddy-agent\1.17.6\byte-buddy-agent-1.17.6.jar;C:\Users\TJ\.m2\repository\org\objenesis\objenesis\3.3\objenesis-3.3.jar;C:\Users\TJ\.m2\repository\org\mockito\mockito-junit-jupiter\5.17.0\mockito-junit-jupiter-5.17.0.jar;C:\Users\TJ\.m2\repository\org\skyscreamer\jsonassert\1.5.3\jsonassert-1.5.3.jar;C:\Users\TJ\.m2\repository\com\vaadin\external\google\android-json\0.0.20131108.vaadin1\android-json-0.0.20131108.vaadin1.jar;C:\Users\TJ\.m2\repository\org\springframework\spring-core\6.2.9\spring-core-6.2.9.jar;C:\Users\TJ\.m2\repository\org\springframework\spring-jcl\6.2.9\spring-jcl-6.2.9.jar;C:\Users\TJ\.m2\repository\org\springframework\spring-test\6.2.9\spring-test-6.2.9.jar;C:\Users\TJ\.m2\repository\org\xmlunit\xmlunit-core\2.10.3\xmlunit-core-2.10.3.jar;C:\Users\TJ\.m2\repository\org\springframework\security\spring-security-test\6.5.2\spring-security-test-6.5.2.jar;"/>
    <property name="sun.cpu.endian" value="little"/>
    <property name="user.home" value="C:\Users\TJ"/>
    <property name="user.language" value="en"/>
    <property name="java.specification.vendor" value="Oracle Corporation"/>
    <property name="java.version.date" value="2024-10-15"/>
    <property name="java.home" value="C:\Program Files\Eclipse Adoptium\jdk-21.0.5.11-hotspot"/>
    <property name="file.separator" value="\"/>
    <property name="basedir" value="C:\Users\TJ\eclipse-workspace\spring-boot-securityconfig-oidc-with-multiple-secrets"/>
    <property name="java.vm.compressedOopsMode" value="Zero based"/>
    <property name="line.separator" value="&#10;"/>
    <property name="java.vm.specification.vendor" value="Oracle Corporation"/>
    <property name="java.specification.name" value="Java Platform API Specification"/>
    <property name="FILE_LOG_CHARSET" value="UTF-8"/>
    <property name="java.awt.headless" value="true"/>
    <property name="surefire.real.class.path" value="C:\Users\TJ\AppData\Local\Temp\surefire4067906264114385485\surefirebooter-20250803172036190_3.jar"/>
    <property name="user.script" value=""/>
    <property name="sun.management.compiler" value="HotSpot 64-Bit Tiered Compilers"/>
    <property name="java.runtime.version" value="21.0.5+11-LTS"/>
    <property name="user.name" value="TJ"/>
    <property name="stdout.encoding" value="Cp1252"/>
    <property name="path.separator" value=";"/>
    <property name="os.version" value="10.0"/>
    <property name="java.runtime.name" value="OpenJDK Runtime Environment"/>
    <property name="file.encoding" value="UTF-8"/>
    <property name="FILE_LOG_PATTERN" value="%d{yyyy-MM-dd HH:mm:ss} [%thread] [correlationId=%X{correlationId:-N/A}] [transactionId=%X{transactionId:-N/A}] %-5level %logger{36} - %msg%n"/>
    <property name="java.vm.name" value="OpenJDK 64-Bit Server VM"/>
    <property name="java.vendor.version" value="Temurin-21.0.5+11"/>
    <property name="localRepository" value="C:\Users\TJ\.m2\repository"/>
    <property name="java.vendor.url.bug" value="https://github.com/adoptium/adoptium-support/issues"/>
    <property name="java.io.tmpdir" value="C:\Users\TJ\AppData\Local\Temp\"/>
    <property name="java.version" value="21.0.5"/>
    <property name="user.dir" value="C:\Users\TJ\eclipse-workspace\spring-boot-securityconfig-oidc-with-multiple-secrets"/>
    <property name="os.arch" value="amd64"/>
    <property name="java.vm.specification.name" value="Java Virtual Machine Specification"/>
    <property name="PID" value="23592"/>
    <property name="sun.os.patch.level" value=""/>
    <property name="CONSOLE_LOG_CHARSET" value="UTF-8"/>
    <property name="native.encoding" value="Cp1252"/>
    <property name="java.library.path" value="C:\Program Files\Eclipse Adoptium\jdk-21.0.5.11-hotspot\bin;C:\WINDOWS\Sun\Java\bin;C:\WINDOWS\system32;C:\WINDOWS;C:\Program Files\Git\mingw64\bin;C:\Program Files\Git\usr\bin;C:\Users\TJ\bin;C:\Program Files\Eclipse Adoptium\jdk-21.0.5.11-hotspot\bin;C:\Program Files\Eclipse Adoptium\jdk-17.0.13.11-hotspot\bin;C:\Program Files\Python313\Scripts;C:\Program Files\Python313;C:\Python312\Scripts;C:\Python312;C:\Program Files\Microsoft\jdk-21.0.5.11-hotspot\bin;C:\Program Files\Microsoft\jdk-17.0.13.11-hotspot\bin;C:\WINDOWS\system32;C:\WINDOWS;C:\WINDOWS\System32\Wbem;C:\WINDOWS\System32\WindowsPowerShell\v1.0;C:\WINDOWS\System32\OpenSSH;C:\ProgramData\chocolatey\bin;C:\Program Files\Apache\Maven\apache-maven-3.9.9\bin;C:\Program Files\Git\cmd;C:\Program Files\Git LFS;C:\Program Files\nodejs;C:\Program Files\Docker\Docker\resources\bin;C:\Program Files\PowerShell\7;C:\Users\TJ\AppData\Local\Microsoft\WindowsApps;C:\Users\TJ\AppData\Local\Programs\Microsoft VS Code\bin;C:\Program Files\JetBrains\IntelliJ IDEA Community Edition 2024.3\bin;C:\Users\TJ\AppData\Local\JetBrains\Toolbox\scripts;C:\Users\TJ\AppData\Roaming\npm;."/>
    <property name="java.vm.info" value="mixed mode, sharing"/>
    <property name="stderr.encoding" value="Cp1252"/>
    <property name="java.vendor" value="Eclipse Adoptium"/>
    <property name="java.vm.version" value="21.0.5+11-LTS"/>
    <property name="sun.io.unicode.encoding" value="UnicodeLittle"/>
    <property name="java.class.version" value="65.0"/>
    <property name="CONSOLE_LOG_PATTERN" value="%d{yyyy-MM-dd HH:mm:ss} - %msg [%thread] [correlationId=%X{correlationId:-N/A}] [transactionId=%X{transactionId:-N/A}] %logger{36} - %n"/>
    <property name="LOGGED_APPLICATION_NAME" value="[oidc-multi-secret-demo] "/>
  </properties>
  <testcase name="testApi_InvalidatedSession_Returns401" classname="com.example.oidc.security.ApiAuthenticationTest" time="0.006">
    <system-out><![CDATA[2025-08-03 17:20:41 - Could not detect default configuration classes for test class [com.example.oidc.security.ApiAuthenticationTest]: ApiAuthenticationTest does not declare any static, non-private, non-final, nested classes annotated with @Configuration. [main] [correlationId=N/A] [transactionId=N/A] o.s.t.c.s.AnnotationConfigContextLoaderUtils - 
2025-08-03 17:20:41 - Found @SpringBootConfiguration com.example.oidc.OidcMultiSecretApplication for test class com.example.oidc.security.ApiAuthenticationTest [main] [correlationId=N/A] [transactionId=N/A] o.s.b.t.c.SpringBootTestContextBootstrapper - 
2025-08-03 17:20:41 - No correlation ID found in request headers, generated new: corr-3ef8fd7159c94857859db6b0d76ec7f3 [main] [correlationId=N/A] [transactionId=N/A] c.e.oidc.filter.CorrelationIdFilter - 
2025-08-03 17:20:41 - Processing request with correlationId: corr-3ef8fd7159c94857859db6b0d76ec7f3 and transactionId: txn-2a5754b7795a4cef8475b027f44a1ab2 [main] [correlationId=corr-3ef8fd7159c94857859db6b0d76ec7f3] [transactionId=txn-2a5754b7795a4cef8475b027f44a1ab2] c.e.oidc.filter.CorrelationIdFilter - 
2025-08-03 17:20:41 - Securing GET /api/user [main] [correlationId=corr-3ef8fd7159c94857859db6b0d76ec7f3] [transactionId=txn-2a5754b7795a4cef8475b027f44a1ab2] o.s.security.web.FilterChainProxy - 
2025-08-03 17:20:41 - Set SecurityContextHolder to anonymous SecurityContext [main] [correlationId=corr-3ef8fd7159c94857859db6b0d76ec7f3] [transactionId=txn-2a5754b7795a4cef8475b027f44a1ab2] o.s.s.w.a.AnonymousAuthenticationFilter - 
2025-08-03 17:20:41 - Saved request http://localhost/api/user?continue to session [main] [correlationId=corr-3ef8fd7159c94857859db6b0d76ec7f3] [transactionId=txn-2a5754b7795a4cef8475b027f44a1ab2] o.s.s.w.s.HttpSessionRequestCache - 
2025-08-03 17:20:41 - Trying to match using com.example.oidc.config.SecurityConfig$$Lambda/0x000001bf10616a40@56a9a7b5 [main] [correlationId=corr-3ef8fd7159c94857859db6b0d76ec7f3] [transactionId=txn-2a5754b7795a4cef8475b027f44a1ab2] o.s.s.w.a.DelegatingAuthenticationEntryPoint - 
2025-08-03 17:20:41 - Match found! Executing com.example.oidc.config.SecurityConfig$$Lambda/0x000001bf10616830@22dc9d46 [main] [correlationId=corr-3ef8fd7159c94857859db6b0d76ec7f3] [transactionId=txn-2a5754b7795a4cef8475b027f44a1ab2] o.s.s.w.a.DelegatingAuthenticationEntryPoint - 
]]></system-out>
  </testcase>
  <testcase name="testApi_ValidAuthentication_Returns200" classname="com.example.oidc.security.ApiAuthenticationTest" time="0.007">
    <system-out><![CDATA[2025-08-03 17:20:41 - Created HttpSession as SecurityContext is non-default [main] [correlationId=N/A] [transactionId=N/A] o.s.s.w.c.HttpSessionSecurityContextRepository - 
2025-08-03 17:20:41 - Stored SecurityContextImpl [Authentication=UsernamePasswordAuthenticationToken [Principal=org.springframework.security.core.userdetails.User [Username=user, Password=[PROTECTED], Enabled=true, AccountNonExpired=true, CredentialsNonExpired=true, AccountNonLocked=true, Granted Authorities=[ROLE_USER]], Credentials=[PROTECTED], Authenticated=true, Details=null, Granted Authorities=[ROLE_USER]]] to HttpSession [org.springframework.mock.web.MockHttpSession@20711b02] [main] [correlationId=N/A] [transactionId=N/A] o.s.s.w.c.HttpSessionSecurityContextRepository - 
2025-08-03 17:20:41 - No correlation ID found in request headers, generated new: corr-ff92c35e3dc24691b416c90ff882823f [main] [correlationId=N/A] [transactionId=N/A] c.e.oidc.filter.CorrelationIdFilter - 
2025-08-03 17:20:41 - Processing request with correlationId: corr-ff92c35e3dc24691b416c90ff882823f and transactionId: txn-e91a8142783e4bd08dea654fc64dd327 [main] [correlationId=corr-ff92c35e3dc24691b416c90ff882823f] [transactionId=txn-e91a8142783e4bd08dea654fc64dd327] c.e.oidc.filter.CorrelationIdFilter - 
2025-08-03 17:20:41 - Securing GET /api/health [main] [correlationId=corr-ff92c35e3dc24691b416c90ff882823f] [transactionId=txn-e91a8142783e4bd08dea654fc64dd327] o.s.security.web.FilterChainProxy - 
2025-08-03 17:20:41 - Retrieved SecurityContextImpl [Authentication=UsernamePasswordAuthenticationToken [Principal=org.springframework.security.core.userdetails.User [Username=user, Password=[PROTECTED], Enabled=true, AccountNonExpired=true, CredentialsNonExpired=true, AccountNonLocked=true, Granted Authorities=[ROLE_USER]], Credentials=[PROTECTED], Authenticated=true, Details=null, Granted Authorities=[ROLE_USER]]] [main] [correlationId=corr-ff92c35e3dc24691b416c90ff882823f] [transactionId=txn-e91a8142783e4bd08dea654fc64dd327] o.s.s.w.c.HttpSessionSecurityContextRepository - 
2025-08-03 17:20:41 - Secured GET /api/health [main] [correlationId=corr-ff92c35e3dc24691b416c90ff882823f] [transactionId=txn-e91a8142783e4bd08dea654fc64dd327] o.s.security.web.FilterChainProxy - 
2025-08-03 17:20:41 - Health check endpoint called [main] [correlationId=corr-ff92c35e3dc24691b416c90ff882823f] [transactionId=txn-e91a8142783e4bd08dea654fc64dd327] c.e.oidc.controller.ApiController - 
]]></system-out>
  </testcase>
  <testcase name="testApi_PostRequest_NoAuth_Returns401" classname="com.example.oidc.security.ApiAuthenticationTest" time="0.01">
    <system-out><![CDATA[2025-08-03 17:20:41 - No correlation ID found in request headers, generated new: corr-dc39bcb823344a50b96ccc82c55a6eb1 [main] [correlationId=N/A] [transactionId=N/A] c.e.oidc.filter.CorrelationIdFilter - 
2025-08-03 17:20:41 - Processing request with correlationId: corr-dc39bcb823344a50b96ccc82c55a6eb1 and transactionId: txn-c644c347e08841618d12b2e6165bd799 [main] [correlationId=corr-dc39bcb823344a50b96ccc82c55a6eb1] [transactionId=txn-c644c347e08841618d12b2e6165bd799] c.e.oidc.filter.CorrelationIdFilter - 
2025-08-03 17:20:41 - Securing POST /api/data [main] [correlationId=corr-dc39bcb823344a50b96ccc82c55a6eb1] [transactionId=txn-c644c347e08841618d12b2e6165bd799] o.s.security.web.FilterChainProxy - 
2025-08-03 17:20:41 - Set SecurityContextHolder to anonymous SecurityContext [main] [correlationId=corr-dc39bcb823344a50b96ccc82c55a6eb1] [transactionId=txn-c644c347e08841618d12b2e6165bd799] o.s.s.w.a.AnonymousAuthenticationFilter - 
2025-08-03 17:20:41 - Trying to match using com.example.oidc.config.SecurityConfig$$Lambda/0x000001bf10616a40@56a9a7b5 [main] [correlationId=corr-dc39bcb823344a50b96ccc82c55a6eb1] [transactionId=txn-c644c347e08841618d12b2e6165bd799] o.s.s.w.a.DelegatingAuthenticationEntryPoint - 
2025-08-03 17:20:41 - Match found! Executing com.example.oidc.config.SecurityConfig$$Lambda/0x000001bf10616830@22dc9d46 [main] [correlationId=corr-dc39bcb823344a50b96ccc82c55a6eb1] [transactionId=txn-c644c347e08841618d12b2e6165bd799] o.s.s.w.a.DelegatingAuthenticationEntryPoint - 
]]></system-out>
  </testcase>
  <testcase name="testApi_ExpiredSession_Returns401" classname="com.example.oidc.security.ApiAuthenticationTest" time="2.017">
    <system-out><![CDATA[2025-08-03 17:20:41 - Stored SecurityContextImpl [Authentication=UsernamePasswordAuthenticationToken [Principal=org.springframework.security.core.userdetails.User [Username=testuser, Password=[PROTECTED], Enabled=true, AccountNonExpired=true, CredentialsNonExpired=true, AccountNonLocked=true, Granted Authorities=[ROLE_USER]], Credentials=[PROTECTED], Authenticated=true, Details=null, Granted Authorities=[ROLE_USER]]] to HttpSession [org.springframework.mock.web.MockHttpSession@4a2bc71f] [main] [correlationId=N/A] [transactionId=N/A] o.s.s.w.c.HttpSessionSecurityContextRepository - 
2025-08-03 17:20:41 - No correlation ID found in request headers, generated new: corr-72033bebaf134591afc23e2d28a08350 [main] [correlationId=N/A] [transactionId=N/A] c.e.oidc.filter.CorrelationIdFilter - 
2025-08-03 17:20:41 - Processing request with correlationId: corr-72033bebaf134591afc23e2d28a08350 and transactionId: txn-042098ce08a244219c77306b98988f61 [main] [correlationId=corr-72033bebaf134591afc23e2d28a08350] [transactionId=txn-042098ce08a244219c77306b98988f61] c.e.oidc.filter.CorrelationIdFilter - 
2025-08-03 17:20:41 - Securing GET /api/health [main] [correlationId=corr-72033bebaf134591afc23e2d28a08350] [transactionId=txn-042098ce08a244219c77306b98988f61] o.s.security.web.FilterChainProxy - 
2025-08-03 17:20:41 - Retrieved SecurityContextImpl [Authentication=UsernamePasswordAuthenticationToken [Principal=org.springframework.security.core.userdetails.User [Username=testuser, Password=[PROTECTED], Enabled=true, AccountNonExpired=true, CredentialsNonExpired=true, AccountNonLocked=true, Granted Authorities=[ROLE_USER]], Credentials=[PROTECTED], Authenticated=true, Details=null, Granted Authorities=[ROLE_USER]]] [main] [correlationId=corr-72033bebaf134591afc23e2d28a08350] [transactionId=txn-042098ce08a244219c77306b98988f61] o.s.s.w.c.HttpSessionSecurityContextRepository - 
2025-08-03 17:20:41 - Secured GET /api/health [main] [correlationId=corr-72033bebaf134591afc23e2d28a08350] [transactionId=txn-042098ce08a244219c77306b98988f61] o.s.security.web.FilterChainProxy - 
2025-08-03 17:20:41 - Health check endpoint called [main] [correlationId=corr-72033bebaf134591afc23e2d28a08350] [transactionId=txn-042098ce08a244219c77306b98988f61] c.e.oidc.controller.ApiController - 
2025-08-03 17:20:43 - No correlation ID found in request headers, generated new: corr-041c91fa2e34421693644fca3681d85e [main] [correlationId=N/A] [transactionId=N/A] c.e.oidc.filter.CorrelationIdFilter - 
2025-08-03 17:20:43 - Processing request with correlationId: corr-041c91fa2e34421693644fca3681d85e and transactionId: txn-1cfd0f3cd80543b1a51576a3bef2439b [main] [correlationId=corr-041c91fa2e34421693644fca3681d85e] [transactionId=txn-1cfd0f3cd80543b1a51576a3bef2439b] c.e.oidc.filter.CorrelationIdFilter - 
2025-08-03 17:20:43 - Securing GET /api/health [main] [correlationId=corr-041c91fa2e34421693644fca3681d85e] [transactionId=txn-1cfd0f3cd80543b1a51576a3bef2439b] o.s.security.web.FilterChainProxy - 
2025-08-03 17:20:43 - Set SecurityContextHolder to anonymous SecurityContext [main] [correlationId=corr-041c91fa2e34421693644fca3681d85e] [transactionId=txn-1cfd0f3cd80543b1a51576a3bef2439b] o.s.s.w.a.AnonymousAuthenticationFilter - 
2025-08-03 17:20:43 - Saved request http://localhost/api/health?continue to session [main] [correlationId=corr-041c91fa2e34421693644fca3681d85e] [transactionId=txn-1cfd0f3cd80543b1a51576a3bef2439b] o.s.s.w.s.HttpSessionRequestCache - 
2025-08-03 17:20:43 - Trying to match using com.example.oidc.config.SecurityConfig$$Lambda/0x000001bf10616a40@56a9a7b5 [main] [correlationId=corr-041c91fa2e34421693644fca3681d85e] [transactionId=txn-1cfd0f3cd80543b1a51576a3bef2439b] o.s.s.w.a.DelegatingAuthenticationEntryPoint - 
2025-08-03 17:20:43 - Match found! Executing com.example.oidc.config.SecurityConfig$$Lambda/0x000001bf10616830@22dc9d46 [main] [correlationId=corr-041c91fa2e34421693644fca3681d85e] [transactionId=txn-1cfd0f3cd80543b1a51576a3bef2439b] o.s.s.w.a.DelegatingAuthenticationEntryPoint - 
]]></system-out>
  </testcase>
  <testcase name="testApi_MultipleRequests_ConsistentBehavior" classname="com.example.oidc.security.ApiAuthenticationTest" time="0.008">
    <system-out><![CDATA[2025-08-03 17:20:43 - No correlation ID found in request headers, generated new: corr-1162d4af12c04f1095131513122d15dc [main] [correlationId=N/A] [transactionId=N/A] c.e.oidc.filter.CorrelationIdFilter - 
2025-08-03 17:20:43 - Processing request with correlationId: corr-1162d4af12c04f1095131513122d15dc and transactionId: txn-2f0e63f5727748459076e1adc9141ace [main] [correlationId=corr-1162d4af12c04f1095131513122d15dc] [transactionId=txn-2f0e63f5727748459076e1adc9141ace] c.e.oidc.filter.CorrelationIdFilter - 
2025-08-03 17:20:43 - Securing GET /api/user [main] [correlationId=corr-1162d4af12c04f1095131513122d15dc] [transactionId=txn-2f0e63f5727748459076e1adc9141ace] o.s.security.web.FilterChainProxy - 
2025-08-03 17:20:43 - Set SecurityContextHolder to anonymous SecurityContext [main] [correlationId=corr-1162d4af12c04f1095131513122d15dc] [transactionId=txn-2f0e63f5727748459076e1adc9141ace] o.s.s.w.a.AnonymousAuthenticationFilter - 
2025-08-03 17:20:43 - Saved request http://localhost/api/user?continue to session [main] [correlationId=corr-1162d4af12c04f1095131513122d15dc] [transactionId=txn-2f0e63f5727748459076e1adc9141ace] o.s.s.w.s.HttpSessionRequestCache - 
2025-08-03 17:20:43 - Trying to match using com.example.oidc.config.SecurityConfig$$Lambda/0x000001bf10616a40@56a9a7b5 [main] [correlationId=corr-1162d4af12c04f1095131513122d15dc] [transactionId=txn-2f0e63f5727748459076e1adc9141ace] o.s.s.w.a.DelegatingAuthenticationEntryPoint - 
2025-08-03 17:20:43 - Match found! Executing com.example.oidc.config.SecurityConfig$$Lambda/0x000001bf10616830@22dc9d46 [main] [correlationId=corr-1162d4af12c04f1095131513122d15dc] [transactionId=txn-2f0e63f5727748459076e1adc9141ace] o.s.s.w.a.DelegatingAuthenticationEntryPoint - 
2025-08-03 17:20:43 - No correlation ID found in request headers, generated new: corr-00d83bb443ab44e2815d0eb0d717f572 [main] [correlationId=N/A] [transactionId=N/A] c.e.oidc.filter.CorrelationIdFilter - 
2025-08-03 17:20:43 - Processing request with correlationId: corr-00d83bb443ab44e2815d0eb0d717f572 and transactionId: txn-1fa9559186ff4cbf885663610a1ec317 [main] [correlationId=corr-00d83bb443ab44e2815d0eb0d717f572] [transactionId=txn-1fa9559186ff4cbf885663610a1ec317] c.e.oidc.filter.CorrelationIdFilter - 
2025-08-03 17:20:43 - Securing GET /api/user-v2 [main] [correlationId=corr-00d83bb443ab44e2815d0eb0d717f572] [transactionId=txn-1fa9559186ff4cbf885663610a1ec317] o.s.security.web.FilterChainProxy - 
2025-08-03 17:20:43 - Set SecurityContextHolder to anonymous SecurityContext [main] [correlationId=corr-00d83bb443ab44e2815d0eb0d717f572] [transactionId=txn-1fa9559186ff4cbf885663610a1ec317] o.s.s.w.a.AnonymousAuthenticationFilter - 
2025-08-03 17:20:43 - Saved request http://localhost/api/user-v2?continue to session [main] [correlationId=corr-00d83bb443ab44e2815d0eb0d717f572] [transactionId=txn-1fa9559186ff4cbf885663610a1ec317] o.s.s.w.s.HttpSessionRequestCache - 
2025-08-03 17:20:43 - Trying to match using com.example.oidc.config.SecurityConfig$$Lambda/0x000001bf10616a40@56a9a7b5 [main] [correlationId=corr-00d83bb443ab44e2815d0eb0d717f572] [transactionId=txn-1fa9559186ff4cbf885663610a1ec317] o.s.s.w.a.DelegatingAuthenticationEntryPoint - 
2025-08-03 17:20:43 - Match found! Executing com.example.oidc.config.SecurityConfig$$Lambda/0x000001bf10616830@22dc9d46 [main] [correlationId=corr-00d83bb443ab44e2815d0eb0d717f572] [transactionId=txn-1fa9559186ff4cbf885663610a1ec317] o.s.s.w.a.DelegatingAuthenticationEntryPoint - 
2025-08-03 17:20:43 - No correlation ID found in request headers, generated new: corr-b876cc0678444e0097cffd32cc47b2aa [main] [correlationId=N/A] [transactionId=N/A] c.e.oidc.filter.CorrelationIdFilter - 
2025-08-03 17:20:43 - Processing request with correlationId: corr-b876cc0678444e0097cffd32cc47b2aa and transactionId: txn-ffc1670f2892488cbdad570efa37dcbb [main] [correlationId=corr-b876cc0678444e0097cffd32cc47b2aa] [transactionId=txn-ffc1670f2892488cbdad570efa37dcbb] c.e.oidc.filter.CorrelationIdFilter - 
2025-08-03 17:20:43 - Securing GET /api/health [main] [correlationId=corr-b876cc0678444e0097cffd32cc47b2aa] [transactionId=txn-ffc1670f2892488cbdad570efa37dcbb] o.s.security.web.FilterChainProxy - 
2025-08-03 17:20:43 - Set SecurityContextHolder to anonymous SecurityContext [main] [correlationId=corr-b876cc0678444e0097cffd32cc47b2aa] [transactionId=txn-ffc1670f2892488cbdad570efa37dcbb] o.s.s.w.a.AnonymousAuthenticationFilter - 
2025-08-03 17:20:43 - Saved request http://localhost/api/health?continue to session [main] [correlationId=corr-b876cc0678444e0097cffd32cc47b2aa] [transactionId=txn-ffc1670f2892488cbdad570efa37dcbb] o.s.s.w.s.HttpSessionRequestCache - 
2025-08-03 17:20:43 - Trying to match using com.example.oidc.config.SecurityConfig$$Lambda/0x000001bf10616a40@56a9a7b5 [main] [correlationId=corr-b876cc0678444e0097cffd32cc47b2aa] [transactionId=txn-ffc1670f2892488cbdad570efa37dcbb] o.s.s.w.a.DelegatingAuthenticationEntryPoint - 
2025-08-03 17:20:43 - Match found! Executing com.example.oidc.config.SecurityConfig$$Lambda/0x000001bf10616830@22dc9d46 [main] [correlationId=corr-b876cc0678444e0097cffd32cc47b2aa] [transactionId=txn-ffc1670f2892488cbdad570efa37dcbb] o.s.s.w.a.DelegatingAuthenticationEntryPoint - 
2025-08-03 17:20:43 - No correlation ID found in request headers, generated new: corr-718ba0da04b74741b156bfe1f76adf60 [main] [correlationId=N/A] [transactionId=N/A] c.e.oidc.filter.CorrelationIdFilter - 
2025-08-03 17:20:43 - Processing request with correlationId: corr-718ba0da04b74741b156bfe1f76adf60 and transactionId: txn-0e9c7481455147ff85f40301d8a5d748 [main] [correlationId=corr-718ba0da04b74741b156bfe1f76adf60] [transactionId=txn-0e9c7481455147ff85f40301d8a5d748] c.e.oidc.filter.CorrelationIdFilter - 
2025-08-03 17:20:43 - Securing GET /api/test [main] [correlationId=corr-718ba0da04b74741b156bfe1f76adf60] [transactionId=txn-0e9c7481455147ff85f40301d8a5d748] o.s.security.web.FilterChainProxy - 
2025-08-03 17:20:43 - Set SecurityContextHolder to anonymous SecurityContext [main] [correlationId=corr-718ba0da04b74741b156bfe1f76adf60] [transactionId=txn-0e9c7481455147ff85f40301d8a5d748] o.s.s.w.a.AnonymousAuthenticationFilter - 
2025-08-03 17:20:43 - Saved request http://localhost/api/test?continue to session [main] [correlationId=corr-718ba0da04b74741b156bfe1f76adf60] [transactionId=txn-0e9c7481455147ff85f40301d8a5d748] o.s.s.w.s.HttpSessionRequestCache - 
2025-08-03 17:20:43 - Trying to match using com.example.oidc.config.SecurityConfig$$Lambda/0x000001bf10616a40@56a9a7b5 [main] [correlationId=corr-718ba0da04b74741b156bfe1f76adf60] [transactionId=txn-0e9c7481455147ff85f40301d8a5d748] o.s.s.w.a.DelegatingAuthenticationEntryPoint - 
2025-08-03 17:20:43 - Match found! Executing com.example.oidc.config.SecurityConfig$$Lambda/0x000001bf10616830@22dc9d46 [main] [correlationId=corr-718ba0da04b74741b156bfe1f76adf60] [transactionId=txn-0e9c7481455147ff85f40301d8a5d748] o.s.s.w.a.DelegatingAuthenticationEntryPoint - 
2025-08-03 17:20:43 - No correlation ID found in request headers, generated new: corr-dc46952a68184f8c9ecd7f6fefa3bb4c [main] [correlationId=N/A] [transactionId=N/A] c.e.oidc.filter.CorrelationIdFilter - 
2025-08-03 17:20:43 - Processing request with correlationId: corr-dc46952a68184f8c9ecd7f6fefa3bb4c and transactionId: txn-c177fe20a8cd41e7af6fa1dd0cd66289 [main] [correlationId=corr-dc46952a68184f8c9ecd7f6fefa3bb4c] [transactionId=txn-c177fe20a8cd41e7af6fa1dd0cd66289] c.e.oidc.filter.CorrelationIdFilter - 
2025-08-03 17:20:43 - Securing GET /api/data/123 [main] [correlationId=corr-dc46952a68184f8c9ecd7f6fefa3bb4c] [transactionId=txn-c177fe20a8cd41e7af6fa1dd0cd66289] o.s.security.web.FilterChainProxy - 
2025-08-03 17:20:43 - Set SecurityContextHolder to anonymous SecurityContext [main] [correlationId=corr-dc46952a68184f8c9ecd7f6fefa3bb4c] [transactionId=txn-c177fe20a8cd41e7af6fa1dd0cd66289] o.s.s.w.a.AnonymousAuthenticationFilter - 
2025-08-03 17:20:43 - Saved request http://localhost/api/data/123?continue to session [main] [correlationId=corr-dc46952a68184f8c9ecd7f6fefa3bb4c] [transactionId=txn-c177fe20a8cd41e7af6fa1dd0cd66289] o.s.s.w.s.HttpSessionRequestCache - 
2025-08-03 17:20:43 - Trying to match using com.example.oidc.config.SecurityConfig$$Lambda/0x000001bf10616a40@56a9a7b5 [main] [correlationId=corr-dc46952a68184f8c9ecd7f6fefa3bb4c] [transactionId=txn-c177fe20a8cd41e7af6fa1dd0cd66289] o.s.s.w.a.DelegatingAuthenticationEntryPoint - 
2025-08-03 17:20:43 - Match found! Executing com.example.oidc.config.SecurityConfig$$Lambda/0x000001bf10616830@22dc9d46 [main] [correlationId=corr-dc46952a68184f8c9ecd7f6fefa3bb4c] [transactionId=txn-c177fe20a8cd41e7af6fa1dd0cd66289] o.s.s.w.a.DelegatingAuthenticationEntryPoint - 
]]></system-out>
  </testcase>
  <testcase name="testWebEndpoint_NoAuthentication_RedirectsToLogin" classname="com.example.oidc.security.ApiAuthenticationTest" time="0.003">
    <system-out><![CDATA[2025-08-03 17:20:43 - No correlation ID found in request headers, generated new: corr-25e1957a8bf24742b5e3f1872ba4ed56 [main] [correlationId=N/A] [transactionId=N/A] c.e.oidc.filter.CorrelationIdFilter - 
2025-08-03 17:20:43 - Processing request with correlationId: corr-25e1957a8bf24742b5e3f1872ba4ed56 and transactionId: txn-1dd2b14a8f9b4f3a9fd1c0431c2b0d83 [main] [correlationId=corr-25e1957a8bf24742b5e3f1872ba4ed56] [transactionId=txn-1dd2b14a8f9b4f3a9fd1c0431c2b0d83] c.e.oidc.filter.CorrelationIdFilter - 
2025-08-03 17:20:43 - Securing GET /home [main] [correlationId=corr-25e1957a8bf24742b5e3f1872ba4ed56] [transactionId=txn-1dd2b14a8f9b4f3a9fd1c0431c2b0d83] o.s.security.web.FilterChainProxy - 
2025-08-03 17:20:43 - Set SecurityContextHolder to anonymous SecurityContext [main] [correlationId=corr-25e1957a8bf24742b5e3f1872ba4ed56] [transactionId=txn-1dd2b14a8f9b4f3a9fd1c0431c2b0d83] o.s.s.w.a.AnonymousAuthenticationFilter - 
2025-08-03 17:20:43 - Saved request http://localhost/home?continue to session [main] [correlationId=corr-25e1957a8bf24742b5e3f1872ba4ed56] [transactionId=txn-1dd2b14a8f9b4f3a9fd1c0431c2b0d83] o.s.s.w.s.HttpSessionRequestCache - 
2025-08-03 17:20:43 - Trying to match using com.example.oidc.config.SecurityConfig$$Lambda/0x000001bf10616a40@56a9a7b5 [main] [correlationId=corr-25e1957a8bf24742b5e3f1872ba4ed56] [transactionId=txn-1dd2b14a8f9b4f3a9fd1c0431c2b0d83] o.s.s.w.a.DelegatingAuthenticationEntryPoint - 
2025-08-03 17:20:43 - Trying to match using com.example.oidc.config.SecurityConfig$$Lambda/0x000001bf10616c60@338270ea [main] [correlationId=corr-25e1957a8bf24742b5e3f1872ba4ed56] [transactionId=txn-1dd2b14a8f9b4f3a9fd1c0431c2b0d83] o.s.s.w.a.DelegatingAuthenticationEntryPoint - 
2025-08-03 17:20:43 - Match found! Executing org.springframework.security.web.authentication.LoginUrlAuthenticationEntryPoint@14ea3ecf [main] [correlationId=corr-25e1957a8bf24742b5e3f1872ba4ed56] [transactionId=txn-1dd2b14a8f9b4f3a9fd1c0431c2b0d83] o.s.s.w.a.DelegatingAuthenticationEntryPoint - 
2025-08-03 17:20:43 - Redirecting to http://localhost/login [main] [correlationId=corr-25e1957a8bf24742b5e3f1872ba4ed56] [transactionId=txn-1dd2b14a8f9b4f3a9fd1c0431c2b0d83] o.s.s.web.DefaultRedirectStrategy - 
]]></system-out>
  </testcase>
  <testcase name="testApi_WithExpiredOidcToken_Returns401" classname="com.example.oidc.security.ApiAuthenticationTest" time="0.007">
    <system-out><![CDATA[2025-08-03 17:20:43 - Created HttpSession as SecurityContext is non-default [main] [correlationId=N/A] [transactionId=N/A] o.s.s.w.c.HttpSessionSecurityContextRepository - 
2025-08-03 17:20:43 - Stored SecurityContextImpl [Authentication=OAuth2AuthenticationToken [Principal=Name: [john.doe@example.com], Granted Authorities: [[ROLE_USER]], User Attributes: [{name=John Doe, sub=12345, preferred_username=john.doe@example.com, email=john.doe@example.com}], Credentials=[PROTECTED], Authenticated=true, Details=null, Granted Authorities=[ROLE_USER]]] to HttpSession [org.springframework.mock.web.MockHttpSession@173c0722] [main] [correlationId=N/A] [transactionId=N/A] o.s.s.w.c.HttpSessionSecurityContextRepository - 
2025-08-03 17:20:43 - No correlation ID found in request headers, generated new: corr-331716babc6b4600a240e4ab7cea1590 [main] [correlationId=N/A] [transactionId=N/A] c.e.oidc.filter.CorrelationIdFilter - 
2025-08-03 17:20:43 - Processing request with correlationId: corr-331716babc6b4600a240e4ab7cea1590 and transactionId: txn-e29f8a757e8c44edab27117d8585390b [main] [correlationId=corr-331716babc6b4600a240e4ab7cea1590] [transactionId=txn-e29f8a757e8c44edab27117d8585390b] c.e.oidc.filter.CorrelationIdFilter - 
2025-08-03 17:20:43 - Securing GET /api/user [main] [correlationId=corr-331716babc6b4600a240e4ab7cea1590] [transactionId=txn-e29f8a757e8c44edab27117d8585390b] o.s.security.web.FilterChainProxy - 
2025-08-03 17:20:43 - Retrieved SecurityContextImpl [Authentication=OAuth2AuthenticationToken [Principal=Name: [john.doe@example.com], Granted Authorities: [[ROLE_USER]], User Attributes: [{name=John Doe, sub=12345, preferred_username=john.doe@example.com, email=john.doe@example.com}], Credentials=[PROTECTED], Authenticated=true, Details=null, Granted Authorities=[ROLE_USER]]] [main] [correlationId=corr-331716babc6b4600a240e4ab7cea1590] [transactionId=txn-e29f8a757e8c44edab27117d8585390b] o.s.s.w.c.HttpSessionSecurityContextRepository - 
2025-08-03 17:20:43 - Token expired for user: john.doe@example.com (access: false, id: true), attempting refresh [main] [correlationId=corr-331716babc6b4600a240e4ab7cea1590] [transactionId=txn-e29f8a757e8c44edab27117d8585390b] c.e.o.s.OidcTokenRefreshFilter - 
2025-08-03 17:20:43 - Token expired and cannot refresh for user: john.doe@example.com [main] [correlationId=corr-331716babc6b4600a240e4ab7cea1590] [transactionId=txn-e29f8a757e8c44edab27117d8585390b] c.e.o.s.OidcTokenRefreshFilter - 
]]></system-out>
  </testcase>
  <testcase name="testApi_NoAuthentication_Returns401" classname="com.example.oidc.security.ApiAuthenticationTest" time="0.006">
    <system-out><![CDATA[2025-08-03 17:20:43 - No correlation ID found in request headers, generated new: corr-9e8d9794c5584dbabf354f4f198efcc1 [main] [correlationId=N/A] [transactionId=N/A] c.e.oidc.filter.CorrelationIdFilter - 
2025-08-03 17:20:43 - Processing request with correlationId: corr-9e8d9794c5584dbabf354f4f198efcc1 and transactionId: txn-3bfd4be243f644519554bbb00ddd073b [main] [correlationId=corr-9e8d9794c5584dbabf354f4f198efcc1] [transactionId=txn-3bfd4be243f644519554bbb00ddd073b] c.e.oidc.filter.CorrelationIdFilter - 
2025-08-03 17:20:43 - Securing GET /api/user [main] [correlationId=corr-9e8d9794c5584dbabf354f4f198efcc1] [transactionId=txn-3bfd4be243f644519554bbb00ddd073b] o.s.security.web.FilterChainProxy - 
2025-08-03 17:20:43 - Set SecurityContextHolder to anonymous SecurityContext [main] [correlationId=corr-9e8d9794c5584dbabf354f4f198efcc1] [transactionId=txn-3bfd4be243f644519554bbb00ddd073b] o.s.s.w.a.AnonymousAuthenticationFilter - 
2025-08-03 17:20:43 - Saved request http://localhost/api/user?continue to session [main] [correlationId=corr-9e8d9794c5584dbabf354f4f198efcc1] [transactionId=txn-3bfd4be243f644519554bbb00ddd073b] o.s.s.w.s.HttpSessionRequestCache - 
2025-08-03 17:20:43 - Trying to match using com.example.oidc.config.SecurityConfig$$Lambda/0x000001bf10616a40@56a9a7b5 [main] [correlationId=corr-9e8d9794c5584dbabf354f4f198efcc1] [transactionId=txn-3bfd4be243f644519554bbb00ddd073b] o.s.s.w.a.DelegatingAuthenticationEntryPoint - 
2025-08-03 17:20:43 - Match found! Executing com.example.oidc.config.SecurityConfig$$Lambda/0x000001bf10616830@22dc9d46 [main] [correlationId=corr-9e8d9794c5584dbabf354f4f198efcc1] [transactionId=txn-3bfd4be243f644519554bbb00ddd073b] o.s.s.w.a.DelegatingAuthenticationEntryPoint - 
2025-08-03 17:20:43 - No correlation ID found in request headers, generated new: corr-34f22007f0e74b539db6e1d6774c8802 [main] [correlationId=N/A] [transactionId=N/A] c.e.oidc.filter.CorrelationIdFilter - 
2025-08-03 17:20:43 - Processing request with correlationId: corr-34f22007f0e74b539db6e1d6774c8802 and transactionId: txn-ccd5853008ac4bb7b2f618aa8d4d9989 [main] [correlationId=corr-34f22007f0e74b539db6e1d6774c8802] [transactionId=txn-ccd5853008ac4bb7b2f618aa8d4d9989] c.e.oidc.filter.CorrelationIdFilter - 
2025-08-03 17:20:43 - Securing GET /api/user-v2 [main] [correlationId=corr-34f22007f0e74b539db6e1d6774c8802] [transactionId=txn-ccd5853008ac4bb7b2f618aa8d4d9989] o.s.security.web.FilterChainProxy - 
2025-08-03 17:20:43 - Set SecurityContextHolder to anonymous SecurityContext [main] [correlationId=corr-34f22007f0e74b539db6e1d6774c8802] [transactionId=txn-ccd5853008ac4bb7b2f618aa8d4d9989] o.s.s.w.a.AnonymousAuthenticationFilter - 
2025-08-03 17:20:43 - Saved request http://localhost/api/user-v2?continue to session [main] [correlationId=corr-34f22007f0e74b539db6e1d6774c8802] [transactionId=txn-ccd5853008ac4bb7b2f618aa8d4d9989] o.s.s.w.s.HttpSessionRequestCache - 
2025-08-03 17:20:43 - Trying to match using com.example.oidc.config.SecurityConfig$$Lambda/0x000001bf10616a40@56a9a7b5 [main] [correlationId=corr-34f22007f0e74b539db6e1d6774c8802] [transactionId=txn-ccd5853008ac4bb7b2f618aa8d4d9989] o.s.s.w.a.DelegatingAuthenticationEntryPoint - 
2025-08-03 17:20:43 - Match found! Executing com.example.oidc.config.SecurityConfig$$Lambda/0x000001bf10616830@22dc9d46 [main] [correlationId=corr-34f22007f0e74b539db6e1d6774c8802] [transactionId=txn-ccd5853008ac4bb7b2f618aa8d4d9989] o.s.s.w.a.DelegatingAuthenticationEntryPoint - 
2025-08-03 17:20:43 - No correlation ID found in request headers, generated new: corr-1a5d254553e245fb949991aab38836c5 [main] [correlationId=N/A] [transactionId=N/A] c.e.oidc.filter.CorrelationIdFilter - 
2025-08-03 17:20:43 - Processing request with correlationId: corr-1a5d254553e245fb949991aab38836c5 and transactionId: txn-87fff39166f74b58ab351a53f3d25e4f [main] [correlationId=corr-1a5d254553e245fb949991aab38836c5] [transactionId=txn-87fff39166f74b58ab351a53f3d25e4f] c.e.oidc.filter.CorrelationIdFilter - 
2025-08-03 17:20:43 - Securing GET /api/health [main] [correlationId=corr-1a5d254553e245fb949991aab38836c5] [transactionId=txn-87fff39166f74b58ab351a53f3d25e4f] o.s.security.web.FilterChainProxy - 
2025-08-03 17:20:43 - Set SecurityContextHolder to anonymous SecurityContext [main] [correlationId=corr-1a5d254553e245fb949991aab38836c5] [transactionId=txn-87fff39166f74b58ab351a53f3d25e4f] o.s.s.w.a.AnonymousAuthenticationFilter - 
2025-08-03 17:20:43 - Saved request http://localhost/api/health?continue to session [main] [correlationId=corr-1a5d254553e245fb949991aab38836c5] [transactionId=txn-87fff39166f74b58ab351a53f3d25e4f] o.s.s.w.s.HttpSessionRequestCache - 
2025-08-03 17:20:43 - Trying to match using com.example.oidc.config.SecurityConfig$$Lambda/0x000001bf10616a40@56a9a7b5 [main] [correlationId=corr-1a5d254553e245fb949991aab38836c5] [transactionId=txn-87fff39166f74b58ab351a53f3d25e4f] o.s.s.w.a.DelegatingAuthenticationEntryPoint - 
2025-08-03 17:20:43 - Match found! Executing com.example.oidc.config.SecurityConfig$$Lambda/0x000001bf10616830@22dc9d46 [main] [correlationId=corr-1a5d254553e245fb949991aab38836c5] [transactionId=txn-87fff39166f74b58ab351a53f3d25e4f] o.s.s.w.a.DelegatingAuthenticationEntryPoint - 
]]></system-out>
  </testcase>
  <testcase name="testApi_WithCsrfToken_StillRequiresAuth" classname="com.example.oidc.security.ApiAuthenticationTest" time="0.005">
    <system-out><![CDATA[2025-08-03 17:20:43 - No correlation ID found in request headers, generated new: corr-aabfa5c53cd1492bacfc067f11a31cf5 [main] [correlationId=N/A] [transactionId=N/A] c.e.oidc.filter.CorrelationIdFilter - 
2025-08-03 17:20:43 - Processing request with correlationId: corr-aabfa5c53cd1492bacfc067f11a31cf5 and transactionId: txn-5fc0d51d7cec4557b9c928e03b9ac349 [main] [correlationId=corr-aabfa5c53cd1492bacfc067f11a31cf5] [transactionId=txn-5fc0d51d7cec4557b9c928e03b9ac349] c.e.oidc.filter.CorrelationIdFilter - 
2025-08-03 17:20:43 - Securing POST /api/data [main] [correlationId=corr-aabfa5c53cd1492bacfc067f11a31cf5] [transactionId=txn-5fc0d51d7cec4557b9c928e03b9ac349] o.s.security.web.FilterChainProxy - 
2025-08-03 17:20:43 - Set SecurityContextHolder to anonymous SecurityContext [main] [correlationId=corr-aabfa5c53cd1492bacfc067f11a31cf5] [transactionId=txn-5fc0d51d7cec4557b9c928e03b9ac349] o.s.s.w.a.AnonymousAuthenticationFilter - 
2025-08-03 17:20:43 - Trying to match using com.example.oidc.config.SecurityConfig$$Lambda/0x000001bf10616a40@56a9a7b5 [main] [correlationId=corr-aabfa5c53cd1492bacfc067f11a31cf5] [transactionId=txn-5fc0d51d7cec4557b9c928e03b9ac349] o.s.s.w.a.DelegatingAuthenticationEntryPoint - 
2025-08-03 17:20:43 - Match found! Executing com.example.oidc.config.SecurityConfig$$Lambda/0x000001bf10616830@22dc9d46 [main] [correlationId=corr-aabfa5c53cd1492bacfc067f11a31cf5] [transactionId=txn-5fc0d51d7cec4557b9c928e03b9ac349] o.s.s.w.a.DelegatingAuthenticationEntryPoint - 
]]></system-out>
  </testcase>
  <testcase name="testApi_WithValidOidcToken_Returns200" classname="com.example.oidc.security.ApiAuthenticationTest" time="0.012">
    <system-out><![CDATA[2025-08-03 17:20:43 - Created HttpSession as SecurityContext is non-default [main] [correlationId=N/A] [transactionId=N/A] o.s.s.w.c.HttpSessionSecurityContextRepository - 
2025-08-03 17:20:43 - Stored SecurityContextImpl [Authentication=OAuth2AuthenticationToken [Principal=Name: [john.doe@example.com], Granted Authorities: [[ROLE_USER]], User Attributes: [{name=John Doe, sub=12345, preferred_username=john.doe@example.com, email=john.doe@example.com}], Credentials=[PROTECTED], Authenticated=true, Details=null, Granted Authorities=[ROLE_USER]]] to HttpSession [org.springframework.mock.web.MockHttpSession@5dd79a57] [main] [correlationId=N/A] [transactionId=N/A] o.s.s.w.c.HttpSessionSecurityContextRepository - 
2025-08-03 17:20:43 - No correlation ID found in request headers, generated new: corr-b00050aee3a842619b8afbb1d002f7e4 [main] [correlationId=N/A] [transactionId=N/A] c.e.oidc.filter.CorrelationIdFilter - 
2025-08-03 17:20:43 - Processing request with correlationId: corr-b00050aee3a842619b8afbb1d002f7e4 and transactionId: txn-74a1a7a084554b39ba594374b161ade6 [main] [correlationId=corr-b00050aee3a842619b8afbb1d002f7e4] [transactionId=txn-74a1a7a084554b39ba594374b161ade6] c.e.oidc.filter.CorrelationIdFilter - 
2025-08-03 17:20:43 - Securing GET /api/user [main] [correlationId=corr-b00050aee3a842619b8afbb1d002f7e4] [transactionId=txn-74a1a7a084554b39ba594374b161ade6] o.s.security.web.FilterChainProxy - 
2025-08-03 17:20:43 - Retrieved SecurityContextImpl [Authentication=OAuth2AuthenticationToken [Principal=Name: [john.doe@example.com], Granted Authorities: [[ROLE_USER]], User Attributes: [{name=John Doe, sub=12345, preferred_username=john.doe@example.com, email=john.doe@example.com}], Credentials=[PROTECTED], Authenticated=true, Details=null, Granted Authorities=[ROLE_USER]]] [main] [correlationId=corr-b00050aee3a842619b8afbb1d002f7e4] [transactionId=txn-74a1a7a084554b39ba594374b161ade6] o.s.s.w.c.HttpSessionSecurityContextRepository - 
2025-08-03 17:20:43 - Secured GET /api/user [main] [correlationId=corr-b00050aee3a842619b8afbb1d002f7e4] [transactionId=txn-74a1a7a084554b39ba594374b161ade6] o.s.security.web.FilterChainProxy - 
2025-08-03 17:20:43 - [correlationId=corr-b00050aee3a842619b8afbb1d002f7e4, transactionId=txn-74a1a7a084554b39ba594374b161ade6] Getting current user info for: john.doe@example.com [main] [correlationId=corr-b00050aee3a842619b8afbb1d002f7e4] [transactionId=txn-74a1a7a084554b39ba594374b161ade6] c.e.oidc.controller.ApiController - 
]]></system-out>
  </testcase>
</testsuite>