<?xml version="1.0" encoding="UTF-8"?>
<testsuite xmlns:xsi="http://www.w3.org/2001/XMLSchema-instance" xsi:noNamespaceSchemaLocation="https://maven.apache.org/surefire/maven-surefire-plugin/xsd/surefire-test-report.xsd" version="3.0.2" name="com.example.oidc.config.SessionExpiryTest" time="2.534" tests="5" errors="0" skipped="0" failures="0">
  <properties>
    <property name="java.specification.version" value="21"/>
    <property name="sun.cpu.isalist" value="amd64"/>
    <property name="sun.jnu.encoding" value="Cp1252"/>
    <property name="java.class.path" value="C:\Users\TJ\eclipse-workspace\spring-boot-securityconfig-oidc-with-multiple-secrets\target\test-classes;C:\Users\TJ\eclipse-workspace\spring-boot-securityconfig-oidc-with-multiple-secrets\target\classes;C:\Users\TJ\.m2\repository\org\springframework\boot\spring-boot-starter-web\3.5.4\spring-boot-starter-web-3.5.4.jar;C:\Users\TJ\.m2\repository\org\springframework\boot\spring-boot-starter\3.5.4\spring-boot-starter-3.5.4.jar;C:\Users\TJ\.m2\repository\org\springframework\boot\spring-boot\3.5.4\spring-boot-3.5.4.jar;C:\Users\TJ\.m2\repository\org\springframework\boot\spring-boot-autoconfigure\3.5.4\spring-boot-autoconfigure-3.5.4.jar;C:\Users\TJ\.m2\repository\org\springframework\boot\spring-boot-starter-logging\3.5.4\spring-boot-starter-logging-3.5.4.jar;C:\Users\TJ\.m2\repository\ch\qos\logback\logback-classic\1.5.18\logback-classic-1.5.18.jar;C:\Users\TJ\.m2\repository\ch\qos\logback\logback-core\1.5.18\logback-core-1.5.18.jar;C:\Users\TJ\.m2\repository\org\apache\logging\log4j\log4j-to-slf4j\2.24.3\log4j-to-slf4j-2.24.3.jar;C:\Users\TJ\.m2\repository\org\apache\logging\log4j\log4j-api\2.24.3\log4j-api-2.24.3.jar;C:\Users\TJ\.m2\repository\org\slf4j\jul-to-slf4j\2.0.17\jul-to-slf4j-2.0.17.jar;C:\Users\TJ\.m2\repository\jakarta\annotation\jakarta.annotation-api\2.1.1\jakarta.annotation-api-2.1.1.jar;C:\Users\TJ\.m2\repository\org\yaml\snakeyaml\2.4\snakeyaml-2.4.jar;C:\Users\TJ\.m2\repository\org\springframework\boot\spring-boot-starter-json\3.5.4\spring-boot-starter-json-3.5.4.jar;C:\Users\TJ\.m2\repository\com\fasterxml\jackson\core\jackson-databind\2.19.2\jackson-databind-2.19.2.jar;C:\Users\TJ\.m2\repository\com\fasterxml\jackson\core\jackson-annotations\2.19.2\jackson-annotations-2.19.2.jar;C:\Users\TJ\.m2\repository\com\fasterxml\jackson\core\jackson-core\2.19.2\jackson-core-2.19.2.jar;C:\Users\TJ\.m2\repository\com\fasterxml\jackson\datatype\jackson-datatype-jdk8\2.19.2\jackson-datatype-jdk8-2.19.2.jar;C:\Users\TJ\.m2\repository\com\fasterxml\jackson\datatype\jackson-datatype-jsr310\2.19.2\jackson-datatype-jsr310-2.19.2.jar;C:\Users\TJ\.m2\repository\com\fasterxml\jackson\module\jackson-module-parameter-names\2.19.2\jackson-module-parameter-names-2.19.2.jar;C:\Users\TJ\.m2\repository\org\springframework\boot\spring-boot-starter-tomcat\3.5.4\spring-boot-starter-tomcat-3.5.4.jar;C:\Users\TJ\.m2\repository\org\apache\tomcat\embed\tomcat-embed-core\10.1.43\tomcat-embed-core-10.1.43.jar;C:\Users\TJ\.m2\repository\org\apache\tomcat\embed\tomcat-embed-el\10.1.43\tomcat-embed-el-10.1.43.jar;C:\Users\TJ\.m2\repository\org\apache\tomcat\embed\tomcat-embed-websocket\10.1.43\tomcat-embed-websocket-10.1.43.jar;C:\Users\TJ\.m2\repository\org\springframework\spring-web\6.2.9\spring-web-6.2.9.jar;C:\Users\TJ\.m2\repository\org\springframework\spring-beans\6.2.9\spring-beans-6.2.9.jar;C:\Users\TJ\.m2\repository\io\micrometer\micrometer-observation\1.15.2\micrometer-observation-1.15.2.jar;C:\Users\TJ\.m2\repository\io\micrometer\micrometer-commons\1.15.2\micrometer-commons-1.15.2.jar;C:\Users\TJ\.m2\repository\org\springframework\spring-webmvc\6.2.9\spring-webmvc-6.2.9.jar;C:\Users\TJ\.m2\repository\org\springframework\spring-context\6.2.9\spring-context-6.2.9.jar;C:\Users\TJ\.m2\repository\org\springframework\spring-expression\6.2.9\spring-expression-6.2.9.jar;C:\Users\TJ\.m2\repository\org\springframework\boot\spring-boot-starter-oauth2-client\3.5.4\spring-boot-starter-oauth2-client-3.5.4.jar;C:\Users\TJ\.m2\repository\org\springframework\security\spring-security-config\6.5.2\spring-security-config-6.5.2.jar;C:\Users\TJ\.m2\repository\org\springframework\security\spring-security-core\6.5.2\spring-security-core-6.5.2.jar;C:\Users\TJ\.m2\repository\org\springframework\security\spring-security-crypto\6.5.2\spring-security-crypto-6.5.2.jar;C:\Users\TJ\.m2\repository\org\springframework\security\spring-security-oauth2-client\6.5.2\spring-security-oauth2-client-6.5.2.jar;C:\Users\TJ\.m2\repository\org\springframework\security\spring-security-oauth2-core\6.5.2\spring-security-oauth2-core-6.5.2.jar;C:\Users\TJ\.m2\repository\com\nimbusds\oauth2-oidc-sdk\9.43.6\oauth2-oidc-sdk-9.43.6.jar;C:\Users\TJ\.m2\repository\com\github\stephenc\jcip\jcip-annotations\1.0-1\jcip-annotations-1.0-1.jar;C:\Users\TJ\.m2\repository\com\nimbusds\content-type\2.2\content-type-2.2.jar;C:\Users\TJ\.m2\repository\com\nimbusds\lang-tag\1.7\lang-tag-1.7.jar;C:\Users\TJ\.m2\repository\org\springframework\security\spring-security-oauth2-jose\6.5.2\spring-security-oauth2-jose-6.5.2.jar;C:\Users\TJ\.m2\repository\com\nimbusds\nimbus-jose-jwt\9.37.3\nimbus-jose-jwt-9.37.3.jar;C:\Users\TJ\.m2\repository\org\springframework\boot\spring-boot-starter-oauth2-resource-server\3.5.4\spring-boot-starter-oauth2-resource-server-3.5.4.jar;C:\Users\TJ\.m2\repository\org\springframework\security\spring-security-oauth2-resource-server\6.5.2\spring-security-oauth2-resource-server-6.5.2.jar;C:\Users\TJ\.m2\repository\org\springframework\boot\spring-boot-starter-security\3.5.4\spring-boot-starter-security-3.5.4.jar;C:\Users\TJ\.m2\repository\org\springframework\spring-aop\6.2.9\spring-aop-6.2.9.jar;C:\Users\TJ\.m2\repository\org\springframework\security\spring-security-web\6.5.2\spring-security-web-6.5.2.jar;C:\Users\TJ\.m2\repository\org\springframework\boot\spring-boot-starter-thymeleaf\3.5.4\spring-boot-starter-thymeleaf-3.5.4.jar;C:\Users\TJ\.m2\repository\org\thymeleaf\thymeleaf-spring6\3.1.3.RELEASE\thymeleaf-spring6-3.1.3.RELEASE.jar;C:\Users\TJ\.m2\repository\org\thymeleaf\thymeleaf\3.1.3.RELEASE\thymeleaf-3.1.3.RELEASE.jar;C:\Users\TJ\.m2\repository\org\attoparser\attoparser\2.0.7.RELEASE\attoparser-2.0.7.RELEASE.jar;C:\Users\TJ\.m2\repository\org\unbescape\unbescape\1.1.6.RELEASE\unbescape-1.1.6.RELEASE.jar;C:\Users\TJ\.m2\repository\org\thymeleaf\extras\thymeleaf-extras-springsecurity6\3.1.3.RELEASE\thymeleaf-extras-springsecurity6-3.1.3.RELEASE.jar;C:\Users\TJ\.m2\repository\org\slf4j\slf4j-api\2.0.17\slf4j-api-2.0.17.jar;C:\Users\TJ\.m2\repository\org\springframework\boot\spring-boot-configuration-processor\3.5.4\spring-boot-configuration-processor-3.5.4.jar;C:\Users\TJ\.m2\repository\org\projectlombok\lombok\1.18.38\lombok-1.18.38.jar;C:\Users\TJ\.m2\repository\org\springframework\boot\spring-boot-starter-test\3.5.4\spring-boot-starter-test-3.5.4.jar;C:\Users\TJ\.m2\repository\org\springframework\boot\spring-boot-test\3.5.4\spring-boot-test-3.5.4.jar;C:\Users\TJ\.m2\repository\org\springframework\boot\spring-boot-test-autoconfigure\3.5.4\spring-boot-test-autoconfigure-3.5.4.jar;C:\Users\TJ\.m2\repository\com\jayway\jsonpath\json-path\2.9.0\json-path-2.9.0.jar;C:\Users\TJ\.m2\repository\jakarta\xml\bind\jakarta.xml.bind-api\4.0.2\jakarta.xml.bind-api-4.0.2.jar;C:\Users\TJ\.m2\repository\jakarta\activation\jakarta.activation-api\2.1.3\jakarta.activation-api-2.1.3.jar;C:\Users\TJ\.m2\repository\net\minidev\json-smart\2.5.2\json-smart-2.5.2.jar;C:\Users\TJ\.m2\repository\net\minidev\accessors-smart\2.5.2\accessors-smart-2.5.2.jar;C:\Users\TJ\.m2\repository\org\ow2\asm\asm\9.7.1\asm-9.7.1.jar;C:\Users\TJ\.m2\repository\org\assertj\assertj-core\3.27.3\assertj-core-3.27.3.jar;C:\Users\TJ\.m2\repository\net\bytebuddy\byte-buddy\1.17.6\byte-buddy-1.17.6.jar;C:\Users\TJ\.m2\repository\org\awaitility\awaitility\4.2.2\awaitility-4.2.2.jar;C:\Users\TJ\.m2\repository\org\hamcrest\hamcrest\3.0\hamcrest-3.0.jar;C:\Users\TJ\.m2\repository\org\junit\jupiter\junit-jupiter\5.12.2\junit-jupiter-5.12.2.jar;C:\Users\TJ\.m2\repository\org\junit\jupiter\junit-jupiter-api\5.12.2\junit-jupiter-api-5.12.2.jar;C:\Users\TJ\.m2\repository\org\opentest4j\opentest4j\1.3.0\opentest4j-1.3.0.jar;C:\Users\TJ\.m2\repository\org\junit\platform\junit-platform-commons\1.12.2\junit-platform-commons-1.12.2.jar;C:\Users\TJ\.m2\repository\org\apiguardian\apiguardian-api\1.1.2\apiguardian-api-1.1.2.jar;C:\Users\TJ\.m2\repository\org\junit\jupiter\junit-jupiter-params\5.12.2\junit-jupiter-params-5.12.2.jar;C:\Users\TJ\.m2\repository\org\junit\jupiter\junit-jupiter-engine\5.12.2\junit-jupiter-engine-5.12.2.jar;C:\Users\TJ\.m2\repository\org\junit\platform\junit-platform-engine\1.12.2\junit-platform-engine-1.12.2.jar;C:\Users\TJ\.m2\repository\org\mockito\mockito-core\5.17.0\mockito-core-5.17.0.jar;C:\Users\TJ\.m2\repository\net\bytebuddy\byte-buddy-agent\1.17.6\byte-buddy-agent-1.17.6.jar;C:\Users\TJ\.m2\repository\org\objenesis\objenesis\3.3\objenesis-3.3.jar;C:\Users\TJ\.m2\repository\org\mockito\mockito-junit-jupiter\5.17.0\mockito-junit-jupiter-5.17.0.jar;C:\Users\TJ\.m2\repository\org\skyscreamer\jsonassert\1.5.3\jsonassert-1.5.3.jar;C:\Users\TJ\.m2\repository\com\vaadin\external\google\android-json\0.0.20131108.vaadin1\android-json-0.0.20131108.vaadin1.jar;C:\Users\TJ\.m2\repository\org\springframework\spring-core\6.2.9\spring-core-6.2.9.jar;C:\Users\TJ\.m2\repository\org\springframework\spring-jcl\6.2.9\spring-jcl-6.2.9.jar;C:\Users\TJ\.m2\repository\org\springframework\spring-test\6.2.9\spring-test-6.2.9.jar;C:\Users\TJ\.m2\repository\org\xmlunit\xmlunit-core\2.10.3\xmlunit-core-2.10.3.jar;C:\Users\TJ\.m2\repository\org\springframework\security\spring-security-test\6.5.2\spring-security-test-6.5.2.jar;"/>
    <property name="java.vm.vendor" value="Eclipse Adoptium"/>
    <property name="sun.arch.data.model" value="64"/>
    <property name="user.variant" value=""/>
    <property name="java.vendor.url" value="https://adoptium.net/"/>
    <property name="user.timezone" value="America/Chicago"/>
    <property name="os.name" value="Windows 11"/>
    <property name="java.vm.specification.version" value="21"/>
    <property name="APPLICATION_NAME" value="oidc-multi-secret-demo"/>
    <property name="sun.java.launcher" value="SUN_STANDARD"/>
    <property name="user.country" value="US"/>
    <property name="sun.boot.library.path" value="C:\Program Files\Eclipse Adoptium\jdk-21.0.5.11-hotspot\bin"/>
    <property name="sun.java.command" value="C:\Users\TJ\AppData\Local\Temp\surefire1962062159113199414\surefirebooter-20250803172238267_3.jar C:\Users\TJ\AppData\Local\Temp\surefire1962062159113199414 2025-08-03T17-22-38_117-jvmRun1 surefire-20250803172238267_1tmp surefire_0-20250803172238267_2tmp"/>
    <property name="jdk.debug" value="release"/>
    <property name="surefire.test.class.path" value="C:\Users\TJ\eclipse-workspace\spring-boot-securityconfig-oidc-with-multiple-secrets\target\test-classes;C:\Users\TJ\eclipse-workspace\spring-boot-securityconfig-oidc-with-multiple-secrets\target\classes;C:\Users\TJ\.m2\repository\org\springframework\boot\spring-boot-starter-web\3.5.4\spring-boot-starter-web-3.5.4.jar;C:\Users\TJ\.m2\repository\org\springframework\boot\spring-boot-starter\3.5.4\spring-boot-starter-3.5.4.jar;C:\Users\TJ\.m2\repository\org\springframework\boot\spring-boot\3.5.4\spring-boot-3.5.4.jar;C:\Users\TJ\.m2\repository\org\springframework\boot\spring-boot-autoconfigure\3.5.4\spring-boot-autoconfigure-3.5.4.jar;C:\Users\TJ\.m2\repository\org\springframework\boot\spring-boot-starter-logging\3.5.4\spring-boot-starter-logging-3.5.4.jar;C:\Users\TJ\.m2\repository\ch\qos\logback\logback-classic\1.5.18\logback-classic-1.5.18.jar;C:\Users\TJ\.m2\repository\ch\qos\logback\logback-core\1.5.18\logback-core-1.5.18.jar;C:\Users\TJ\.m2\repository\org\apache\logging\log4j\log4j-to-slf4j\2.24.3\log4j-to-slf4j-2.24.3.jar;C:\Users\TJ\.m2\repository\org\apache\logging\log4j\log4j-api\2.24.3\log4j-api-2.24.3.jar;C:\Users\TJ\.m2\repository\org\slf4j\jul-to-slf4j\2.0.17\jul-to-slf4j-2.0.17.jar;C:\Users\TJ\.m2\repository\jakarta\annotation\jakarta.annotation-api\2.1.1\jakarta.annotation-api-2.1.1.jar;C:\Users\TJ\.m2\repository\org\yaml\snakeyaml\2.4\snakeyaml-2.4.jar;C:\Users\TJ\.m2\repository\org\springframework\boot\spring-boot-starter-json\3.5.4\spring-boot-starter-json-3.5.4.jar;C:\Users\TJ\.m2\repository\com\fasterxml\jackson\core\jackson-databind\2.19.2\jackson-databind-2.19.2.jar;C:\Users\TJ\.m2\repository\com\fasterxml\jackson\core\jackson-annotations\2.19.2\jackson-annotations-2.19.2.jar;C:\Users\TJ\.m2\repository\com\fasterxml\jackson\core\jackson-core\2.19.2\jackson-core-2.19.2.jar;C:\Users\TJ\.m2\repository\com\fasterxml\jackson\datatype\jackson-datatype-jdk8\2.19.2\jackson-datatype-jdk8-2.19.2.jar;C:\Users\TJ\.m2\repository\com\fasterxml\jackson\datatype\jackson-datatype-jsr310\2.19.2\jackson-datatype-jsr310-2.19.2.jar;C:\Users\TJ\.m2\repository\com\fasterxml\jackson\module\jackson-module-parameter-names\2.19.2\jackson-module-parameter-names-2.19.2.jar;C:\Users\TJ\.m2\repository\org\springframework\boot\spring-boot-starter-tomcat\3.5.4\spring-boot-starter-tomcat-3.5.4.jar;C:\Users\TJ\.m2\repository\org\apache\tomcat\embed\tomcat-embed-core\10.1.43\tomcat-embed-core-10.1.43.jar;C:\Users\TJ\.m2\repository\org\apache\tomcat\embed\tomcat-embed-el\10.1.43\tomcat-embed-el-10.1.43.jar;C:\Users\TJ\.m2\repository\org\apache\tomcat\embed\tomcat-embed-websocket\10.1.43\tomcat-embed-websocket-10.1.43.jar;C:\Users\TJ\.m2\repository\org\springframework\spring-web\6.2.9\spring-web-6.2.9.jar;C:\Users\TJ\.m2\repository\org\springframework\spring-beans\6.2.9\spring-beans-6.2.9.jar;C:\Users\TJ\.m2\repository\io\micrometer\micrometer-observation\1.15.2\micrometer-observation-1.15.2.jar;C:\Users\TJ\.m2\repository\io\micrometer\micrometer-commons\1.15.2\micrometer-commons-1.15.2.jar;C:\Users\TJ\.m2\repository\org\springframework\spring-webmvc\6.2.9\spring-webmvc-6.2.9.jar;C:\Users\TJ\.m2\repository\org\springframework\spring-context\6.2.9\spring-context-6.2.9.jar;C:\Users\TJ\.m2\repository\org\springframework\spring-expression\6.2.9\spring-expression-6.2.9.jar;C:\Users\TJ\.m2\repository\org\springframework\boot\spring-boot-starter-oauth2-client\3.5.4\spring-boot-starter-oauth2-client-3.5.4.jar;C:\Users\TJ\.m2\repository\org\springframework\security\spring-security-config\6.5.2\spring-security-config-6.5.2.jar;C:\Users\TJ\.m2\repository\org\springframework\security\spring-security-core\6.5.2\spring-security-core-6.5.2.jar;C:\Users\TJ\.m2\repository\org\springframework\security\spring-security-crypto\6.5.2\spring-security-crypto-6.5.2.jar;C:\Users\TJ\.m2\repository\org\springframework\security\spring-security-oauth2-client\6.5.2\spring-security-oauth2-client-6.5.2.jar;C:\Users\TJ\.m2\repository\org\springframework\security\spring-security-oauth2-core\6.5.2\spring-security-oauth2-core-6.5.2.jar;C:\Users\TJ\.m2\repository\com\nimbusds\oauth2-oidc-sdk\9.43.6\oauth2-oidc-sdk-9.43.6.jar;C:\Users\TJ\.m2\repository\com\github\stephenc\jcip\jcip-annotations\1.0-1\jcip-annotations-1.0-1.jar;C:\Users\TJ\.m2\repository\com\nimbusds\content-type\2.2\content-type-2.2.jar;C:\Users\TJ\.m2\repository\com\nimbusds\lang-tag\1.7\lang-tag-1.7.jar;C:\Users\TJ\.m2\repository\org\springframework\security\spring-security-oauth2-jose\6.5.2\spring-security-oauth2-jose-6.5.2.jar;C:\Users\TJ\.m2\repository\com\nimbusds\nimbus-jose-jwt\9.37.3\nimbus-jose-jwt-9.37.3.jar;C:\Users\TJ\.m2\repository\org\springframework\boot\spring-boot-starter-oauth2-resource-server\3.5.4\spring-boot-starter-oauth2-resource-server-3.5.4.jar;C:\Users\TJ\.m2\repository\org\springframework\security\spring-security-oauth2-resource-server\6.5.2\spring-security-oauth2-resource-server-6.5.2.jar;C:\Users\TJ\.m2\repository\org\springframework\boot\spring-boot-starter-security\3.5.4\spring-boot-starter-security-3.5.4.jar;C:\Users\TJ\.m2\repository\org\springframework\spring-aop\6.2.9\spring-aop-6.2.9.jar;C:\Users\TJ\.m2\repository\org\springframework\security\spring-security-web\6.5.2\spring-security-web-6.5.2.jar;C:\Users\TJ\.m2\repository\org\springframework\boot\spring-boot-starter-thymeleaf\3.5.4\spring-boot-starter-thymeleaf-3.5.4.jar;C:\Users\TJ\.m2\repository\org\thymeleaf\thymeleaf-spring6\3.1.3.RELEASE\thymeleaf-spring6-3.1.3.RELEASE.jar;C:\Users\TJ\.m2\repository\org\thymeleaf\thymeleaf\3.1.3.RELEASE\thymeleaf-3.1.3.RELEASE.jar;C:\Users\TJ\.m2\repository\org\attoparser\attoparser\2.0.7.RELEASE\attoparser-2.0.7.RELEASE.jar;C:\Users\TJ\.m2\repository\org\unbescape\unbescape\1.1.6.RELEASE\unbescape-1.1.6.RELEASE.jar;C:\Users\TJ\.m2\repository\org\thymeleaf\extras\thymeleaf-extras-springsecurity6\3.1.3.RELEASE\thymeleaf-extras-springsecurity6-3.1.3.RELEASE.jar;C:\Users\TJ\.m2\repository\org\slf4j\slf4j-api\2.0.17\slf4j-api-2.0.17.jar;C:\Users\TJ\.m2\repository\org\springframework\boot\spring-boot-configuration-processor\3.5.4\spring-boot-configuration-processor-3.5.4.jar;C:\Users\TJ\.m2\repository\org\projectlombok\lombok\1.18.38\lombok-1.18.38.jar;C:\Users\TJ\.m2\repository\org\springframework\boot\spring-boot-starter-test\3.5.4\spring-boot-starter-test-3.5.4.jar;C:\Users\TJ\.m2\repository\org\springframework\boot\spring-boot-test\3.5.4\spring-boot-test-3.5.4.jar;C:\Users\TJ\.m2\repository\org\springframework\boot\spring-boot-test-autoconfigure\3.5.4\spring-boot-test-autoconfigure-3.5.4.jar;C:\Users\TJ\.m2\repository\com\jayway\jsonpath\json-path\2.9.0\json-path-2.9.0.jar;C:\Users\TJ\.m2\repository\jakarta\xml\bind\jakarta.xml.bind-api\4.0.2\jakarta.xml.bind-api-4.0.2.jar;C:\Users\TJ\.m2\repository\jakarta\activation\jakarta.activation-api\2.1.3\jakarta.activation-api-2.1.3.jar;C:\Users\TJ\.m2\repository\net\minidev\json-smart\2.5.2\json-smart-2.5.2.jar;C:\Users\TJ\.m2\repository\net\minidev\accessors-smart\2.5.2\accessors-smart-2.5.2.jar;C:\Users\TJ\.m2\repository\org\ow2\asm\asm\9.7.1\asm-9.7.1.jar;C:\Users\TJ\.m2\repository\org\assertj\assertj-core\3.27.3\assertj-core-3.27.3.jar;C:\Users\TJ\.m2\repository\net\bytebuddy\byte-buddy\1.17.6\byte-buddy-1.17.6.jar;C:\Users\TJ\.m2\repository\org\awaitility\awaitility\4.2.2\awaitility-4.2.2.jar;C:\Users\TJ\.m2\repository\org\hamcrest\hamcrest\3.0\hamcrest-3.0.jar;C:\Users\TJ\.m2\repository\org\junit\jupiter\junit-jupiter\5.12.2\junit-jupiter-5.12.2.jar;C:\Users\TJ\.m2\repository\org\junit\jupiter\junit-jupiter-api\5.12.2\junit-jupiter-api-5.12.2.jar;C:\Users\TJ\.m2\repository\org\opentest4j\opentest4j\1.3.0\opentest4j-1.3.0.jar;C:\Users\TJ\.m2\repository\org\junit\platform\junit-platform-commons\1.12.2\junit-platform-commons-1.12.2.jar;C:\Users\TJ\.m2\repository\org\apiguardian\apiguardian-api\1.1.2\apiguardian-api-1.1.2.jar;C:\Users\TJ\.m2\repository\org\junit\jupiter\junit-jupiter-params\5.12.2\junit-jupiter-params-5.12.2.jar;C:\Users\TJ\.m2\repository\org\junit\jupiter\junit-jupiter-engine\5.12.2\junit-jupiter-engine-5.12.2.jar;C:\Users\TJ\.m2\repository\org\junit\platform\junit-platform-engine\1.12.2\junit-platform-engine-1.12.2.jar;C:\Users\TJ\.m2\repository\org\mockito\mockito-core\5.17.0\mockito-core-5.17.0.jar;C:\Users\TJ\.m2\repository\net\bytebuddy\byte-buddy-agent\1.17.6\byte-buddy-agent-1.17.6.jar;C:\Users\TJ\.m2\repository\org\objenesis\objenesis\3.3\objenesis-3.3.jar;C:\Users\TJ\.m2\repository\org\mockito\mockito-junit-jupiter\5.17.0\mockito-junit-jupiter-5.17.0.jar;C:\Users\TJ\.m2\repository\org\skyscreamer\jsonassert\1.5.3\jsonassert-1.5.3.jar;C:\Users\TJ\.m2\repository\com\vaadin\external\google\android-json\0.0.20131108.vaadin1\android-json-0.0.20131108.vaadin1.jar;C:\Users\TJ\.m2\repository\org\springframework\spring-core\6.2.9\spring-core-6.2.9.jar;C:\Users\TJ\.m2\repository\org\springframework\spring-jcl\6.2.9\spring-jcl-6.2.9.jar;C:\Users\TJ\.m2\repository\org\springframework\spring-test\6.2.9\spring-test-6.2.9.jar;C:\Users\TJ\.m2\repository\org\xmlunit\xmlunit-core\2.10.3\xmlunit-core-2.10.3.jar;C:\Users\TJ\.m2\repository\org\springframework\security\spring-security-test\6.5.2\spring-security-test-6.5.2.jar;"/>
    <property name="sun.cpu.endian" value="little"/>
    <property name="user.home" value="C:\Users\TJ"/>
    <property name="user.language" value="en"/>
    <property name="java.specification.vendor" value="Oracle Corporation"/>
    <property name="java.version.date" value="2024-10-15"/>
    <property name="java.home" value="C:\Program Files\Eclipse Adoptium\jdk-21.0.5.11-hotspot"/>
    <property name="file.separator" value="\"/>
    <property name="basedir" value="C:\Users\TJ\eclipse-workspace\spring-boot-securityconfig-oidc-with-multiple-secrets"/>
    <property name="java.vm.compressedOopsMode" value="Zero based"/>
    <property name="line.separator" value="&#10;"/>
    <property name="java.vm.specification.vendor" value="Oracle Corporation"/>
    <property name="java.specification.name" value="Java Platform API Specification"/>
    <property name="FILE_LOG_CHARSET" value="UTF-8"/>
    <property name="java.awt.headless" value="true"/>
    <property name="surefire.real.class.path" value="C:\Users\TJ\AppData\Local\Temp\surefire1962062159113199414\surefirebooter-20250803172238267_3.jar"/>
    <property name="user.script" value=""/>
    <property name="sun.management.compiler" value="HotSpot 64-Bit Tiered Compilers"/>
    <property name="java.runtime.version" value="21.0.5+11-LTS"/>
    <property name="user.name" value="TJ"/>
    <property name="stdout.encoding" value="Cp1252"/>
    <property name="path.separator" value=";"/>
    <property name="os.version" value="10.0"/>
    <property name="java.runtime.name" value="OpenJDK Runtime Environment"/>
    <property name="file.encoding" value="UTF-8"/>
    <property name="FILE_LOG_PATTERN" value="%d{yyyy-MM-dd HH:mm:ss} [%thread] [correlationId=%X{correlationId:-N/A}] [transactionId=%X{transactionId:-N/A}] %-5level %logger{36} - %msg%n"/>
    <property name="java.vm.name" value="OpenJDK 64-Bit Server VM"/>
    <property name="java.vendor.version" value="Temurin-21.0.5+11"/>
    <property name="localRepository" value="C:\Users\TJ\.m2\repository"/>
    <property name="java.vendor.url.bug" value="https://github.com/adoptium/adoptium-support/issues"/>
    <property name="java.io.tmpdir" value="C:\Users\TJ\AppData\Local\Temp\"/>
    <property name="java.version" value="21.0.5"/>
    <property name="user.dir" value="C:\Users\TJ\eclipse-workspace\spring-boot-securityconfig-oidc-with-multiple-secrets"/>
    <property name="os.arch" value="amd64"/>
    <property name="java.vm.specification.name" value="Java Virtual Machine Specification"/>
    <property name="PID" value="23052"/>
    <property name="sun.os.patch.level" value=""/>
    <property name="CONSOLE_LOG_CHARSET" value="UTF-8"/>
    <property name="native.encoding" value="Cp1252"/>
    <property name="java.library.path" value="C:\Program Files\Eclipse Adoptium\jdk-21.0.5.11-hotspot\bin;C:\WINDOWS\Sun\Java\bin;C:\WINDOWS\system32;C:\WINDOWS;C:\Program Files\Git\mingw64\bin;C:\Program Files\Git\usr\bin;C:\Users\TJ\bin;C:\Program Files\Eclipse Adoptium\jdk-21.0.5.11-hotspot\bin;C:\Program Files\Eclipse Adoptium\jdk-17.0.13.11-hotspot\bin;C:\Program Files\Python313\Scripts;C:\Program Files\Python313;C:\Python312\Scripts;C:\Python312;C:\Program Files\Microsoft\jdk-21.0.5.11-hotspot\bin;C:\Program Files\Microsoft\jdk-17.0.13.11-hotspot\bin;C:\WINDOWS\system32;C:\WINDOWS;C:\WINDOWS\System32\Wbem;C:\WINDOWS\System32\WindowsPowerShell\v1.0;C:\WINDOWS\System32\OpenSSH;C:\ProgramData\chocolatey\bin;C:\Program Files\Apache\Maven\apache-maven-3.9.9\bin;C:\Program Files\Git\cmd;C:\Program Files\Git LFS;C:\Program Files\nodejs;C:\Program Files\Docker\Docker\resources\bin;C:\Program Files\PowerShell\7;C:\Users\TJ\AppData\Local\Microsoft\WindowsApps;C:\Users\TJ\AppData\Local\Programs\Microsoft VS Code\bin;C:\Program Files\JetBrains\IntelliJ IDEA Community Edition 2024.3\bin;C:\Users\TJ\AppData\Local\JetBrains\Toolbox\scripts;C:\Users\TJ\AppData\Roaming\npm;."/>
    <property name="java.vm.info" value="mixed mode, sharing"/>
    <property name="stderr.encoding" value="Cp1252"/>
    <property name="java.vendor" value="Eclipse Adoptium"/>
    <property name="java.vm.version" value="21.0.5+11-LTS"/>
    <property name="sun.io.unicode.encoding" value="UnicodeLittle"/>
    <property name="java.class.version" value="65.0"/>
    <property name="CONSOLE_LOG_PATTERN" value="%d{yyyy-MM-dd HH:mm:ss} - %msg [%thread] [correlationId=%X{correlationId:-N/A}] [transactionId=%X{transactionId:-N/A}] %logger{36} - %n"/>
    <property name="LOGGED_APPLICATION_NAME" value="[oidc-multi-secret-demo] "/>
  </properties>
  <testcase name="testWebEndpoint_WithInvalidatedSession_RedirectsToLogin" classname="com.example.oidc.config.SessionExpiryTest" time="0.043">
    <system-out><![CDATA[17:22:40.210 [main] INFO org.springframework.test.context.support.AnnotationConfigContextLoaderUtils -- Could not detect default configuration classes for test class [com.example.oidc.config.SessionExpiryTest]: SessionExpiryTest does not declare any static, non-private, non-final, nested classes annotated with @Configuration.
17:22:40.357 [main] INFO org.springframework.boot.test.context.SpringBootTestContextBootstrapper -- Found @SpringBootConfiguration com.example.oidc.OidcMultiSecretApplication for test class com.example.oidc.config.SessionExpiryTest

  .   ____          _            __ _ _
 /\\ / ___'_ __ _ _(_)_ __  __ _ \ \ \ \
( ( )\___ | '_ | '_| | '_ \/ _` | \ \ \ \
 \\/  ___)| |_)| | | | | || (_| |  ) ) ) )
  '  |____| .__|_| |_|_| |_\__, | / / / /
 =========|_|==============|___/=/_/_/_/

 :: Spring Boot ::                (v3.5.4)

2025-08-03 17:22:40 - Starting SessionExpiryTest using Java 21.0.5 with PID 23052 (started by TJ in C:\Users\TJ\eclipse-workspace\spring-boot-securityconfig-oidc-with-multiple-secrets) [main] [correlationId=N/A] [transactionId=N/A] c.e.oidc.config.SessionExpiryTest - 
2025-08-03 17:22:40 - Running with Spring Boot v3.5.4, Spring v6.2.9 [main] [correlationId=N/A] [transactionId=N/A] c.e.oidc.config.SessionExpiryTest - 
2025-08-03 17:22:40 - No active profile set, falling back to 1 default profile: "default" [main] [correlationId=N/A] [transactionId=N/A] c.e.oidc.config.SessionExpiryTest - 
2025-08-03 17:22:41 - Initialized 3 client registrations for secret rotation [main] [correlationId=N/A] [transactionId=N/A] c.e.o.c.ClientRegistrationWithMultiSecretSupport - 
2025-08-03 17:22:41 - Multiple secrets detected (3), starting internal polling process [main] [correlationId=N/A] [transactionId=N/A] c.e.o.c.ClientRegistrationRepositoryWithMultiSecretSupport - 
2025-08-03 17:22:41 - Adding welcome page template: index [main] [correlationId=N/A] [transactionId=N/A] o.s.b.a.w.s.WelcomePageHandlerMapping - 
2025-08-03 17:22:41 - No authenticationProviders and no parentAuthenticationManager defined. Returning null. [main] [correlationId=N/A] [transactionId=N/A] o.s.s.c.a.a.c.AuthenticationConfiguration$DefaultPasswordEncoderAuthenticationManagerBuilder - 
2025-08-03 17:22:42 - Will secure any request with filters: DisableEncodeUrlFilter, CorrelationIdFilter, WebAsyncManagerIntegrationFilter, SecurityContextHolderFilter, HeaderWriterFilter, CorsFilter, OidcBackChannelLogoutFilter, CsrfFilter, LogoutFilter, OAuth2AuthorizationRequestRedirectFilter, OAuth2LoginAuthenticationFilter, OidcTokenRefreshFilter, ConcurrentSessionFilter, RequestCacheAwareFilter, SecurityContextHolderAwareRequestFilter, AnonymousAuthenticationFilter, SessionManagementFilter, ExceptionTranslationFilter, AuthorizationFilter [main] [correlationId=N/A] [transactionId=N/A] o.s.s.web.DefaultSecurityFilterChain - 
2025-08-03 17:22:42 - Filter 'correlationIdFilter' configured for use [main] [correlationId=N/A] [transactionId=N/A] c.e.oidc.filter.CorrelationIdFilter - 
2025-08-03 17:22:42 - Filter 'oidcTokenRefreshFilter' configured for use [main] [correlationId=N/A] [transactionId=N/A] c.e.o.s.OidcTokenRefreshFilter - 
2025-08-03 17:22:42 - Initializing Spring TestDispatcherServlet '' [main] [correlationId=N/A] [transactionId=N/A] o.s.b.t.m.w.SpringBootMockServletContext - 
2025-08-03 17:22:42 - Initializing Servlet '' [main] [correlationId=N/A] [transactionId=N/A] o.s.t.w.s.TestDispatcherServlet - 
2025-08-03 17:22:42 - Completed initialization in 0 ms [main] [correlationId=N/A] [transactionId=N/A] o.s.t.w.s.TestDispatcherServlet - 
2025-08-03 17:22:42 - Started SessionExpiryTest in 1.977 seconds (process running for 4.097) [main] [correlationId=N/A] [transactionId=N/A] c.e.oidc.config.SessionExpiryTest - 
2025-08-03 17:22:42 - No correlation ID found in request headers, generated new: corr-89decda86a85482784f63c2df78abd7c [main] [correlationId=N/A] [transactionId=N/A] c.e.oidc.filter.CorrelationIdFilter - 
2025-08-03 17:22:42 - Processing request with correlationId: corr-89decda86a85482784f63c2df78abd7c and transactionId: txn-6aa5228e17b445e9a1355a3b04baa3b2 [main] [correlationId=corr-89decda86a85482784f63c2df78abd7c] [transactionId=txn-6aa5228e17b445e9a1355a3b04baa3b2] c.e.oidc.filter.CorrelationIdFilter - 
2025-08-03 17:22:42 - Securing GET /home [main] [correlationId=corr-89decda86a85482784f63c2df78abd7c] [transactionId=txn-6aa5228e17b445e9a1355a3b04baa3b2] o.s.security.web.FilterChainProxy - 
2025-08-03 17:22:42 - Set SecurityContextHolder to anonymous SecurityContext [main] [correlationId=corr-89decda86a85482784f63c2df78abd7c] [transactionId=txn-6aa5228e17b445e9a1355a3b04baa3b2] o.s.s.w.a.AnonymousAuthenticationFilter - 
2025-08-03 17:22:42 - Saved request http://localhost/home?continue to session [main] [correlationId=corr-89decda86a85482784f63c2df78abd7c] [transactionId=txn-6aa5228e17b445e9a1355a3b04baa3b2] o.s.s.w.s.HttpSessionRequestCache - 
2025-08-03 17:22:42 - Trying to match using com.example.oidc.config.SecurityConfig$$Lambda/0x0000014a27618210@33f81280 [main] [correlationId=corr-89decda86a85482784f63c2df78abd7c] [transactionId=txn-6aa5228e17b445e9a1355a3b04baa3b2] o.s.s.w.a.DelegatingAuthenticationEntryPoint - 
2025-08-03 17:22:42 - Trying to match using com.example.oidc.config.SecurityConfig$$Lambda/0x0000014a27618430@3a0e7f89 [main] [correlationId=corr-89decda86a85482784f63c2df78abd7c] [transactionId=txn-6aa5228e17b445e9a1355a3b04baa3b2] o.s.s.w.a.DelegatingAuthenticationEntryPoint - 
2025-08-03 17:22:42 - Match found! Executing org.springframework.security.web.authentication.LoginUrlAuthenticationEntryPoint@682fe17b [main] [correlationId=corr-89decda86a85482784f63c2df78abd7c] [transactionId=txn-6aa5228e17b445e9a1355a3b04baa3b2] o.s.s.w.a.DelegatingAuthenticationEntryPoint - 
2025-08-03 17:22:42 - Redirecting to http://localhost/login [main] [correlationId=corr-89decda86a85482784f63c2df78abd7c] [transactionId=txn-6aa5228e17b445e9a1355a3b04baa3b2] o.s.s.web.DefaultRedirectStrategy - 
]]></system-out>
  </testcase>
  <testcase name="testApiEndpoint_WithInvalidatedSession_Returns401" classname="com.example.oidc.config.SessionExpiryTest" time="0.008">
    <system-out><![CDATA[2025-08-03 17:22:42 - No correlation ID found in request headers, generated new: corr-0c521dc16ab0417ab9c19fd9fd7ca3c3 [main] [correlationId=N/A] [transactionId=N/A] c.e.oidc.filter.CorrelationIdFilter - 
2025-08-03 17:22:42 - Processing request with correlationId: corr-0c521dc16ab0417ab9c19fd9fd7ca3c3 and transactionId: txn-0fe2b6a002294bb78524449abfcd3f7e [main] [correlationId=corr-0c521dc16ab0417ab9c19fd9fd7ca3c3] [transactionId=txn-0fe2b6a002294bb78524449abfcd3f7e] c.e.oidc.filter.CorrelationIdFilter - 
2025-08-03 17:22:42 - Securing GET /api/user [main] [correlationId=corr-0c521dc16ab0417ab9c19fd9fd7ca3c3] [transactionId=txn-0fe2b6a002294bb78524449abfcd3f7e] o.s.security.web.FilterChainProxy - 
2025-08-03 17:22:42 - Set SecurityContextHolder to anonymous SecurityContext [main] [correlationId=corr-0c521dc16ab0417ab9c19fd9fd7ca3c3] [transactionId=txn-0fe2b6a002294bb78524449abfcd3f7e] o.s.s.w.a.AnonymousAuthenticationFilter - 
2025-08-03 17:22:42 - Saved request http://localhost/api/user?continue to session [main] [correlationId=corr-0c521dc16ab0417ab9c19fd9fd7ca3c3] [transactionId=txn-0fe2b6a002294bb78524449abfcd3f7e] o.s.s.w.s.HttpSessionRequestCache - 
2025-08-03 17:22:42 - Trying to match using com.example.oidc.config.SecurityConfig$$Lambda/0x0000014a27618210@33f81280 [main] [correlationId=corr-0c521dc16ab0417ab9c19fd9fd7ca3c3] [transactionId=txn-0fe2b6a002294bb78524449abfcd3f7e] o.s.s.w.a.DelegatingAuthenticationEntryPoint - 
2025-08-03 17:22:42 - Match found! Executing com.example.oidc.config.SecurityConfig$$Lambda/0x0000014a27618000@54e680fe [main] [correlationId=corr-0c521dc16ab0417ab9c19fd9fd7ca3c3] [transactionId=txn-0fe2b6a002294bb78524449abfcd3f7e] o.s.s.w.a.DelegatingAuthenticationEntryPoint - 
2025-08-03 17:22:42 - No correlation ID found in request headers, generated new: corr-94c8088ce02f408dba4905ffc3d73a7d [main] [correlationId=N/A] [transactionId=N/A] c.e.oidc.filter.CorrelationIdFilter - 
2025-08-03 17:22:42 - Processing request with correlationId: corr-94c8088ce02f408dba4905ffc3d73a7d and transactionId: txn-62e48939951249498897bc72ea810bcb [main] [correlationId=corr-94c8088ce02f408dba4905ffc3d73a7d] [transactionId=txn-62e48939951249498897bc72ea810bcb] c.e.oidc.filter.CorrelationIdFilter - 
2025-08-03 17:22:42 - Securing GET /api/user [main] [correlationId=corr-94c8088ce02f408dba4905ffc3d73a7d] [transactionId=txn-62e48939951249498897bc72ea810bcb] o.s.security.web.FilterChainProxy - 
2025-08-03 17:22:42 - Set SecurityContextHolder to anonymous SecurityContext [main] [correlationId=corr-94c8088ce02f408dba4905ffc3d73a7d] [transactionId=txn-62e48939951249498897bc72ea810bcb] o.s.s.w.a.AnonymousAuthenticationFilter - 
2025-08-03 17:22:42 - Saved request http://localhost/api/user?continue to session [main] [correlationId=corr-94c8088ce02f408dba4905ffc3d73a7d] [transactionId=txn-62e48939951249498897bc72ea810bcb] o.s.s.w.s.HttpSessionRequestCache - 
2025-08-03 17:22:42 - Trying to match using com.example.oidc.config.SecurityConfig$$Lambda/0x0000014a27618210@33f81280 [main] [correlationId=corr-94c8088ce02f408dba4905ffc3d73a7d] [transactionId=txn-62e48939951249498897bc72ea810bcb] o.s.s.w.a.DelegatingAuthenticationEntryPoint - 
2025-08-03 17:22:42 - Match found! Executing com.example.oidc.config.SecurityConfig$$Lambda/0x0000014a27618000@54e680fe [main] [correlationId=corr-94c8088ce02f408dba4905ffc3d73a7d] [transactionId=txn-62e48939951249498897bc72ea810bcb] o.s.s.w.a.DelegatingAuthenticationEntryPoint - 
]]></system-out>
  </testcase>
  <testcase name="testApiEndpoint_NoSession_Returns401" classname="com.example.oidc.config.SessionExpiryTest" time="0.003">
    <system-out><![CDATA[2025-08-03 17:22:42 - No correlation ID found in request headers, generated new: corr-ebb622c5ad63433da5abffddad78eda6 [main] [correlationId=N/A] [transactionId=N/A] c.e.oidc.filter.CorrelationIdFilter - 
2025-08-03 17:22:42 - Processing request with correlationId: corr-ebb622c5ad63433da5abffddad78eda6 and transactionId: txn-3e280edbfa6e421e94fff30b69006e9e [main] [correlationId=corr-ebb622c5ad63433da5abffddad78eda6] [transactionId=txn-3e280edbfa6e421e94fff30b69006e9e] c.e.oidc.filter.CorrelationIdFilter - 
2025-08-03 17:22:42 - Securing GET /api/user [main] [correlationId=corr-ebb622c5ad63433da5abffddad78eda6] [transactionId=txn-3e280edbfa6e421e94fff30b69006e9e] o.s.security.web.FilterChainProxy - 
2025-08-03 17:22:42 - Set SecurityContextHolder to anonymous SecurityContext [main] [correlationId=corr-ebb622c5ad63433da5abffddad78eda6] [transactionId=txn-3e280edbfa6e421e94fff30b69006e9e] o.s.s.w.a.AnonymousAuthenticationFilter - 
2025-08-03 17:22:42 - Saved request http://localhost/api/user?continue to session [main] [correlationId=corr-ebb622c5ad63433da5abffddad78eda6] [transactionId=txn-3e280edbfa6e421e94fff30b69006e9e] o.s.s.w.s.HttpSessionRequestCache - 
2025-08-03 17:22:42 - Trying to match using com.example.oidc.config.SecurityConfig$$Lambda/0x0000014a27618210@33f81280 [main] [correlationId=corr-ebb622c5ad63433da5abffddad78eda6] [transactionId=txn-3e280edbfa6e421e94fff30b69006e9e] o.s.s.w.a.DelegatingAuthenticationEntryPoint - 
2025-08-03 17:22:42 - Match found! Executing com.example.oidc.config.SecurityConfig$$Lambda/0x0000014a27618000@54e680fe [main] [correlationId=corr-ebb622c5ad63433da5abffddad78eda6] [transactionId=txn-3e280edbfa6e421e94fff30b69006e9e] o.s.s.w.a.DelegatingAuthenticationEntryPoint - 
]]></system-out>
  </testcase>
  <testcase name="testApiEndpoint_WithValidSession_Returns200" classname="com.example.oidc.config.SessionExpiryTest" time="0.086">
    <system-out><![CDATA[2025-08-03 17:22:42 - Created HttpSession as SecurityContext is non-default [main] [correlationId=N/A] [transactionId=N/A] o.s.s.w.c.HttpSessionSecurityContextRepository - 
2025-08-03 17:22:42 - Stored SecurityContextImpl [Authentication=UsernamePasswordAuthenticationToken [Principal=org.springframework.security.core.userdetails.User [Username=user, Password=[PROTECTED], Enabled=true, AccountNonExpired=true, CredentialsNonExpired=true, AccountNonLocked=true, Granted Authorities=[ROLE_USER]], Credentials=[PROTECTED], Authenticated=true, Details=null, Granted Authorities=[ROLE_USER]]] to HttpSession [org.springframework.mock.web.MockHttpSession@46c2189e] [main] [correlationId=N/A] [transactionId=N/A] o.s.s.w.c.HttpSessionSecurityContextRepository - 
2025-08-03 17:22:42 - No correlation ID found in request headers, generated new: corr-008e315094764383a3d4c4220d1b961f [main] [correlationId=N/A] [transactionId=N/A] c.e.oidc.filter.CorrelationIdFilter - 
2025-08-03 17:22:42 - Processing request with correlationId: corr-008e315094764383a3d4c4220d1b961f and transactionId: txn-460ae3e125834a28b45fa8bd1a019f3f [main] [correlationId=corr-008e315094764383a3d4c4220d1b961f] [transactionId=txn-460ae3e125834a28b45fa8bd1a019f3f] c.e.oidc.filter.CorrelationIdFilter - 
2025-08-03 17:22:42 - Securing GET /api/health [main] [correlationId=corr-008e315094764383a3d4c4220d1b961f] [transactionId=txn-460ae3e125834a28b45fa8bd1a019f3f] o.s.security.web.FilterChainProxy - 
2025-08-03 17:22:42 - Retrieved SecurityContextImpl [Authentication=UsernamePasswordAuthenticationToken [Principal=org.springframework.security.core.userdetails.User [Username=user, Password=[PROTECTED], Enabled=true, AccountNonExpired=true, CredentialsNonExpired=true, AccountNonLocked=true, Granted Authorities=[ROLE_USER]], Credentials=[PROTECTED], Authenticated=true, Details=null, Granted Authorities=[ROLE_USER]]] [main] [correlationId=corr-008e315094764383a3d4c4220d1b961f] [transactionId=txn-460ae3e125834a28b45fa8bd1a019f3f] o.s.s.w.c.HttpSessionSecurityContextRepository - 
2025-08-03 17:22:42 - Secured GET /api/health [main] [correlationId=corr-008e315094764383a3d4c4220d1b961f] [transactionId=txn-460ae3e125834a28b45fa8bd1a019f3f] o.s.security.web.FilterChainProxy - 
2025-08-03 17:22:42 - Health check endpoint called [main] [correlationId=corr-008e315094764383a3d4c4220d1b961f] [transactionId=txn-460ae3e125834a28b45fa8bd1a019f3f] c.e.oidc.controller.ApiController - 
]]></system-out>
  </testcase>
  <testcase name="testWebEndpoint_NoSession_RedirectsToLogin" classname="com.example.oidc.config.SessionExpiryTest" time="0.007">
    <system-out><![CDATA[2025-08-03 17:22:42 - No correlation ID found in request headers, generated new: corr-5ba3ff1b3e6f4c42b28771ad32aaf2a8 [main] [correlationId=N/A] [transactionId=N/A] c.e.oidc.filter.CorrelationIdFilter - 
2025-08-03 17:22:42 - Processing request with correlationId: corr-5ba3ff1b3e6f4c42b28771ad32aaf2a8 and transactionId: txn-f7c8e73aef3b4f36ac30ce98a0206ac6 [main] [correlationId=corr-5ba3ff1b3e6f4c42b28771ad32aaf2a8] [transactionId=txn-f7c8e73aef3b4f36ac30ce98a0206ac6] c.e.oidc.filter.CorrelationIdFilter - 
2025-08-03 17:22:42 - Securing GET /home [main] [correlationId=corr-5ba3ff1b3e6f4c42b28771ad32aaf2a8] [transactionId=txn-f7c8e73aef3b4f36ac30ce98a0206ac6] o.s.security.web.FilterChainProxy - 
2025-08-03 17:22:42 - Set SecurityContextHolder to anonymous SecurityContext [main] [correlationId=corr-5ba3ff1b3e6f4c42b28771ad32aaf2a8] [transactionId=txn-f7c8e73aef3b4f36ac30ce98a0206ac6] o.s.s.w.a.AnonymousAuthenticationFilter - 
2025-08-03 17:22:42 - Saved request http://localhost/home?continue to session [main] [correlationId=corr-5ba3ff1b3e6f4c42b28771ad32aaf2a8] [transactionId=txn-f7c8e73aef3b4f36ac30ce98a0206ac6] o.s.s.w.s.HttpSessionRequestCache - 
2025-08-03 17:22:42 - Trying to match using com.example.oidc.config.SecurityConfig$$Lambda/0x0000014a27618210@33f81280 [main] [correlationId=corr-5ba3ff1b3e6f4c42b28771ad32aaf2a8] [transactionId=txn-f7c8e73aef3b4f36ac30ce98a0206ac6] o.s.s.w.a.DelegatingAuthenticationEntryPoint - 
2025-08-03 17:22:42 - Trying to match using com.example.oidc.config.SecurityConfig$$Lambda/0x0000014a27618430@3a0e7f89 [main] [correlationId=corr-5ba3ff1b3e6f4c42b28771ad32aaf2a8] [transactionId=txn-f7c8e73aef3b4f36ac30ce98a0206ac6] o.s.s.w.a.DelegatingAuthenticationEntryPoint - 
2025-08-03 17:22:42 - Match found! Executing org.springframework.security.web.authentication.LoginUrlAuthenticationEntryPoint@682fe17b [main] [correlationId=corr-5ba3ff1b3e6f4c42b28771ad32aaf2a8] [transactionId=txn-f7c8e73aef3b4f36ac30ce98a0206ac6] o.s.s.w.a.DelegatingAuthenticationEntryPoint - 
2025-08-03 17:22:42 - Redirecting to http://localhost/login [main] [correlationId=corr-5ba3ff1b3e6f4c42b28771ad32aaf2a8] [transactionId=txn-f7c8e73aef3b4f36ac30ce98a0206ac6] o.s.s.web.DefaultRedirectStrategy - 
]]></system-out>
  </testcase>
</testsuite>