<?xml version="1.0" encoding="UTF-8"?>
<testsuite xmlns:xsi="http://www.w3.org/2001/XMLSchema-instance" xsi:noNamespaceSchemaLocation="https://maven.apache.org/surefire/maven-surefire-plugin/xsd/surefire-test-report.xsd" version="3.0.2" name="com.example.oidc.security.ApiAuthenticationTest" time="2.1" tests="10" errors="0" skipped="0" failures="0">
  <properties>
    <property name="java.specification.version" value="21"/>
    <property name="sun.cpu.isalist" value="amd64"/>
    <property name="sun.jnu.encoding" value="Cp1252"/>
    <property name="java.class.path" value="C:\Users\TJ\eclipse-workspace\spring-boot-securityconfig-oidc-with-multiple-secrets\target\test-classes;C:\Users\TJ\eclipse-workspace\spring-boot-securityconfig-oidc-with-multiple-secrets\target\classes;C:\Users\TJ\.m2\repository\org\springframework\boot\spring-boot-starter-web\3.5.4\spring-boot-starter-web-3.5.4.jar;C:\Users\TJ\.m2\repository\org\springframework\boot\spring-boot-starter\3.5.4\spring-boot-starter-3.5.4.jar;C:\Users\TJ\.m2\repository\org\springframework\boot\spring-boot\3.5.4\spring-boot-3.5.4.jar;C:\Users\TJ\.m2\repository\org\springframework\boot\spring-boot-autoconfigure\3.5.4\spring-boot-autoconfigure-3.5.4.jar;C:\Users\TJ\.m2\repository\org\springframework\boot\spring-boot-starter-logging\3.5.4\spring-boot-starter-logging-3.5.4.jar;C:\Users\TJ\.m2\repository\ch\qos\logback\logback-classic\1.5.18\logback-classic-1.5.18.jar;C:\Users\TJ\.m2\repository\ch\qos\logback\logback-core\1.5.18\logback-core-1.5.18.jar;C:\Users\TJ\.m2\repository\org\apache\logging\log4j\log4j-to-slf4j\2.24.3\log4j-to-slf4j-2.24.3.jar;C:\Users\TJ\.m2\repository\org\apache\logging\log4j\log4j-api\2.24.3\log4j-api-2.24.3.jar;C:\Users\TJ\.m2\repository\org\slf4j\jul-to-slf4j\2.0.17\jul-to-slf4j-2.0.17.jar;C:\Users\TJ\.m2\repository\jakarta\annotation\jakarta.annotation-api\2.1.1\jakarta.annotation-api-2.1.1.jar;C:\Users\TJ\.m2\repository\org\yaml\snakeyaml\2.4\snakeyaml-2.4.jar;C:\Users\TJ\.m2\repository\org\springframework\boot\spring-boot-starter-json\3.5.4\spring-boot-starter-json-3.5.4.jar;C:\Users\TJ\.m2\repository\com\fasterxml\jackson\core\jackson-databind\2.19.2\jackson-databind-2.19.2.jar;C:\Users\TJ\.m2\repository\com\fasterxml\jackson\core\jackson-annotations\2.19.2\jackson-annotations-2.19.2.jar;C:\Users\TJ\.m2\repository\com\fasterxml\jackson\core\jackson-core\2.19.2\jackson-core-2.19.2.jar;C:\Users\TJ\.m2\repository\com\fasterxml\jackson\datatype\jackson-datatype-jdk8\2.19.2\jackson-datatype-jdk8-2.19.2.jar;C:\Users\TJ\.m2\repository\com\fasterxml\jackson\datatype\jackson-datatype-jsr310\2.19.2\jackson-datatype-jsr310-2.19.2.jar;C:\Users\TJ\.m2\repository\com\fasterxml\jackson\module\jackson-module-parameter-names\2.19.2\jackson-module-parameter-names-2.19.2.jar;C:\Users\TJ\.m2\repository\org\springframework\boot\spring-boot-starter-tomcat\3.5.4\spring-boot-starter-tomcat-3.5.4.jar;C:\Users\TJ\.m2\repository\org\apache\tomcat\embed\tomcat-embed-core\10.1.43\tomcat-embed-core-10.1.43.jar;C:\Users\TJ\.m2\repository\org\apache\tomcat\embed\tomcat-embed-el\10.1.43\tomcat-embed-el-10.1.43.jar;C:\Users\TJ\.m2\repository\org\apache\tomcat\embed\tomcat-embed-websocket\10.1.43\tomcat-embed-websocket-10.1.43.jar;C:\Users\TJ\.m2\repository\org\springframework\spring-web\6.2.9\spring-web-6.2.9.jar;C:\Users\TJ\.m2\repository\org\springframework\spring-beans\6.2.9\spring-beans-6.2.9.jar;C:\Users\TJ\.m2\repository\io\micrometer\micrometer-observation\1.15.2\micrometer-observation-1.15.2.jar;C:\Users\TJ\.m2\repository\io\micrometer\micrometer-commons\1.15.2\micrometer-commons-1.15.2.jar;C:\Users\TJ\.m2\repository\org\springframework\spring-webmvc\6.2.9\spring-webmvc-6.2.9.jar;C:\Users\TJ\.m2\repository\org\springframework\spring-context\6.2.9\spring-context-6.2.9.jar;C:\Users\TJ\.m2\repository\org\springframework\spring-expression\6.2.9\spring-expression-6.2.9.jar;C:\Users\TJ\.m2\repository\org\springframework\boot\spring-boot-starter-oauth2-client\3.5.4\spring-boot-starter-oauth2-client-3.5.4.jar;C:\Users\TJ\.m2\repository\org\springframework\security\spring-security-config\6.5.2\spring-security-config-6.5.2.jar;C:\Users\TJ\.m2\repository\org\springframework\security\spring-security-core\6.5.2\spring-security-core-6.5.2.jar;C:\Users\TJ\.m2\repository\org\springframework\security\spring-security-crypto\6.5.2\spring-security-crypto-6.5.2.jar;C:\Users\TJ\.m2\repository\org\springframework\security\spring-security-oauth2-client\6.5.2\spring-security-oauth2-client-6.5.2.jar;C:\Users\TJ\.m2\repository\org\springframework\security\spring-security-oauth2-core\6.5.2\spring-security-oauth2-core-6.5.2.jar;C:\Users\TJ\.m2\repository\com\nimbusds\oauth2-oidc-sdk\9.43.6\oauth2-oidc-sdk-9.43.6.jar;C:\Users\TJ\.m2\repository\com\github\stephenc\jcip\jcip-annotations\1.0-1\jcip-annotations-1.0-1.jar;C:\Users\TJ\.m2\repository\com\nimbusds\content-type\2.2\content-type-2.2.jar;C:\Users\TJ\.m2\repository\com\nimbusds\lang-tag\1.7\lang-tag-1.7.jar;C:\Users\TJ\.m2\repository\org\springframework\security\spring-security-oauth2-jose\6.5.2\spring-security-oauth2-jose-6.5.2.jar;C:\Users\TJ\.m2\repository\com\nimbusds\nimbus-jose-jwt\9.37.3\nimbus-jose-jwt-9.37.3.jar;C:\Users\TJ\.m2\repository\org\springframework\boot\spring-boot-starter-oauth2-resource-server\3.5.4\spring-boot-starter-oauth2-resource-server-3.5.4.jar;C:\Users\TJ\.m2\repository\org\springframework\security\spring-security-oauth2-resource-server\6.5.2\spring-security-oauth2-resource-server-6.5.2.jar;C:\Users\TJ\.m2\repository\org\springframework\boot\spring-boot-starter-security\3.5.4\spring-boot-starter-security-3.5.4.jar;C:\Users\TJ\.m2\repository\org\springframework\spring-aop\6.2.9\spring-aop-6.2.9.jar;C:\Users\TJ\.m2\repository\org\springframework\security\spring-security-web\6.5.2\spring-security-web-6.5.2.jar;C:\Users\TJ\.m2\repository\org\springframework\boot\spring-boot-starter-thymeleaf\3.5.4\spring-boot-starter-thymeleaf-3.5.4.jar;C:\Users\TJ\.m2\repository\org\thymeleaf\thymeleaf-spring6\3.1.3.RELEASE\thymeleaf-spring6-3.1.3.RELEASE.jar;C:\Users\TJ\.m2\repository\org\thymeleaf\thymeleaf\3.1.3.RELEASE\thymeleaf-3.1.3.RELEASE.jar;C:\Users\TJ\.m2\repository\org\attoparser\attoparser\2.0.7.RELEASE\attoparser-2.0.7.RELEASE.jar;C:\Users\TJ\.m2\repository\org\unbescape\unbescape\1.1.6.RELEASE\unbescape-1.1.6.RELEASE.jar;C:\Users\TJ\.m2\repository\org\thymeleaf\extras\thymeleaf-extras-springsecurity6\3.1.3.RELEASE\thymeleaf-extras-springsecurity6-3.1.3.RELEASE.jar;C:\Users\TJ\.m2\repository\org\slf4j\slf4j-api\2.0.17\slf4j-api-2.0.17.jar;C:\Users\TJ\.m2\repository\org\springframework\boot\spring-boot-configuration-processor\3.5.4\spring-boot-configuration-processor-3.5.4.jar;C:\Users\TJ\.m2\repository\org\projectlombok\lombok\1.18.38\lombok-1.18.38.jar;C:\Users\TJ\.m2\repository\org\springframework\boot\spring-boot-starter-test\3.5.4\spring-boot-starter-test-3.5.4.jar;C:\Users\TJ\.m2\repository\org\springframework\boot\spring-boot-test\3.5.4\spring-boot-test-3.5.4.jar;C:\Users\TJ\.m2\repository\org\springframework\boot\spring-boot-test-autoconfigure\3.5.4\spring-boot-test-autoconfigure-3.5.4.jar;C:\Users\TJ\.m2\repository\com\jayway\jsonpath\json-path\2.9.0\json-path-2.9.0.jar;C:\Users\TJ\.m2\repository\jakarta\xml\bind\jakarta.xml.bind-api\4.0.2\jakarta.xml.bind-api-4.0.2.jar;C:\Users\TJ\.m2\repository\jakarta\activation\jakarta.activation-api\2.1.3\jakarta.activation-api-2.1.3.jar;C:\Users\TJ\.m2\repository\net\minidev\json-smart\2.5.2\json-smart-2.5.2.jar;C:\Users\TJ\.m2\repository\net\minidev\accessors-smart\2.5.2\accessors-smart-2.5.2.jar;C:\Users\TJ\.m2\repository\org\ow2\asm\asm\9.7.1\asm-9.7.1.jar;C:\Users\TJ\.m2\repository\org\assertj\assertj-core\3.27.3\assertj-core-3.27.3.jar;C:\Users\TJ\.m2\repository\net\bytebuddy\byte-buddy\1.17.6\byte-buddy-1.17.6.jar;C:\Users\TJ\.m2\repository\org\awaitility\awaitility\4.2.2\awaitility-4.2.2.jar;C:\Users\TJ\.m2\repository\org\hamcrest\hamcrest\3.0\hamcrest-3.0.jar;C:\Users\TJ\.m2\repository\org\junit\jupiter\junit-jupiter\5.12.2\junit-jupiter-5.12.2.jar;C:\Users\TJ\.m2\repository\org\junit\jupiter\junit-jupiter-api\5.12.2\junit-jupiter-api-5.12.2.jar;C:\Users\TJ\.m2\repository\org\opentest4j\opentest4j\1.3.0\opentest4j-1.3.0.jar;C:\Users\TJ\.m2\repository\org\junit\platform\junit-platform-commons\1.12.2\junit-platform-commons-1.12.2.jar;C:\Users\TJ\.m2\repository\org\apiguardian\apiguardian-api\1.1.2\apiguardian-api-1.1.2.jar;C:\Users\TJ\.m2\repository\org\junit\jupiter\junit-jupiter-params\5.12.2\junit-jupiter-params-5.12.2.jar;C:\Users\TJ\.m2\repository\org\junit\jupiter\junit-jupiter-engine\5.12.2\junit-jupiter-engine-5.12.2.jar;C:\Users\TJ\.m2\repository\org\junit\platform\junit-platform-engine\1.12.2\junit-platform-engine-1.12.2.jar;C:\Users\TJ\.m2\repository\org\mockito\mockito-core\5.17.0\mockito-core-5.17.0.jar;C:\Users\TJ\.m2\repository\net\bytebuddy\byte-buddy-agent\1.17.6\byte-buddy-agent-1.17.6.jar;C:\Users\TJ\.m2\repository\org\objenesis\objenesis\3.3\objenesis-3.3.jar;C:\Users\TJ\.m2\repository\org\mockito\mockito-junit-jupiter\5.17.0\mockito-junit-jupiter-5.17.0.jar;C:\Users\TJ\.m2\repository\org\skyscreamer\jsonassert\1.5.3\jsonassert-1.5.3.jar;C:\Users\TJ\.m2\repository\com\vaadin\external\google\android-json\0.0.20131108.vaadin1\android-json-0.0.20131108.vaadin1.jar;C:\Users\TJ\.m2\repository\org\springframework\spring-core\6.2.9\spring-core-6.2.9.jar;C:\Users\TJ\.m2\repository\org\springframework\spring-jcl\6.2.9\spring-jcl-6.2.9.jar;C:\Users\TJ\.m2\repository\org\springframework\spring-test\6.2.9\spring-test-6.2.9.jar;C:\Users\TJ\.m2\repository\org\xmlunit\xmlunit-core\2.10.3\xmlunit-core-2.10.3.jar;C:\Users\TJ\.m2\repository\org\springframework\security\spring-security-test\6.5.2\spring-security-test-6.5.2.jar;"/>
    <property name="java.vm.vendor" value="Eclipse Adoptium"/>
    <property name="sun.arch.data.model" value="64"/>
    <property name="user.variant" value=""/>
    <property name="java.vendor.url" value="https://adoptium.net/"/>
    <property name="user.timezone" value="America/Chicago"/>
    <property name="os.name" value="Windows 11"/>
    <property name="java.vm.specification.version" value="21"/>
    <property name="APPLICATION_NAME" value="oidc-multi-secret-demo"/>
    <property name="sun.java.launcher" value="SUN_STANDARD"/>
    <property name="user.country" value="US"/>
    <property name="sun.boot.library.path" value="C:\Program Files\Eclipse Adoptium\jdk-21.0.5.11-hotspot\bin"/>
    <property name="sun.java.command" value="C:\Users\TJ\AppData\Local\Temp\surefire9494849571416601395\surefirebooter-20250803173031220_3.jar C:\Users\TJ\AppData\Local\Temp\surefire9494849571416601395 2025-08-03T17-30-31_126-jvmRun1 surefire-20250803173031220_1tmp surefire_0-20250803173031220_2tmp"/>
    <property name="jdk.debug" value="release"/>
    <property name="surefire.test.class.path" value="C:\Users\TJ\eclipse-workspace\spring-boot-securityconfig-oidc-with-multiple-secrets\target\test-classes;C:\Users\TJ\eclipse-workspace\spring-boot-securityconfig-oidc-with-multiple-secrets\target\classes;C:\Users\TJ\.m2\repository\org\springframework\boot\spring-boot-starter-web\3.5.4\spring-boot-starter-web-3.5.4.jar;C:\Users\TJ\.m2\repository\org\springframework\boot\spring-boot-starter\3.5.4\spring-boot-starter-3.5.4.jar;C:\Users\TJ\.m2\repository\org\springframework\boot\spring-boot\3.5.4\spring-boot-3.5.4.jar;C:\Users\TJ\.m2\repository\org\springframework\boot\spring-boot-autoconfigure\3.5.4\spring-boot-autoconfigure-3.5.4.jar;C:\Users\TJ\.m2\repository\org\springframework\boot\spring-boot-starter-logging\3.5.4\spring-boot-starter-logging-3.5.4.jar;C:\Users\TJ\.m2\repository\ch\qos\logback\logback-classic\1.5.18\logback-classic-1.5.18.jar;C:\Users\TJ\.m2\repository\ch\qos\logback\logback-core\1.5.18\logback-core-1.5.18.jar;C:\Users\TJ\.m2\repository\org\apache\logging\log4j\log4j-to-slf4j\2.24.3\log4j-to-slf4j-2.24.3.jar;C:\Users\TJ\.m2\repository\org\apache\logging\log4j\log4j-api\2.24.3\log4j-api-2.24.3.jar;C:\Users\TJ\.m2\repository\org\slf4j\jul-to-slf4j\2.0.17\jul-to-slf4j-2.0.17.jar;C:\Users\TJ\.m2\repository\jakarta\annotation\jakarta.annotation-api\2.1.1\jakarta.annotation-api-2.1.1.jar;C:\Users\TJ\.m2\repository\org\yaml\snakeyaml\2.4\snakeyaml-2.4.jar;C:\Users\TJ\.m2\repository\org\springframework\boot\spring-boot-starter-json\3.5.4\spring-boot-starter-json-3.5.4.jar;C:\Users\TJ\.m2\repository\com\fasterxml\jackson\core\jackson-databind\2.19.2\jackson-databind-2.19.2.jar;C:\Users\TJ\.m2\repository\com\fasterxml\jackson\core\jackson-annotations\2.19.2\jackson-annotations-2.19.2.jar;C:\Users\TJ\.m2\repository\com\fasterxml\jackson\core\jackson-core\2.19.2\jackson-core-2.19.2.jar;C:\Users\TJ\.m2\repository\com\fasterxml\jackson\datatype\jackson-datatype-jdk8\2.19.2\jackson-datatype-jdk8-2.19.2.jar;C:\Users\TJ\.m2\repository\com\fasterxml\jackson\datatype\jackson-datatype-jsr310\2.19.2\jackson-datatype-jsr310-2.19.2.jar;C:\Users\TJ\.m2\repository\com\fasterxml\jackson\module\jackson-module-parameter-names\2.19.2\jackson-module-parameter-names-2.19.2.jar;C:\Users\TJ\.m2\repository\org\springframework\boot\spring-boot-starter-tomcat\3.5.4\spring-boot-starter-tomcat-3.5.4.jar;C:\Users\TJ\.m2\repository\org\apache\tomcat\embed\tomcat-embed-core\10.1.43\tomcat-embed-core-10.1.43.jar;C:\Users\TJ\.m2\repository\org\apache\tomcat\embed\tomcat-embed-el\10.1.43\tomcat-embed-el-10.1.43.jar;C:\Users\TJ\.m2\repository\org\apache\tomcat\embed\tomcat-embed-websocket\10.1.43\tomcat-embed-websocket-10.1.43.jar;C:\Users\TJ\.m2\repository\org\springframework\spring-web\6.2.9\spring-web-6.2.9.jar;C:\Users\TJ\.m2\repository\org\springframework\spring-beans\6.2.9\spring-beans-6.2.9.jar;C:\Users\TJ\.m2\repository\io\micrometer\micrometer-observation\1.15.2\micrometer-observation-1.15.2.jar;C:\Users\TJ\.m2\repository\io\micrometer\micrometer-commons\1.15.2\micrometer-commons-1.15.2.jar;C:\Users\TJ\.m2\repository\org\springframework\spring-webmvc\6.2.9\spring-webmvc-6.2.9.jar;C:\Users\TJ\.m2\repository\org\springframework\spring-context\6.2.9\spring-context-6.2.9.jar;C:\Users\TJ\.m2\repository\org\springframework\spring-expression\6.2.9\spring-expression-6.2.9.jar;C:\Users\TJ\.m2\repository\org\springframework\boot\spring-boot-starter-oauth2-client\3.5.4\spring-boot-starter-oauth2-client-3.5.4.jar;C:\Users\TJ\.m2\repository\org\springframework\security\spring-security-config\6.5.2\spring-security-config-6.5.2.jar;C:\Users\TJ\.m2\repository\org\springframework\security\spring-security-core\6.5.2\spring-security-core-6.5.2.jar;C:\Users\TJ\.m2\repository\org\springframework\security\spring-security-crypto\6.5.2\spring-security-crypto-6.5.2.jar;C:\Users\TJ\.m2\repository\org\springframework\security\spring-security-oauth2-client\6.5.2\spring-security-oauth2-client-6.5.2.jar;C:\Users\TJ\.m2\repository\org\springframework\security\spring-security-oauth2-core\6.5.2\spring-security-oauth2-core-6.5.2.jar;C:\Users\TJ\.m2\repository\com\nimbusds\oauth2-oidc-sdk\9.43.6\oauth2-oidc-sdk-9.43.6.jar;C:\Users\TJ\.m2\repository\com\github\stephenc\jcip\jcip-annotations\1.0-1\jcip-annotations-1.0-1.jar;C:\Users\TJ\.m2\repository\com\nimbusds\content-type\2.2\content-type-2.2.jar;C:\Users\TJ\.m2\repository\com\nimbusds\lang-tag\1.7\lang-tag-1.7.jar;C:\Users\TJ\.m2\repository\org\springframework\security\spring-security-oauth2-jose\6.5.2\spring-security-oauth2-jose-6.5.2.jar;C:\Users\TJ\.m2\repository\com\nimbusds\nimbus-jose-jwt\9.37.3\nimbus-jose-jwt-9.37.3.jar;C:\Users\TJ\.m2\repository\org\springframework\boot\spring-boot-starter-oauth2-resource-server\3.5.4\spring-boot-starter-oauth2-resource-server-3.5.4.jar;C:\Users\TJ\.m2\repository\org\springframework\security\spring-security-oauth2-resource-server\6.5.2\spring-security-oauth2-resource-server-6.5.2.jar;C:\Users\TJ\.m2\repository\org\springframework\boot\spring-boot-starter-security\3.5.4\spring-boot-starter-security-3.5.4.jar;C:\Users\TJ\.m2\repository\org\springframework\spring-aop\6.2.9\spring-aop-6.2.9.jar;C:\Users\TJ\.m2\repository\org\springframework\security\spring-security-web\6.5.2\spring-security-web-6.5.2.jar;C:\Users\TJ\.m2\repository\org\springframework\boot\spring-boot-starter-thymeleaf\3.5.4\spring-boot-starter-thymeleaf-3.5.4.jar;C:\Users\TJ\.m2\repository\org\thymeleaf\thymeleaf-spring6\3.1.3.RELEASE\thymeleaf-spring6-3.1.3.RELEASE.jar;C:\Users\TJ\.m2\repository\org\thymeleaf\thymeleaf\3.1.3.RELEASE\thymeleaf-3.1.3.RELEASE.jar;C:\Users\TJ\.m2\repository\org\attoparser\attoparser\2.0.7.RELEASE\attoparser-2.0.7.RELEASE.jar;C:\Users\TJ\.m2\repository\org\unbescape\unbescape\1.1.6.RELEASE\unbescape-1.1.6.RELEASE.jar;C:\Users\TJ\.m2\repository\org\thymeleaf\extras\thymeleaf-extras-springsecurity6\3.1.3.RELEASE\thymeleaf-extras-springsecurity6-3.1.3.RELEASE.jar;C:\Users\TJ\.m2\repository\org\slf4j\slf4j-api\2.0.17\slf4j-api-2.0.17.jar;C:\Users\TJ\.m2\repository\org\springframework\boot\spring-boot-configuration-processor\3.5.4\spring-boot-configuration-processor-3.5.4.jar;C:\Users\TJ\.m2\repository\org\projectlombok\lombok\1.18.38\lombok-1.18.38.jar;C:\Users\TJ\.m2\repository\org\springframework\boot\spring-boot-starter-test\3.5.4\spring-boot-starter-test-3.5.4.jar;C:\Users\TJ\.m2\repository\org\springframework\boot\spring-boot-test\3.5.4\spring-boot-test-3.5.4.jar;C:\Users\TJ\.m2\repository\org\springframework\boot\spring-boot-test-autoconfigure\3.5.4\spring-boot-test-autoconfigure-3.5.4.jar;C:\Users\TJ\.m2\repository\com\jayway\jsonpath\json-path\2.9.0\json-path-2.9.0.jar;C:\Users\TJ\.m2\repository\jakarta\xml\bind\jakarta.xml.bind-api\4.0.2\jakarta.xml.bind-api-4.0.2.jar;C:\Users\TJ\.m2\repository\jakarta\activation\jakarta.activation-api\2.1.3\jakarta.activation-api-2.1.3.jar;C:\Users\TJ\.m2\repository\net\minidev\json-smart\2.5.2\json-smart-2.5.2.jar;C:\Users\TJ\.m2\repository\net\minidev\accessors-smart\2.5.2\accessors-smart-2.5.2.jar;C:\Users\TJ\.m2\repository\org\ow2\asm\asm\9.7.1\asm-9.7.1.jar;C:\Users\TJ\.m2\repository\org\assertj\assertj-core\3.27.3\assertj-core-3.27.3.jar;C:\Users\TJ\.m2\repository\net\bytebuddy\byte-buddy\1.17.6\byte-buddy-1.17.6.jar;C:\Users\TJ\.m2\repository\org\awaitility\awaitility\4.2.2\awaitility-4.2.2.jar;C:\Users\TJ\.m2\repository\org\hamcrest\hamcrest\3.0\hamcrest-3.0.jar;C:\Users\TJ\.m2\repository\org\junit\jupiter\junit-jupiter\5.12.2\junit-jupiter-5.12.2.jar;C:\Users\TJ\.m2\repository\org\junit\jupiter\junit-jupiter-api\5.12.2\junit-jupiter-api-5.12.2.jar;C:\Users\TJ\.m2\repository\org\opentest4j\opentest4j\1.3.0\opentest4j-1.3.0.jar;C:\Users\TJ\.m2\repository\org\junit\platform\junit-platform-commons\1.12.2\junit-platform-commons-1.12.2.jar;C:\Users\TJ\.m2\repository\org\apiguardian\apiguardian-api\1.1.2\apiguardian-api-1.1.2.jar;C:\Users\TJ\.m2\repository\org\junit\jupiter\junit-jupiter-params\5.12.2\junit-jupiter-params-5.12.2.jar;C:\Users\TJ\.m2\repository\org\junit\jupiter\junit-jupiter-engine\5.12.2\junit-jupiter-engine-5.12.2.jar;C:\Users\TJ\.m2\repository\org\junit\platform\junit-platform-engine\1.12.2\junit-platform-engine-1.12.2.jar;C:\Users\TJ\.m2\repository\org\mockito\mockito-core\5.17.0\mockito-core-5.17.0.jar;C:\Users\TJ\.m2\repository\net\bytebuddy\byte-buddy-agent\1.17.6\byte-buddy-agent-1.17.6.jar;C:\Users\TJ\.m2\repository\org\objenesis\objenesis\3.3\objenesis-3.3.jar;C:\Users\TJ\.m2\repository\org\mockito\mockito-junit-jupiter\5.17.0\mockito-junit-jupiter-5.17.0.jar;C:\Users\TJ\.m2\repository\org\skyscreamer\jsonassert\1.5.3\jsonassert-1.5.3.jar;C:\Users\TJ\.m2\repository\com\vaadin\external\google\android-json\0.0.20131108.vaadin1\android-json-0.0.20131108.vaadin1.jar;C:\Users\TJ\.m2\repository\org\springframework\spring-core\6.2.9\spring-core-6.2.9.jar;C:\Users\TJ\.m2\repository\org\springframework\spring-jcl\6.2.9\spring-jcl-6.2.9.jar;C:\Users\TJ\.m2\repository\org\springframework\spring-test\6.2.9\spring-test-6.2.9.jar;C:\Users\TJ\.m2\repository\org\xmlunit\xmlunit-core\2.10.3\xmlunit-core-2.10.3.jar;C:\Users\TJ\.m2\repository\org\springframework\security\spring-security-test\6.5.2\spring-security-test-6.5.2.jar;"/>
    <property name="sun.cpu.endian" value="little"/>
    <property name="user.home" value="C:\Users\TJ"/>
    <property name="user.language" value="en"/>
    <property name="java.specification.vendor" value="Oracle Corporation"/>
    <property name="java.version.date" value="2024-10-15"/>
    <property name="java.home" value="C:\Program Files\Eclipse Adoptium\jdk-21.0.5.11-hotspot"/>
    <property name="file.separator" value="\"/>
    <property name="basedir" value="C:\Users\TJ\eclipse-workspace\spring-boot-securityconfig-oidc-with-multiple-secrets"/>
    <property name="java.vm.compressedOopsMode" value="Zero based"/>
    <property name="line.separator" value="&#10;"/>
    <property name="java.vm.specification.vendor" value="Oracle Corporation"/>
    <property name="java.specification.name" value="Java Platform API Specification"/>
    <property name="FILE_LOG_CHARSET" value="UTF-8"/>
    <property name="java.awt.headless" value="true"/>
    <property name="surefire.real.class.path" value="C:\Users\TJ\AppData\Local\Temp\surefire9494849571416601395\surefirebooter-20250803173031220_3.jar"/>
    <property name="user.script" value=""/>
    <property name="sun.management.compiler" value="HotSpot 64-Bit Tiered Compilers"/>
    <property name="java.runtime.version" value="21.0.5+11-LTS"/>
    <property name="user.name" value="TJ"/>
    <property name="stdout.encoding" value="Cp1252"/>
    <property name="path.separator" value=";"/>
    <property name="os.version" value="10.0"/>
    <property name="java.runtime.name" value="OpenJDK Runtime Environment"/>
    <property name="file.encoding" value="UTF-8"/>
    <property name="FILE_LOG_PATTERN" value="%d{yyyy-MM-dd HH:mm:ss} [%thread] [correlationId=%X{correlationId:-N/A}] [transactionId=%X{transactionId:-N/A}] %-5level %logger{36} - %msg%n"/>
    <property name="java.vm.name" value="OpenJDK 64-Bit Server VM"/>
    <property name="java.vendor.version" value="Temurin-21.0.5+11"/>
    <property name="localRepository" value="C:\Users\TJ\.m2\repository"/>
    <property name="java.vendor.url.bug" value="https://github.com/adoptium/adoptium-support/issues"/>
    <property name="java.io.tmpdir" value="C:\Users\TJ\AppData\Local\Temp\"/>
    <property name="java.version" value="21.0.5"/>
    <property name="user.dir" value="C:\Users\TJ\eclipse-workspace\spring-boot-securityconfig-oidc-with-multiple-secrets"/>
    <property name="os.arch" value="amd64"/>
    <property name="java.vm.specification.name" value="Java Virtual Machine Specification"/>
    <property name="PID" value="22720"/>
    <property name="sun.os.patch.level" value=""/>
    <property name="CONSOLE_LOG_CHARSET" value="UTF-8"/>
    <property name="native.encoding" value="Cp1252"/>
    <property name="java.library.path" value="C:\Program Files\Eclipse Adoptium\jdk-21.0.5.11-hotspot\bin;C:\WINDOWS\Sun\Java\bin;C:\WINDOWS\system32;C:\WINDOWS;C:\Program Files\Git\mingw64\bin;C:\Program Files\Git\usr\bin;C:\Users\TJ\bin;C:\Program Files\Eclipse Adoptium\jdk-21.0.5.11-hotspot\bin;C:\Program Files\Eclipse Adoptium\jdk-17.0.13.11-hotspot\bin;C:\Program Files\Python313\Scripts;C:\Program Files\Python313;C:\Python312\Scripts;C:\Python312;C:\Program Files\Microsoft\jdk-21.0.5.11-hotspot\bin;C:\Program Files\Microsoft\jdk-17.0.13.11-hotspot\bin;C:\WINDOWS\system32;C:\WINDOWS;C:\WINDOWS\System32\Wbem;C:\WINDOWS\System32\WindowsPowerShell\v1.0;C:\WINDOWS\System32\OpenSSH;C:\ProgramData\chocolatey\bin;C:\Program Files\Apache\Maven\apache-maven-3.9.9\bin;C:\Program Files\Git\cmd;C:\Program Files\Git LFS;C:\Program Files\nodejs;C:\Program Files\Docker\Docker\resources\bin;C:\Program Files\PowerShell\7;C:\Users\TJ\AppData\Local\Microsoft\WindowsApps;C:\Users\TJ\AppData\Local\Programs\Microsoft VS Code\bin;C:\Program Files\JetBrains\IntelliJ IDEA Community Edition 2024.3\bin;C:\Users\TJ\AppData\Local\JetBrains\Toolbox\scripts;C:\Users\TJ\AppData\Roaming\npm;."/>
    <property name="java.vm.info" value="mixed mode, sharing"/>
    <property name="stderr.encoding" value="Cp1252"/>
    <property name="java.vendor" value="Eclipse Adoptium"/>
    <property name="java.vm.version" value="21.0.5+11-LTS"/>
    <property name="sun.io.unicode.encoding" value="UnicodeLittle"/>
    <property name="java.class.version" value="65.0"/>
    <property name="CONSOLE_LOG_PATTERN" value="%d{yyyy-MM-dd HH:mm:ss} - %msg [%thread] [correlationId=%X{correlationId:-N/A}] [transactionId=%X{transactionId:-N/A}] %logger{36} - %n"/>
    <property name="LOGGED_APPLICATION_NAME" value="[oidc-multi-secret-demo] "/>
  </properties>
  <testcase name="testApi_InvalidatedSession_Returns401" classname="com.example.oidc.security.ApiAuthenticationTest" time="0.005">
    <system-out><![CDATA[2025-08-03 17:30:36 - Could not detect default configuration classes for test class [com.example.oidc.security.ApiAuthenticationTest]: ApiAuthenticationTest does not declare any static, non-private, non-final, nested classes annotated with @Configuration. [main] [correlationId=N/A] [transactionId=N/A] o.s.t.c.s.AnnotationConfigContextLoaderUtils - 
2025-08-03 17:30:36 - Found @SpringBootConfiguration com.example.Application for test class com.example.oidc.security.ApiAuthenticationTest [main] [correlationId=N/A] [transactionId=N/A] o.s.b.t.c.SpringBootTestContextBootstrapper - 
2025-08-03 17:30:36 - No correlation ID found in request headers, generated new: corr-37fef58ab1ab4e0ba33a9e21c4462318 [main] [correlationId=N/A] [transactionId=N/A] c.e.oidc.filter.CorrelationIdFilter - 
2025-08-03 17:30:36 - Processing request with correlationId: corr-37fef58ab1ab4e0ba33a9e21c4462318 and transactionId: txn-f3d8b7b3800d4e1c96386cda7b125db3 [main] [correlationId=corr-37fef58ab1ab4e0ba33a9e21c4462318] [transactionId=txn-f3d8b7b3800d4e1c96386cda7b125db3] c.e.oidc.filter.CorrelationIdFilter - 
2025-08-03 17:30:36 - Securing GET /api/user [main] [correlationId=corr-37fef58ab1ab4e0ba33a9e21c4462318] [transactionId=txn-f3d8b7b3800d4e1c96386cda7b125db3] o.s.security.web.FilterChainProxy - 
2025-08-03 17:30:36 - Set SecurityContextHolder to anonymous SecurityContext [main] [correlationId=corr-37fef58ab1ab4e0ba33a9e21c4462318] [transactionId=txn-f3d8b7b3800d4e1c96386cda7b125db3] o.s.s.w.a.AnonymousAuthenticationFilter - 
2025-08-03 17:30:36 - Saved request http://localhost/api/user?continue to session [main] [correlationId=corr-37fef58ab1ab4e0ba33a9e21c4462318] [transactionId=txn-f3d8b7b3800d4e1c96386cda7b125db3] o.s.s.w.s.HttpSessionRequestCache - 
2025-08-03 17:30:36 - Trying to match using com.example.oidc.config.SecurityConfig$$Lambda/0x000001696d618818@240f2efd [main] [correlationId=corr-37fef58ab1ab4e0ba33a9e21c4462318] [transactionId=txn-f3d8b7b3800d4e1c96386cda7b125db3] o.s.s.w.a.DelegatingAuthenticationEntryPoint - 
2025-08-03 17:30:36 - Match found! Executing com.example.oidc.config.SecurityConfig$$Lambda/0x000001696d618608@10553a61 [main] [correlationId=corr-37fef58ab1ab4e0ba33a9e21c4462318] [transactionId=txn-f3d8b7b3800d4e1c96386cda7b125db3] o.s.s.w.a.DelegatingAuthenticationEntryPoint - 
]]></system-out>
  </testcase>
  <testcase name="testApi_ValidAuthentication_Returns200" classname="com.example.oidc.security.ApiAuthenticationTest" time="0.007">
    <system-out><![CDATA[2025-08-03 17:30:36 - Created HttpSession as SecurityContext is non-default [main] [correlationId=N/A] [transactionId=N/A] o.s.s.w.c.HttpSessionSecurityContextRepository - 
2025-08-03 17:30:36 - Stored SecurityContextImpl [Authentication=UsernamePasswordAuthenticationToken [Principal=org.springframework.security.core.userdetails.User [Username=user, Password=[PROTECTED], Enabled=true, AccountNonExpired=true, CredentialsNonExpired=true, AccountNonLocked=true, Granted Authorities=[ROLE_USER]], Credentials=[PROTECTED], Authenticated=true, Details=null, Granted Authorities=[ROLE_USER]]] to HttpSession [org.springframework.mock.web.MockHttpSession@6792aa3e] [main] [correlationId=N/A] [transactionId=N/A] o.s.s.w.c.HttpSessionSecurityContextRepository - 
2025-08-03 17:30:36 - No correlation ID found in request headers, generated new: corr-5a537d4e906345bfbb5d48e7a118b5a8 [main] [correlationId=N/A] [transactionId=N/A] c.e.oidc.filter.CorrelationIdFilter - 
2025-08-03 17:30:36 - Processing request with correlationId: corr-5a537d4e906345bfbb5d48e7a118b5a8 and transactionId: txn-18f3e64dad774399b83c519fabb51530 [main] [correlationId=corr-5a537d4e906345bfbb5d48e7a118b5a8] [transactionId=txn-18f3e64dad774399b83c519fabb51530] c.e.oidc.filter.CorrelationIdFilter - 
2025-08-03 17:30:36 - Securing GET /api/health [main] [correlationId=corr-5a537d4e906345bfbb5d48e7a118b5a8] [transactionId=txn-18f3e64dad774399b83c519fabb51530] o.s.security.web.FilterChainProxy - 
2025-08-03 17:30:36 - Retrieved SecurityContextImpl [Authentication=UsernamePasswordAuthenticationToken [Principal=org.springframework.security.core.userdetails.User [Username=user, Password=[PROTECTED], Enabled=true, AccountNonExpired=true, CredentialsNonExpired=true, AccountNonLocked=true, Granted Authorities=[ROLE_USER]], Credentials=[PROTECTED], Authenticated=true, Details=null, Granted Authorities=[ROLE_USER]]] [main] [correlationId=corr-5a537d4e906345bfbb5d48e7a118b5a8] [transactionId=txn-18f3e64dad774399b83c519fabb51530] o.s.s.w.c.HttpSessionSecurityContextRepository - 
2025-08-03 17:30:36 - Secured GET /api/health [main] [correlationId=corr-5a537d4e906345bfbb5d48e7a118b5a8] [transactionId=txn-18f3e64dad774399b83c519fabb51530] o.s.security.web.FilterChainProxy - 
2025-08-03 17:30:36 - Health check endpoint called [main] [correlationId=corr-5a537d4e906345bfbb5d48e7a118b5a8] [transactionId=txn-18f3e64dad774399b83c519fabb51530] c.e.oidc.controller.ApiController - 
]]></system-out>
  </testcase>
  <testcase name="testApi_PostRequest_NoAuth_Returns401" classname="com.example.oidc.security.ApiAuthenticationTest" time="0.01">
    <system-out><![CDATA[2025-08-03 17:30:36 - No correlation ID found in request headers, generated new: corr-4db1fb3e865747a192bda22da8438d79 [main] [correlationId=N/A] [transactionId=N/A] c.e.oidc.filter.CorrelationIdFilter - 
2025-08-03 17:30:36 - Processing request with correlationId: corr-4db1fb3e865747a192bda22da8438d79 and transactionId: txn-55d3400bebda4baa871ee6232e688e5b [main] [correlationId=corr-4db1fb3e865747a192bda22da8438d79] [transactionId=txn-55d3400bebda4baa871ee6232e688e5b] c.e.oidc.filter.CorrelationIdFilter - 
2025-08-03 17:30:36 - Securing POST /api/data [main] [correlationId=corr-4db1fb3e865747a192bda22da8438d79] [transactionId=txn-55d3400bebda4baa871ee6232e688e5b] o.s.security.web.FilterChainProxy - 
2025-08-03 17:30:36 - Set SecurityContextHolder to anonymous SecurityContext [main] [correlationId=corr-4db1fb3e865747a192bda22da8438d79] [transactionId=txn-55d3400bebda4baa871ee6232e688e5b] o.s.s.w.a.AnonymousAuthenticationFilter - 
2025-08-03 17:30:36 - Trying to match using com.example.oidc.config.SecurityConfig$$Lambda/0x000001696d618818@240f2efd [main] [correlationId=corr-4db1fb3e865747a192bda22da8438d79] [transactionId=txn-55d3400bebda4baa871ee6232e688e5b] o.s.s.w.a.DelegatingAuthenticationEntryPoint - 
2025-08-03 17:30:36 - Match found! Executing com.example.oidc.config.SecurityConfig$$Lambda/0x000001696d618608@10553a61 [main] [correlationId=corr-4db1fb3e865747a192bda22da8438d79] [transactionId=txn-55d3400bebda4baa871ee6232e688e5b] o.s.s.w.a.DelegatingAuthenticationEntryPoint - 
]]></system-out>
  </testcase>
  <testcase name="testApi_ExpiredSession_Returns401" classname="com.example.oidc.security.ApiAuthenticationTest" time="2.023">
    <system-out><![CDATA[2025-08-03 17:30:36 - Stored SecurityContextImpl [Authentication=UsernamePasswordAuthenticationToken [Principal=org.springframework.security.core.userdetails.User [Username=testuser, Password=[PROTECTED], Enabled=true, AccountNonExpired=true, CredentialsNonExpired=true, AccountNonLocked=true, Granted Authorities=[ROLE_USER]], Credentials=[PROTECTED], Authenticated=true, Details=null, Granted Authorities=[ROLE_USER]]] to HttpSession [org.springframework.mock.web.MockHttpSession@4f45290f] [main] [correlationId=N/A] [transactionId=N/A] o.s.s.w.c.HttpSessionSecurityContextRepository - 
2025-08-03 17:30:36 - No correlation ID found in request headers, generated new: corr-d1367cf96b854dae8113cb3d976a6a54 [main] [correlationId=N/A] [transactionId=N/A] c.e.oidc.filter.CorrelationIdFilter - 
2025-08-03 17:30:36 - Processing request with correlationId: corr-d1367cf96b854dae8113cb3d976a6a54 and transactionId: txn-86c4084e859540918fbb0d494634a87c [main] [correlationId=corr-d1367cf96b854dae8113cb3d976a6a54] [transactionId=txn-86c4084e859540918fbb0d494634a87c] c.e.oidc.filter.CorrelationIdFilter - 
2025-08-03 17:30:36 - Securing GET /api/health [main] [correlationId=corr-d1367cf96b854dae8113cb3d976a6a54] [transactionId=txn-86c4084e859540918fbb0d494634a87c] o.s.security.web.FilterChainProxy - 
2025-08-03 17:30:36 - Retrieved SecurityContextImpl [Authentication=UsernamePasswordAuthenticationToken [Principal=org.springframework.security.core.userdetails.User [Username=testuser, Password=[PROTECTED], Enabled=true, AccountNonExpired=true, CredentialsNonExpired=true, AccountNonLocked=true, Granted Authorities=[ROLE_USER]], Credentials=[PROTECTED], Authenticated=true, Details=null, Granted Authorities=[ROLE_USER]]] [main] [correlationId=corr-d1367cf96b854dae8113cb3d976a6a54] [transactionId=txn-86c4084e859540918fbb0d494634a87c] o.s.s.w.c.HttpSessionSecurityContextRepository - 
2025-08-03 17:30:36 - Secured GET /api/health [main] [correlationId=corr-d1367cf96b854dae8113cb3d976a6a54] [transactionId=txn-86c4084e859540918fbb0d494634a87c] o.s.security.web.FilterChainProxy - 
2025-08-03 17:30:36 - Health check endpoint called [main] [correlationId=corr-d1367cf96b854dae8113cb3d976a6a54] [transactionId=txn-86c4084e859540918fbb0d494634a87c] c.e.oidc.controller.ApiController - 
2025-08-03 17:30:38 - No correlation ID found in request headers, generated new: corr-5546fb9b9f9545388b9ec7ccd91f4c8d [main] [correlationId=N/A] [transactionId=N/A] c.e.oidc.filter.CorrelationIdFilter - 
2025-08-03 17:30:38 - Processing request with correlationId: corr-5546fb9b9f9545388b9ec7ccd91f4c8d and transactionId: txn-b9444c101d874fd78fe068f573a041e7 [main] [correlationId=corr-5546fb9b9f9545388b9ec7ccd91f4c8d] [transactionId=txn-b9444c101d874fd78fe068f573a041e7] c.e.oidc.filter.CorrelationIdFilter - 
2025-08-03 17:30:38 - Securing GET /api/health [main] [correlationId=corr-5546fb9b9f9545388b9ec7ccd91f4c8d] [transactionId=txn-b9444c101d874fd78fe068f573a041e7] o.s.security.web.FilterChainProxy - 
2025-08-03 17:30:38 - Set SecurityContextHolder to anonymous SecurityContext [main] [correlationId=corr-5546fb9b9f9545388b9ec7ccd91f4c8d] [transactionId=txn-b9444c101d874fd78fe068f573a041e7] o.s.s.w.a.AnonymousAuthenticationFilter - 
2025-08-03 17:30:38 - Saved request http://localhost/api/health?continue to session [main] [correlationId=corr-5546fb9b9f9545388b9ec7ccd91f4c8d] [transactionId=txn-b9444c101d874fd78fe068f573a041e7] o.s.s.w.s.HttpSessionRequestCache - 
2025-08-03 17:30:38 - Trying to match using com.example.oidc.config.SecurityConfig$$Lambda/0x000001696d618818@240f2efd [main] [correlationId=corr-5546fb9b9f9545388b9ec7ccd91f4c8d] [transactionId=txn-b9444c101d874fd78fe068f573a041e7] o.s.s.w.a.DelegatingAuthenticationEntryPoint - 
2025-08-03 17:30:38 - Match found! Executing com.example.oidc.config.SecurityConfig$$Lambda/0x000001696d618608@10553a61 [main] [correlationId=corr-5546fb9b9f9545388b9ec7ccd91f4c8d] [transactionId=txn-b9444c101d874fd78fe068f573a041e7] o.s.s.w.a.DelegatingAuthenticationEntryPoint - 
]]></system-out>
  </testcase>
  <testcase name="testApi_MultipleRequests_ConsistentBehavior" classname="com.example.oidc.security.ApiAuthenticationTest" time="0.007">
    <system-out><![CDATA[2025-08-03 17:30:38 - No correlation ID found in request headers, generated new: corr-6e428b6d09c84a14b29cdf1350a378fb [main] [correlationId=N/A] [transactionId=N/A] c.e.oidc.filter.CorrelationIdFilter - 
2025-08-03 17:30:38 - Processing request with correlationId: corr-6e428b6d09c84a14b29cdf1350a378fb and transactionId: txn-263a40898c7143f78cafb16b4d608340 [main] [correlationId=corr-6e428b6d09c84a14b29cdf1350a378fb] [transactionId=txn-263a40898c7143f78cafb16b4d608340] c.e.oidc.filter.CorrelationIdFilter - 
2025-08-03 17:30:38 - Securing GET /api/user [main] [correlationId=corr-6e428b6d09c84a14b29cdf1350a378fb] [transactionId=txn-263a40898c7143f78cafb16b4d608340] o.s.security.web.FilterChainProxy - 
2025-08-03 17:30:38 - Set SecurityContextHolder to anonymous SecurityContext [main] [correlationId=corr-6e428b6d09c84a14b29cdf1350a378fb] [transactionId=txn-263a40898c7143f78cafb16b4d608340] o.s.s.w.a.AnonymousAuthenticationFilter - 
2025-08-03 17:30:38 - Saved request http://localhost/api/user?continue to session [main] [correlationId=corr-6e428b6d09c84a14b29cdf1350a378fb] [transactionId=txn-263a40898c7143f78cafb16b4d608340] o.s.s.w.s.HttpSessionRequestCache - 
2025-08-03 17:30:38 - Trying to match using com.example.oidc.config.SecurityConfig$$Lambda/0x000001696d618818@240f2efd [main] [correlationId=corr-6e428b6d09c84a14b29cdf1350a378fb] [transactionId=txn-263a40898c7143f78cafb16b4d608340] o.s.s.w.a.DelegatingAuthenticationEntryPoint - 
2025-08-03 17:30:38 - Match found! Executing com.example.oidc.config.SecurityConfig$$Lambda/0x000001696d618608@10553a61 [main] [correlationId=corr-6e428b6d09c84a14b29cdf1350a378fb] [transactionId=txn-263a40898c7143f78cafb16b4d608340] o.s.s.w.a.DelegatingAuthenticationEntryPoint - 
2025-08-03 17:30:38 - No correlation ID found in request headers, generated new: corr-689bc9a2917f44bf9fa4a6c6e449de63 [main] [correlationId=N/A] [transactionId=N/A] c.e.oidc.filter.CorrelationIdFilter - 
2025-08-03 17:30:38 - Processing request with correlationId: corr-689bc9a2917f44bf9fa4a6c6e449de63 and transactionId: txn-25621e531a244b768846b573a61a5993 [main] [correlationId=corr-689bc9a2917f44bf9fa4a6c6e449de63] [transactionId=txn-25621e531a244b768846b573a61a5993] c.e.oidc.filter.CorrelationIdFilter - 
2025-08-03 17:30:38 - Securing GET /api/user-v2 [main] [correlationId=corr-689bc9a2917f44bf9fa4a6c6e449de63] [transactionId=txn-25621e531a244b768846b573a61a5993] o.s.security.web.FilterChainProxy - 
2025-08-03 17:30:38 - Set SecurityContextHolder to anonymous SecurityContext [main] [correlationId=corr-689bc9a2917f44bf9fa4a6c6e449de63] [transactionId=txn-25621e531a244b768846b573a61a5993] o.s.s.w.a.AnonymousAuthenticationFilter - 
2025-08-03 17:30:38 - Saved request http://localhost/api/user-v2?continue to session [main] [correlationId=corr-689bc9a2917f44bf9fa4a6c6e449de63] [transactionId=txn-25621e531a244b768846b573a61a5993] o.s.s.w.s.HttpSessionRequestCache - 
2025-08-03 17:30:38 - Trying to match using com.example.oidc.config.SecurityConfig$$Lambda/0x000001696d618818@240f2efd [main] [correlationId=corr-689bc9a2917f44bf9fa4a6c6e449de63] [transactionId=txn-25621e531a244b768846b573a61a5993] o.s.s.w.a.DelegatingAuthenticationEntryPoint - 
2025-08-03 17:30:38 - Match found! Executing com.example.oidc.config.SecurityConfig$$Lambda/0x000001696d618608@10553a61 [main] [correlationId=corr-689bc9a2917f44bf9fa4a6c6e449de63] [transactionId=txn-25621e531a244b768846b573a61a5993] o.s.s.w.a.DelegatingAuthenticationEntryPoint - 
2025-08-03 17:30:38 - No correlation ID found in request headers, generated new: corr-e2a6b5e01d2c42c9b952e9ddb63b8abf [main] [correlationId=N/A] [transactionId=N/A] c.e.oidc.filter.CorrelationIdFilter - 
2025-08-03 17:30:38 - Processing request with correlationId: corr-e2a6b5e01d2c42c9b952e9ddb63b8abf and transactionId: txn-1b507bc6e1a74aeeb1bb2cb004f037c2 [main] [correlationId=corr-e2a6b5e01d2c42c9b952e9ddb63b8abf] [transactionId=txn-1b507bc6e1a74aeeb1bb2cb004f037c2] c.e.oidc.filter.CorrelationIdFilter - 
2025-08-03 17:30:38 - Securing GET /api/health [main] [correlationId=corr-e2a6b5e01d2c42c9b952e9ddb63b8abf] [transactionId=txn-1b507bc6e1a74aeeb1bb2cb004f037c2] o.s.security.web.FilterChainProxy - 
2025-08-03 17:30:38 - Set SecurityContextHolder to anonymous SecurityContext [main] [correlationId=corr-e2a6b5e01d2c42c9b952e9ddb63b8abf] [transactionId=txn-1b507bc6e1a74aeeb1bb2cb004f037c2] o.s.s.w.a.AnonymousAuthenticationFilter - 
2025-08-03 17:30:38 - Saved request http://localhost/api/health?continue to session [main] [correlationId=corr-e2a6b5e01d2c42c9b952e9ddb63b8abf] [transactionId=txn-1b507bc6e1a74aeeb1bb2cb004f037c2] o.s.s.w.s.HttpSessionRequestCache - 
2025-08-03 17:30:38 - Trying to match using com.example.oidc.config.SecurityConfig$$Lambda/0x000001696d618818@240f2efd [main] [correlationId=corr-e2a6b5e01d2c42c9b952e9ddb63b8abf] [transactionId=txn-1b507bc6e1a74aeeb1bb2cb004f037c2] o.s.s.w.a.DelegatingAuthenticationEntryPoint - 
2025-08-03 17:30:38 - Match found! Executing com.example.oidc.config.SecurityConfig$$Lambda/0x000001696d618608@10553a61 [main] [correlationId=corr-e2a6b5e01d2c42c9b952e9ddb63b8abf] [transactionId=txn-1b507bc6e1a74aeeb1bb2cb004f037c2] o.s.s.w.a.DelegatingAuthenticationEntryPoint - 
2025-08-03 17:30:38 - No correlation ID found in request headers, generated new: corr-0e6dc994103e4b6c9142495b8b7560aa [main] [correlationId=N/A] [transactionId=N/A] c.e.oidc.filter.CorrelationIdFilter - 
2025-08-03 17:30:38 - Processing request with correlationId: corr-0e6dc994103e4b6c9142495b8b7560aa and transactionId: txn-d878e080f4134ee2a2cc85a29cf0328d [main] [correlationId=corr-0e6dc994103e4b6c9142495b8b7560aa] [transactionId=txn-d878e080f4134ee2a2cc85a29cf0328d] c.e.oidc.filter.CorrelationIdFilter - 
2025-08-03 17:30:38 - Securing GET /api/test [main] [correlationId=corr-0e6dc994103e4b6c9142495b8b7560aa] [transactionId=txn-d878e080f4134ee2a2cc85a29cf0328d] o.s.security.web.FilterChainProxy - 
2025-08-03 17:30:38 - Set SecurityContextHolder to anonymous SecurityContext [main] [correlationId=corr-0e6dc994103e4b6c9142495b8b7560aa] [transactionId=txn-d878e080f4134ee2a2cc85a29cf0328d] o.s.s.w.a.AnonymousAuthenticationFilter - 
2025-08-03 17:30:38 - Saved request http://localhost/api/test?continue to session [main] [correlationId=corr-0e6dc994103e4b6c9142495b8b7560aa] [transactionId=txn-d878e080f4134ee2a2cc85a29cf0328d] o.s.s.w.s.HttpSessionRequestCache - 
2025-08-03 17:30:38 - Trying to match using com.example.oidc.config.SecurityConfig$$Lambda/0x000001696d618818@240f2efd [main] [correlationId=corr-0e6dc994103e4b6c9142495b8b7560aa] [transactionId=txn-d878e080f4134ee2a2cc85a29cf0328d] o.s.s.w.a.DelegatingAuthenticationEntryPoint - 
2025-08-03 17:30:38 - Match found! Executing com.example.oidc.config.SecurityConfig$$Lambda/0x000001696d618608@10553a61 [main] [correlationId=corr-0e6dc994103e4b6c9142495b8b7560aa] [transactionId=txn-d878e080f4134ee2a2cc85a29cf0328d] o.s.s.w.a.DelegatingAuthenticationEntryPoint - 
2025-08-03 17:30:38 - No correlation ID found in request headers, generated new: corr-d422f73beb2d4b8e8f21d8068972c466 [main] [correlationId=N/A] [transactionId=N/A] c.e.oidc.filter.CorrelationIdFilter - 
2025-08-03 17:30:38 - Processing request with correlationId: corr-d422f73beb2d4b8e8f21d8068972c466 and transactionId: txn-9b01087c57f8460d896838d4a305c9b5 [main] [correlationId=corr-d422f73beb2d4b8e8f21d8068972c466] [transactionId=txn-9b01087c57f8460d896838d4a305c9b5] c.e.oidc.filter.CorrelationIdFilter - 
2025-08-03 17:30:38 - Securing GET /api/data/123 [main] [correlationId=corr-d422f73beb2d4b8e8f21d8068972c466] [transactionId=txn-9b01087c57f8460d896838d4a305c9b5] o.s.security.web.FilterChainProxy - 
2025-08-03 17:30:38 - Set SecurityContextHolder to anonymous SecurityContext [main] [correlationId=corr-d422f73beb2d4b8e8f21d8068972c466] [transactionId=txn-9b01087c57f8460d896838d4a305c9b5] o.s.s.w.a.AnonymousAuthenticationFilter - 
2025-08-03 17:30:38 - Saved request http://localhost/api/data/123?continue to session [main] [correlationId=corr-d422f73beb2d4b8e8f21d8068972c466] [transactionId=txn-9b01087c57f8460d896838d4a305c9b5] o.s.s.w.s.HttpSessionRequestCache - 
2025-08-03 17:30:38 - Trying to match using com.example.oidc.config.SecurityConfig$$Lambda/0x000001696d618818@240f2efd [main] [correlationId=corr-d422f73beb2d4b8e8f21d8068972c466] [transactionId=txn-9b01087c57f8460d896838d4a305c9b5] o.s.s.w.a.DelegatingAuthenticationEntryPoint - 
2025-08-03 17:30:38 - Match found! Executing com.example.oidc.config.SecurityConfig$$Lambda/0x000001696d618608@10553a61 [main] [correlationId=corr-d422f73beb2d4b8e8f21d8068972c466] [transactionId=txn-9b01087c57f8460d896838d4a305c9b5] o.s.s.w.a.DelegatingAuthenticationEntryPoint - 
]]></system-out>
  </testcase>
  <testcase name="testWebEndpoint_NoAuthentication_RedirectsToLogin" classname="com.example.oidc.security.ApiAuthenticationTest" time="0.004">
    <system-out><![CDATA[2025-08-03 17:30:38 - No correlation ID found in request headers, generated new: corr-5c05df4ee7864b848a9b6d1f4d059314 [main] [correlationId=N/A] [transactionId=N/A] c.e.oidc.filter.CorrelationIdFilter - 
2025-08-03 17:30:38 - Processing request with correlationId: corr-5c05df4ee7864b848a9b6d1f4d059314 and transactionId: txn-70235f10a69247ec8b9c8b1ab64634e5 [main] [correlationId=corr-5c05df4ee7864b848a9b6d1f4d059314] [transactionId=txn-70235f10a69247ec8b9c8b1ab64634e5] c.e.oidc.filter.CorrelationIdFilter - 
2025-08-03 17:30:38 - Securing GET /home [main] [correlationId=corr-5c05df4ee7864b848a9b6d1f4d059314] [transactionId=txn-70235f10a69247ec8b9c8b1ab64634e5] o.s.security.web.FilterChainProxy - 
2025-08-03 17:30:38 - Set SecurityContextHolder to anonymous SecurityContext [main] [correlationId=corr-5c05df4ee7864b848a9b6d1f4d059314] [transactionId=txn-70235f10a69247ec8b9c8b1ab64634e5] o.s.s.w.a.AnonymousAuthenticationFilter - 
2025-08-03 17:30:38 - Saved request http://localhost/home?continue to session [main] [correlationId=corr-5c05df4ee7864b848a9b6d1f4d059314] [transactionId=txn-70235f10a69247ec8b9c8b1ab64634e5] o.s.s.w.s.HttpSessionRequestCache - 
2025-08-03 17:30:38 - Trying to match using com.example.oidc.config.SecurityConfig$$Lambda/0x000001696d618818@240f2efd [main] [correlationId=corr-5c05df4ee7864b848a9b6d1f4d059314] [transactionId=txn-70235f10a69247ec8b9c8b1ab64634e5] o.s.s.w.a.DelegatingAuthenticationEntryPoint - 
2025-08-03 17:30:38 - Trying to match using com.example.oidc.config.SecurityConfig$$Lambda/0x000001696d618a38@1b7a4930 [main] [correlationId=corr-5c05df4ee7864b848a9b6d1f4d059314] [transactionId=txn-70235f10a69247ec8b9c8b1ab64634e5] o.s.s.w.a.DelegatingAuthenticationEntryPoint - 
2025-08-03 17:30:38 - Match found! Executing org.springframework.security.web.authentication.LoginUrlAuthenticationEntryPoint@1efa258e [main] [correlationId=corr-5c05df4ee7864b848a9b6d1f4d059314] [transactionId=txn-70235f10a69247ec8b9c8b1ab64634e5] o.s.s.w.a.DelegatingAuthenticationEntryPoint - 
2025-08-03 17:30:38 - Redirecting to http://localhost/login [main] [correlationId=corr-5c05df4ee7864b848a9b6d1f4d059314] [transactionId=txn-70235f10a69247ec8b9c8b1ab64634e5] o.s.s.web.DefaultRedirectStrategy - 
]]></system-out>
  </testcase>
  <testcase name="testApi_WithExpiredOidcToken_Returns401" classname="com.example.oidc.security.ApiAuthenticationTest" time="0.006">
    <system-out><![CDATA[2025-08-03 17:30:38 - Created HttpSession as SecurityContext is non-default [main] [correlationId=N/A] [transactionId=N/A] o.s.s.w.c.HttpSessionSecurityContextRepository - 
2025-08-03 17:30:38 - Stored SecurityContextImpl [Authentication=OAuth2AuthenticationToken [Principal=Name: [john.doe@example.com], Granted Authorities: [[ROLE_USER]], User Attributes: [{name=John Doe, sub=12345, preferred_username=john.doe@example.com, email=john.doe@example.com}], Credentials=[PROTECTED], Authenticated=true, Details=null, Granted Authorities=[ROLE_USER]]] to HttpSession [org.springframework.mock.web.MockHttpSession@2a4bee4e] [main] [correlationId=N/A] [transactionId=N/A] o.s.s.w.c.HttpSessionSecurityContextRepository - 
2025-08-03 17:30:38 - No correlation ID found in request headers, generated new: corr-5eab71137ca94e57a4522785248b7a7c [main] [correlationId=N/A] [transactionId=N/A] c.e.oidc.filter.CorrelationIdFilter - 
2025-08-03 17:30:38 - Processing request with correlationId: corr-5eab71137ca94e57a4522785248b7a7c and transactionId: txn-32068ec336a440c39b45c1aa3a0d8e87 [main] [correlationId=corr-5eab71137ca94e57a4522785248b7a7c] [transactionId=txn-32068ec336a440c39b45c1aa3a0d8e87] c.e.oidc.filter.CorrelationIdFilter - 
2025-08-03 17:30:38 - Securing GET /api/user [main] [correlationId=corr-5eab71137ca94e57a4522785248b7a7c] [transactionId=txn-32068ec336a440c39b45c1aa3a0d8e87] o.s.security.web.FilterChainProxy - 
2025-08-03 17:30:38 - Retrieved SecurityContextImpl [Authentication=OAuth2AuthenticationToken [Principal=Name: [john.doe@example.com], Granted Authorities: [[ROLE_USER]], User Attributes: [{name=John Doe, sub=12345, preferred_username=john.doe@example.com, email=john.doe@example.com}], Credentials=[PROTECTED], Authenticated=true, Details=null, Granted Authorities=[ROLE_USER]]] [main] [correlationId=corr-5eab71137ca94e57a4522785248b7a7c] [transactionId=txn-32068ec336a440c39b45c1aa3a0d8e87] o.s.s.w.c.HttpSessionSecurityContextRepository - 
2025-08-03 17:30:38 - Token expired for user: john.doe@example.com (access: false, id: true), attempting refresh [main] [correlationId=corr-5eab71137ca94e57a4522785248b7a7c] [transactionId=txn-32068ec336a440c39b45c1aa3a0d8e87] c.e.o.s.OidcTokenRefreshFilter - 
2025-08-03 17:30:38 - Token expired and cannot refresh for user: john.doe@example.com [main] [correlationId=corr-5eab71137ca94e57a4522785248b7a7c] [transactionId=txn-32068ec336a440c39b45c1aa3a0d8e87] c.e.o.s.OidcTokenRefreshFilter - 
]]></system-out>
  </testcase>
  <testcase name="testApi_NoAuthentication_Returns401" classname="com.example.oidc.security.ApiAuthenticationTest" time="0.005">
    <system-out><![CDATA[2025-08-03 17:30:38 - No correlation ID found in request headers, generated new: corr-9b67468dc09244519abd3da81fcf3be9 [main] [correlationId=N/A] [transactionId=N/A] c.e.oidc.filter.CorrelationIdFilter - 
2025-08-03 17:30:38 - Processing request with correlationId: corr-9b67468dc09244519abd3da81fcf3be9 and transactionId: txn-f1abb99d05054662a15932b421f5788a [main] [correlationId=corr-9b67468dc09244519abd3da81fcf3be9] [transactionId=txn-f1abb99d05054662a15932b421f5788a] c.e.oidc.filter.CorrelationIdFilter - 
2025-08-03 17:30:38 - Securing GET /api/user [main] [correlationId=corr-9b67468dc09244519abd3da81fcf3be9] [transactionId=txn-f1abb99d05054662a15932b421f5788a] o.s.security.web.FilterChainProxy - 
2025-08-03 17:30:38 - Set SecurityContextHolder to anonymous SecurityContext [main] [correlationId=corr-9b67468dc09244519abd3da81fcf3be9] [transactionId=txn-f1abb99d05054662a15932b421f5788a] o.s.s.w.a.AnonymousAuthenticationFilter - 
2025-08-03 17:30:38 - Saved request http://localhost/api/user?continue to session [main] [correlationId=corr-9b67468dc09244519abd3da81fcf3be9] [transactionId=txn-f1abb99d05054662a15932b421f5788a] o.s.s.w.s.HttpSessionRequestCache - 
2025-08-03 17:30:38 - Trying to match using com.example.oidc.config.SecurityConfig$$Lambda/0x000001696d618818@240f2efd [main] [correlationId=corr-9b67468dc09244519abd3da81fcf3be9] [transactionId=txn-f1abb99d05054662a15932b421f5788a] o.s.s.w.a.DelegatingAuthenticationEntryPoint - 
2025-08-03 17:30:38 - Match found! Executing com.example.oidc.config.SecurityConfig$$Lambda/0x000001696d618608@10553a61 [main] [correlationId=corr-9b67468dc09244519abd3da81fcf3be9] [transactionId=txn-f1abb99d05054662a15932b421f5788a] o.s.s.w.a.DelegatingAuthenticationEntryPoint - 
2025-08-03 17:30:38 - No correlation ID found in request headers, generated new: corr-c83321974f0b43b0bc10fc83e9f9bfd6 [main] [correlationId=N/A] [transactionId=N/A] c.e.oidc.filter.CorrelationIdFilter - 
2025-08-03 17:30:38 - Processing request with correlationId: corr-c83321974f0b43b0bc10fc83e9f9bfd6 and transactionId: txn-ec7530c9bb2a4f3d883f0814ebe88631 [main] [correlationId=corr-c83321974f0b43b0bc10fc83e9f9bfd6] [transactionId=txn-ec7530c9bb2a4f3d883f0814ebe88631] c.e.oidc.filter.CorrelationIdFilter - 
2025-08-03 17:30:38 - Securing GET /api/user-v2 [main] [correlationId=corr-c83321974f0b43b0bc10fc83e9f9bfd6] [transactionId=txn-ec7530c9bb2a4f3d883f0814ebe88631] o.s.security.web.FilterChainProxy - 
2025-08-03 17:30:38 - Set SecurityContextHolder to anonymous SecurityContext [main] [correlationId=corr-c83321974f0b43b0bc10fc83e9f9bfd6] [transactionId=txn-ec7530c9bb2a4f3d883f0814ebe88631] o.s.s.w.a.AnonymousAuthenticationFilter - 
2025-08-03 17:30:38 - Saved request http://localhost/api/user-v2?continue to session [main] [correlationId=corr-c83321974f0b43b0bc10fc83e9f9bfd6] [transactionId=txn-ec7530c9bb2a4f3d883f0814ebe88631] o.s.s.w.s.HttpSessionRequestCache - 
2025-08-03 17:30:38 - Trying to match using com.example.oidc.config.SecurityConfig$$Lambda/0x000001696d618818@240f2efd [main] [correlationId=corr-c83321974f0b43b0bc10fc83e9f9bfd6] [transactionId=txn-ec7530c9bb2a4f3d883f0814ebe88631] o.s.s.w.a.DelegatingAuthenticationEntryPoint - 
2025-08-03 17:30:38 - Match found! Executing com.example.oidc.config.SecurityConfig$$Lambda/0x000001696d618608@10553a61 [main] [correlationId=corr-c83321974f0b43b0bc10fc83e9f9bfd6] [transactionId=txn-ec7530c9bb2a4f3d883f0814ebe88631] o.s.s.w.a.DelegatingAuthenticationEntryPoint - 
2025-08-03 17:30:38 - No correlation ID found in request headers, generated new: corr-777613483b004242a69065533a8c9c43 [main] [correlationId=N/A] [transactionId=N/A] c.e.oidc.filter.CorrelationIdFilter - 
2025-08-03 17:30:38 - Processing request with correlationId: corr-777613483b004242a69065533a8c9c43 and transactionId: txn-b4697eab9b7249eaa82965d80acf5da4 [main] [correlationId=corr-777613483b004242a69065533a8c9c43] [transactionId=txn-b4697eab9b7249eaa82965d80acf5da4] c.e.oidc.filter.CorrelationIdFilter - 
2025-08-03 17:30:38 - Securing GET /api/health [main] [correlationId=corr-777613483b004242a69065533a8c9c43] [transactionId=txn-b4697eab9b7249eaa82965d80acf5da4] o.s.security.web.FilterChainProxy - 
2025-08-03 17:30:38 - Set SecurityContextHolder to anonymous SecurityContext [main] [correlationId=corr-777613483b004242a69065533a8c9c43] [transactionId=txn-b4697eab9b7249eaa82965d80acf5da4] o.s.s.w.a.AnonymousAuthenticationFilter - 
2025-08-03 17:30:38 - Saved request http://localhost/api/health?continue to session [main] [correlationId=corr-777613483b004242a69065533a8c9c43] [transactionId=txn-b4697eab9b7249eaa82965d80acf5da4] o.s.s.w.s.HttpSessionRequestCache - 
2025-08-03 17:30:38 - Trying to match using com.example.oidc.config.SecurityConfig$$Lambda/0x000001696d618818@240f2efd [main] [correlationId=corr-777613483b004242a69065533a8c9c43] [transactionId=txn-b4697eab9b7249eaa82965d80acf5da4] o.s.s.w.a.DelegatingAuthenticationEntryPoint - 
2025-08-03 17:30:38 - Match found! Executing com.example.oidc.config.SecurityConfig$$Lambda/0x000001696d618608@10553a61 [main] [correlationId=corr-777613483b004242a69065533a8c9c43] [transactionId=txn-b4697eab9b7249eaa82965d80acf5da4] o.s.s.w.a.DelegatingAuthenticationEntryPoint - 
]]></system-out>
  </testcase>
  <testcase name="testApi_WithCsrfToken_StillRequiresAuth" classname="com.example.oidc.security.ApiAuthenticationTest" time="0.004">
    <system-out><![CDATA[2025-08-03 17:30:38 - No correlation ID found in request headers, generated new: corr-b8abce84b681481cb8c4e3359ee75f18 [main] [correlationId=N/A] [transactionId=N/A] c.e.oidc.filter.CorrelationIdFilter - 
2025-08-03 17:30:38 - Processing request with correlationId: corr-b8abce84b681481cb8c4e3359ee75f18 and transactionId: txn-5d349971ec53442d934f1a2673946440 [main] [correlationId=corr-b8abce84b681481cb8c4e3359ee75f18] [transactionId=txn-5d349971ec53442d934f1a2673946440] c.e.oidc.filter.CorrelationIdFilter - 
2025-08-03 17:30:38 - Securing POST /api/data [main] [correlationId=corr-b8abce84b681481cb8c4e3359ee75f18] [transactionId=txn-5d349971ec53442d934f1a2673946440] o.s.security.web.FilterChainProxy - 
2025-08-03 17:30:38 - Set SecurityContextHolder to anonymous SecurityContext [main] [correlationId=corr-b8abce84b681481cb8c4e3359ee75f18] [transactionId=txn-5d349971ec53442d934f1a2673946440] o.s.s.w.a.AnonymousAuthenticationFilter - 
2025-08-03 17:30:38 - Trying to match using com.example.oidc.config.SecurityConfig$$Lambda/0x000001696d618818@240f2efd [main] [correlationId=corr-b8abce84b681481cb8c4e3359ee75f18] [transactionId=txn-5d349971ec53442d934f1a2673946440] o.s.s.w.a.DelegatingAuthenticationEntryPoint - 
2025-08-03 17:30:38 - Match found! Executing com.example.oidc.config.SecurityConfig$$Lambda/0x000001696d618608@10553a61 [main] [correlationId=corr-b8abce84b681481cb8c4e3359ee75f18] [transactionId=txn-5d349971ec53442d934f1a2673946440] o.s.s.w.a.DelegatingAuthenticationEntryPoint - 
]]></system-out>
  </testcase>
  <testcase name="testApi_WithValidOidcToken_Returns200" classname="com.example.oidc.security.ApiAuthenticationTest" time="0.007">
    <system-out><![CDATA[2025-08-03 17:30:38 - Created HttpSession as SecurityContext is non-default [main] [correlationId=N/A] [transactionId=N/A] o.s.s.w.c.HttpSessionSecurityContextRepository - 
2025-08-03 17:30:38 - Stored SecurityContextImpl [Authentication=OAuth2AuthenticationToken [Principal=Name: [john.doe@example.com], Granted Authorities: [[ROLE_USER]], User Attributes: [{name=John Doe, sub=12345, preferred_username=john.doe@example.com, email=john.doe@example.com}], Credentials=[PROTECTED], Authenticated=true, Details=null, Granted Authorities=[ROLE_USER]]] to HttpSession [org.springframework.mock.web.MockHttpSession@268ee31d] [main] [correlationId=N/A] [transactionId=N/A] o.s.s.w.c.HttpSessionSecurityContextRepository - 
2025-08-03 17:30:38 - No correlation ID found in request headers, generated new: corr-60b4a43fa8f741318dce05f78a818b99 [main] [correlationId=N/A] [transactionId=N/A] c.e.oidc.filter.CorrelationIdFilter - 
2025-08-03 17:30:38 - Processing request with correlationId: corr-60b4a43fa8f741318dce05f78a818b99 and transactionId: txn-e74b197183584772b39ec7df6c30cd25 [main] [correlationId=corr-60b4a43fa8f741318dce05f78a818b99] [transactionId=txn-e74b197183584772b39ec7df6c30cd25] c.e.oidc.filter.CorrelationIdFilter - 
2025-08-03 17:30:38 - Securing GET /api/user [main] [correlationId=corr-60b4a43fa8f741318dce05f78a818b99] [transactionId=txn-e74b197183584772b39ec7df6c30cd25] o.s.security.web.FilterChainProxy - 
2025-08-03 17:30:38 - Retrieved SecurityContextImpl [Authentication=OAuth2AuthenticationToken [Principal=Name: [john.doe@example.com], Granted Authorities: [[ROLE_USER]], User Attributes: [{name=John Doe, sub=12345, preferred_username=john.doe@example.com, email=john.doe@example.com}], Credentials=[PROTECTED], Authenticated=true, Details=null, Granted Authorities=[ROLE_USER]]] [main] [correlationId=corr-60b4a43fa8f741318dce05f78a818b99] [transactionId=txn-e74b197183584772b39ec7df6c30cd25] o.s.s.w.c.HttpSessionSecurityContextRepository - 
2025-08-03 17:30:38 - Secured GET /api/user [main] [correlationId=corr-60b4a43fa8f741318dce05f78a818b99] [transactionId=txn-e74b197183584772b39ec7df6c30cd25] o.s.security.web.FilterChainProxy - 
2025-08-03 17:30:38 - [correlationId=corr-60b4a43fa8f741318dce05f78a818b99, transactionId=txn-e74b197183584772b39ec7df6c30cd25] Getting current user info for: john.doe@example.com [main] [correlationId=corr-60b4a43fa8f741318dce05f78a818b99] [transactionId=txn-e74b197183584772b39ec7df6c30cd25] c.e.oidc.controller.ApiController - 
]]></system-out>
  </testcase>
</testsuite>