<?xml version="1.0" encoding="UTF-8"?>
<testsuite xmlns:xsi="http://www.w3.org/2001/XMLSchema-instance" xsi:noNamespaceSchemaLocation="https://maven.apache.org/surefire/maven-surefire-plugin/xsd/surefire-test-report.xsd" version="3.0.2" name="com.example.oidc.security.ApiAuthenticationTest" time="2.087" tests="10" errors="0" skipped="0" failures="0">
  <properties>
    <property name="java.specification.version" value="21"/>
    <property name="sun.cpu.isalist" value="amd64"/>
    <property name="sun.jnu.encoding" value="Cp1252"/>
    <property name="java.class.path" value="C:\Users\TJ\eclipse-workspace\spring-boot-securityconfig-oidc-with-multiple-secrets\target\test-classes;C:\Users\TJ\eclipse-workspace\spring-boot-securityconfig-oidc-with-multiple-secrets\target\classes;C:\Users\TJ\.m2\repository\org\springframework\boot\spring-boot-starter-web\3.5.4\spring-boot-starter-web-3.5.4.jar;C:\Users\TJ\.m2\repository\org\springframework\boot\spring-boot-starter\3.5.4\spring-boot-starter-3.5.4.jar;C:\Users\TJ\.m2\repository\org\springframework\boot\spring-boot\3.5.4\spring-boot-3.5.4.jar;C:\Users\TJ\.m2\repository\org\springframework\boot\spring-boot-autoconfigure\3.5.4\spring-boot-autoconfigure-3.5.4.jar;C:\Users\TJ\.m2\repository\org\springframework\boot\spring-boot-starter-logging\3.5.4\spring-boot-starter-logging-3.5.4.jar;C:\Users\TJ\.m2\repository\ch\qos\logback\logback-classic\1.5.18\logback-classic-1.5.18.jar;C:\Users\TJ\.m2\repository\ch\qos\logback\logback-core\1.5.18\logback-core-1.5.18.jar;C:\Users\TJ\.m2\repository\org\apache\logging\log4j\log4j-to-slf4j\2.24.3\log4j-to-slf4j-2.24.3.jar;C:\Users\TJ\.m2\repository\org\apache\logging\log4j\log4j-api\2.24.3\log4j-api-2.24.3.jar;C:\Users\TJ\.m2\repository\org\slf4j\jul-to-slf4j\2.0.17\jul-to-slf4j-2.0.17.jar;C:\Users\TJ\.m2\repository\jakarta\annotation\jakarta.annotation-api\2.1.1\jakarta.annotation-api-2.1.1.jar;C:\Users\TJ\.m2\repository\org\yaml\snakeyaml\2.4\snakeyaml-2.4.jar;C:\Users\TJ\.m2\repository\org\springframework\boot\spring-boot-starter-json\3.5.4\spring-boot-starter-json-3.5.4.jar;C:\Users\TJ\.m2\repository\com\fasterxml\jackson\core\jackson-databind\2.19.2\jackson-databind-2.19.2.jar;C:\Users\TJ\.m2\repository\com\fasterxml\jackson\core\jackson-annotations\2.19.2\jackson-annotations-2.19.2.jar;C:\Users\TJ\.m2\repository\com\fasterxml\jackson\core\jackson-core\2.19.2\jackson-core-2.19.2.jar;C:\Users\TJ\.m2\repository\com\fasterxml\jackson\datatype\jackson-datatype-jdk8\2.19.2\jackson-datatype-jdk8-2.19.2.jar;C:\Users\TJ\.m2\repository\com\fasterxml\jackson\datatype\jackson-datatype-jsr310\2.19.2\jackson-datatype-jsr310-2.19.2.jar;C:\Users\TJ\.m2\repository\com\fasterxml\jackson\module\jackson-module-parameter-names\2.19.2\jackson-module-parameter-names-2.19.2.jar;C:\Users\TJ\.m2\repository\org\springframework\boot\spring-boot-starter-tomcat\3.5.4\spring-boot-starter-tomcat-3.5.4.jar;C:\Users\TJ\.m2\repository\org\apache\tomcat\embed\tomcat-embed-core\10.1.43\tomcat-embed-core-10.1.43.jar;C:\Users\TJ\.m2\repository\org\apache\tomcat\embed\tomcat-embed-el\10.1.43\tomcat-embed-el-10.1.43.jar;C:\Users\TJ\.m2\repository\org\apache\tomcat\embed\tomcat-embed-websocket\10.1.43\tomcat-embed-websocket-10.1.43.jar;C:\Users\TJ\.m2\repository\org\springframework\spring-web\6.2.9\spring-web-6.2.9.jar;C:\Users\TJ\.m2\repository\org\springframework\spring-beans\6.2.9\spring-beans-6.2.9.jar;C:\Users\TJ\.m2\repository\io\micrometer\micrometer-observation\1.15.2\micrometer-observation-1.15.2.jar;C:\Users\TJ\.m2\repository\io\micrometer\micrometer-commons\1.15.2\micrometer-commons-1.15.2.jar;C:\Users\TJ\.m2\repository\org\springframework\spring-webmvc\6.2.9\spring-webmvc-6.2.9.jar;C:\Users\TJ\.m2\repository\org\springframework\spring-context\6.2.9\spring-context-6.2.9.jar;C:\Users\TJ\.m2\repository\org\springframework\spring-expression\6.2.9\spring-expression-6.2.9.jar;C:\Users\TJ\.m2\repository\org\springframework\boot\spring-boot-starter-oauth2-client\3.5.4\spring-boot-starter-oauth2-client-3.5.4.jar;C:\Users\TJ\.m2\repository\org\springframework\security\spring-security-config\6.5.2\spring-security-config-6.5.2.jar;C:\Users\TJ\.m2\repository\org\springframework\security\spring-security-core\6.5.2\spring-security-core-6.5.2.jar;C:\Users\TJ\.m2\repository\org\springframework\security\spring-security-crypto\6.5.2\spring-security-crypto-6.5.2.jar;C:\Users\TJ\.m2\repository\org\springframework\security\spring-security-oauth2-client\6.5.2\spring-security-oauth2-client-6.5.2.jar;C:\Users\TJ\.m2\repository\org\springframework\security\spring-security-oauth2-core\6.5.2\spring-security-oauth2-core-6.5.2.jar;C:\Users\TJ\.m2\repository\com\nimbusds\oauth2-oidc-sdk\9.43.6\oauth2-oidc-sdk-9.43.6.jar;C:\Users\TJ\.m2\repository\com\github\stephenc\jcip\jcip-annotations\1.0-1\jcip-annotations-1.0-1.jar;C:\Users\TJ\.m2\repository\com\nimbusds\content-type\2.2\content-type-2.2.jar;C:\Users\TJ\.m2\repository\com\nimbusds\lang-tag\1.7\lang-tag-1.7.jar;C:\Users\TJ\.m2\repository\org\springframework\security\spring-security-oauth2-jose\6.5.2\spring-security-oauth2-jose-6.5.2.jar;C:\Users\TJ\.m2\repository\com\nimbusds\nimbus-jose-jwt\9.37.3\nimbus-jose-jwt-9.37.3.jar;C:\Users\TJ\.m2\repository\org\springframework\boot\spring-boot-starter-oauth2-resource-server\3.5.4\spring-boot-starter-oauth2-resource-server-3.5.4.jar;C:\Users\TJ\.m2\repository\org\springframework\security\spring-security-oauth2-resource-server\6.5.2\spring-security-oauth2-resource-server-6.5.2.jar;C:\Users\TJ\.m2\repository\org\springframework\boot\spring-boot-starter-security\3.5.4\spring-boot-starter-security-3.5.4.jar;C:\Users\TJ\.m2\repository\org\springframework\spring-aop\6.2.9\spring-aop-6.2.9.jar;C:\Users\TJ\.m2\repository\org\springframework\security\spring-security-web\6.5.2\spring-security-web-6.5.2.jar;C:\Users\TJ\.m2\repository\org\springframework\boot\spring-boot-starter-thymeleaf\3.5.4\spring-boot-starter-thymeleaf-3.5.4.jar;C:\Users\TJ\.m2\repository\org\thymeleaf\thymeleaf-spring6\3.1.3.RELEASE\thymeleaf-spring6-3.1.3.RELEASE.jar;C:\Users\TJ\.m2\repository\org\thymeleaf\thymeleaf\3.1.3.RELEASE\thymeleaf-3.1.3.RELEASE.jar;C:\Users\TJ\.m2\repository\org\attoparser\attoparser\2.0.7.RELEASE\attoparser-2.0.7.RELEASE.jar;C:\Users\TJ\.m2\repository\org\unbescape\unbescape\1.1.6.RELEASE\unbescape-1.1.6.RELEASE.jar;C:\Users\TJ\.m2\repository\org\thymeleaf\extras\thymeleaf-extras-springsecurity6\3.1.3.RELEASE\thymeleaf-extras-springsecurity6-3.1.3.RELEASE.jar;C:\Users\TJ\.m2\repository\org\slf4j\slf4j-api\2.0.17\slf4j-api-2.0.17.jar;C:\Users\TJ\.m2\repository\org\springframework\boot\spring-boot-configuration-processor\3.5.4\spring-boot-configuration-processor-3.5.4.jar;C:\Users\TJ\.m2\repository\org\projectlombok\lombok\1.18.38\lombok-1.18.38.jar;C:\Users\TJ\.m2\repository\org\springframework\boot\spring-boot-starter-test\3.5.4\spring-boot-starter-test-3.5.4.jar;C:\Users\TJ\.m2\repository\org\springframework\boot\spring-boot-test\3.5.4\spring-boot-test-3.5.4.jar;C:\Users\TJ\.m2\repository\org\springframework\boot\spring-boot-test-autoconfigure\3.5.4\spring-boot-test-autoconfigure-3.5.4.jar;C:\Users\TJ\.m2\repository\com\jayway\jsonpath\json-path\2.9.0\json-path-2.9.0.jar;C:\Users\TJ\.m2\repository\jakarta\xml\bind\jakarta.xml.bind-api\4.0.2\jakarta.xml.bind-api-4.0.2.jar;C:\Users\TJ\.m2\repository\jakarta\activation\jakarta.activation-api\2.1.3\jakarta.activation-api-2.1.3.jar;C:\Users\TJ\.m2\repository\net\minidev\json-smart\2.5.2\json-smart-2.5.2.jar;C:\Users\TJ\.m2\repository\net\minidev\accessors-smart\2.5.2\accessors-smart-2.5.2.jar;C:\Users\TJ\.m2\repository\org\ow2\asm\asm\9.7.1\asm-9.7.1.jar;C:\Users\TJ\.m2\repository\org\assertj\assertj-core\3.27.3\assertj-core-3.27.3.jar;C:\Users\TJ\.m2\repository\net\bytebuddy\byte-buddy\1.17.6\byte-buddy-1.17.6.jar;C:\Users\TJ\.m2\repository\org\awaitility\awaitility\4.2.2\awaitility-4.2.2.jar;C:\Users\TJ\.m2\repository\org\hamcrest\hamcrest\3.0\hamcrest-3.0.jar;C:\Users\TJ\.m2\repository\org\junit\jupiter\junit-jupiter\5.12.2\junit-jupiter-5.12.2.jar;C:\Users\TJ\.m2\repository\org\junit\jupiter\junit-jupiter-api\5.12.2\junit-jupiter-api-5.12.2.jar;C:\Users\TJ\.m2\repository\org\opentest4j\opentest4j\1.3.0\opentest4j-1.3.0.jar;C:\Users\TJ\.m2\repository\org\junit\platform\junit-platform-commons\1.12.2\junit-platform-commons-1.12.2.jar;C:\Users\TJ\.m2\repository\org\apiguardian\apiguardian-api\1.1.2\apiguardian-api-1.1.2.jar;C:\Users\TJ\.m2\repository\org\junit\jupiter\junit-jupiter-params\5.12.2\junit-jupiter-params-5.12.2.jar;C:\Users\TJ\.m2\repository\org\junit\jupiter\junit-jupiter-engine\5.12.2\junit-jupiter-engine-5.12.2.jar;C:\Users\TJ\.m2\repository\org\junit\platform\junit-platform-engine\1.12.2\junit-platform-engine-1.12.2.jar;C:\Users\TJ\.m2\repository\org\mockito\mockito-core\5.17.0\mockito-core-5.17.0.jar;C:\Users\TJ\.m2\repository\net\bytebuddy\byte-buddy-agent\1.17.6\byte-buddy-agent-1.17.6.jar;C:\Users\TJ\.m2\repository\org\objenesis\objenesis\3.3\objenesis-3.3.jar;C:\Users\TJ\.m2\repository\org\mockito\mockito-junit-jupiter\5.17.0\mockito-junit-jupiter-5.17.0.jar;C:\Users\TJ\.m2\repository\org\skyscreamer\jsonassert\1.5.3\jsonassert-1.5.3.jar;C:\Users\TJ\.m2\repository\com\vaadin\external\google\android-json\0.0.20131108.vaadin1\android-json-0.0.20131108.vaadin1.jar;C:\Users\TJ\.m2\repository\org\springframework\spring-core\6.2.9\spring-core-6.2.9.jar;C:\Users\TJ\.m2\repository\org\springframework\spring-jcl\6.2.9\spring-jcl-6.2.9.jar;C:\Users\TJ\.m2\repository\org\springframework\spring-test\6.2.9\spring-test-6.2.9.jar;C:\Users\TJ\.m2\repository\org\xmlunit\xmlunit-core\2.10.3\xmlunit-core-2.10.3.jar;C:\Users\TJ\.m2\repository\org\springframework\security\spring-security-test\6.5.2\spring-security-test-6.5.2.jar;"/>
    <property name="java.vm.vendor" value="Eclipse Adoptium"/>
    <property name="sun.arch.data.model" value="64"/>
    <property name="user.variant" value=""/>
    <property name="java.vendor.url" value="https://adoptium.net/"/>
    <property name="user.timezone" value="America/Chicago"/>
    <property name="os.name" value="Windows 11"/>
    <property name="java.vm.specification.version" value="21"/>
    <property name="APPLICATION_NAME" value="oidc-multi-secret-demo"/>
    <property name="sun.java.launcher" value="SUN_STANDARD"/>
    <property name="user.country" value="US"/>
    <property name="sun.boot.library.path" value="C:\Program Files\Eclipse Adoptium\jdk-21.0.5.11-hotspot\bin"/>
    <property name="sun.java.command" value="C:\Users\TJ\AppData\Local\Temp\surefire1962062159113199414\surefirebooter-20250803172238267_3.jar C:\Users\TJ\AppData\Local\Temp\surefire1962062159113199414 2025-08-03T17-22-38_117-jvmRun1 surefire-20250803172238267_1tmp surefire_0-20250803172238267_2tmp"/>
    <property name="jdk.debug" value="release"/>
    <property name="surefire.test.class.path" value="C:\Users\TJ\eclipse-workspace\spring-boot-securityconfig-oidc-with-multiple-secrets\target\test-classes;C:\Users\TJ\eclipse-workspace\spring-boot-securityconfig-oidc-with-multiple-secrets\target\classes;C:\Users\TJ\.m2\repository\org\springframework\boot\spring-boot-starter-web\3.5.4\spring-boot-starter-web-3.5.4.jar;C:\Users\TJ\.m2\repository\org\springframework\boot\spring-boot-starter\3.5.4\spring-boot-starter-3.5.4.jar;C:\Users\TJ\.m2\repository\org\springframework\boot\spring-boot\3.5.4\spring-boot-3.5.4.jar;C:\Users\TJ\.m2\repository\org\springframework\boot\spring-boot-autoconfigure\3.5.4\spring-boot-autoconfigure-3.5.4.jar;C:\Users\TJ\.m2\repository\org\springframework\boot\spring-boot-starter-logging\3.5.4\spring-boot-starter-logging-3.5.4.jar;C:\Users\TJ\.m2\repository\ch\qos\logback\logback-classic\1.5.18\logback-classic-1.5.18.jar;C:\Users\TJ\.m2\repository\ch\qos\logback\logback-core\1.5.18\logback-core-1.5.18.jar;C:\Users\TJ\.m2\repository\org\apache\logging\log4j\log4j-to-slf4j\2.24.3\log4j-to-slf4j-2.24.3.jar;C:\Users\TJ\.m2\repository\org\apache\logging\log4j\log4j-api\2.24.3\log4j-api-2.24.3.jar;C:\Users\TJ\.m2\repository\org\slf4j\jul-to-slf4j\2.0.17\jul-to-slf4j-2.0.17.jar;C:\Users\TJ\.m2\repository\jakarta\annotation\jakarta.annotation-api\2.1.1\jakarta.annotation-api-2.1.1.jar;C:\Users\TJ\.m2\repository\org\yaml\snakeyaml\2.4\snakeyaml-2.4.jar;C:\Users\TJ\.m2\repository\org\springframework\boot\spring-boot-starter-json\3.5.4\spring-boot-starter-json-3.5.4.jar;C:\Users\TJ\.m2\repository\com\fasterxml\jackson\core\jackson-databind\2.19.2\jackson-databind-2.19.2.jar;C:\Users\TJ\.m2\repository\com\fasterxml\jackson\core\jackson-annotations\2.19.2\jackson-annotations-2.19.2.jar;C:\Users\TJ\.m2\repository\com\fasterxml\jackson\core\jackson-core\2.19.2\jackson-core-2.19.2.jar;C:\Users\TJ\.m2\repository\com\fasterxml\jackson\datatype\jackson-datatype-jdk8\2.19.2\jackson-datatype-jdk8-2.19.2.jar;C:\Users\TJ\.m2\repository\com\fasterxml\jackson\datatype\jackson-datatype-jsr310\2.19.2\jackson-datatype-jsr310-2.19.2.jar;C:\Users\TJ\.m2\repository\com\fasterxml\jackson\module\jackson-module-parameter-names\2.19.2\jackson-module-parameter-names-2.19.2.jar;C:\Users\TJ\.m2\repository\org\springframework\boot\spring-boot-starter-tomcat\3.5.4\spring-boot-starter-tomcat-3.5.4.jar;C:\Users\TJ\.m2\repository\org\apache\tomcat\embed\tomcat-embed-core\10.1.43\tomcat-embed-core-10.1.43.jar;C:\Users\TJ\.m2\repository\org\apache\tomcat\embed\tomcat-embed-el\10.1.43\tomcat-embed-el-10.1.43.jar;C:\Users\TJ\.m2\repository\org\apache\tomcat\embed\tomcat-embed-websocket\10.1.43\tomcat-embed-websocket-10.1.43.jar;C:\Users\TJ\.m2\repository\org\springframework\spring-web\6.2.9\spring-web-6.2.9.jar;C:\Users\TJ\.m2\repository\org\springframework\spring-beans\6.2.9\spring-beans-6.2.9.jar;C:\Users\TJ\.m2\repository\io\micrometer\micrometer-observation\1.15.2\micrometer-observation-1.15.2.jar;C:\Users\TJ\.m2\repository\io\micrometer\micrometer-commons\1.15.2\micrometer-commons-1.15.2.jar;C:\Users\TJ\.m2\repository\org\springframework\spring-webmvc\6.2.9\spring-webmvc-6.2.9.jar;C:\Users\TJ\.m2\repository\org\springframework\spring-context\6.2.9\spring-context-6.2.9.jar;C:\Users\TJ\.m2\repository\org\springframework\spring-expression\6.2.9\spring-expression-6.2.9.jar;C:\Users\TJ\.m2\repository\org\springframework\boot\spring-boot-starter-oauth2-client\3.5.4\spring-boot-starter-oauth2-client-3.5.4.jar;C:\Users\TJ\.m2\repository\org\springframework\security\spring-security-config\6.5.2\spring-security-config-6.5.2.jar;C:\Users\TJ\.m2\repository\org\springframework\security\spring-security-core\6.5.2\spring-security-core-6.5.2.jar;C:\Users\TJ\.m2\repository\org\springframework\security\spring-security-crypto\6.5.2\spring-security-crypto-6.5.2.jar;C:\Users\TJ\.m2\repository\org\springframework\security\spring-security-oauth2-client\6.5.2\spring-security-oauth2-client-6.5.2.jar;C:\Users\TJ\.m2\repository\org\springframework\security\spring-security-oauth2-core\6.5.2\spring-security-oauth2-core-6.5.2.jar;C:\Users\TJ\.m2\repository\com\nimbusds\oauth2-oidc-sdk\9.43.6\oauth2-oidc-sdk-9.43.6.jar;C:\Users\TJ\.m2\repository\com\github\stephenc\jcip\jcip-annotations\1.0-1\jcip-annotations-1.0-1.jar;C:\Users\TJ\.m2\repository\com\nimbusds\content-type\2.2\content-type-2.2.jar;C:\Users\TJ\.m2\repository\com\nimbusds\lang-tag\1.7\lang-tag-1.7.jar;C:\Users\TJ\.m2\repository\org\springframework\security\spring-security-oauth2-jose\6.5.2\spring-security-oauth2-jose-6.5.2.jar;C:\Users\TJ\.m2\repository\com\nimbusds\nimbus-jose-jwt\9.37.3\nimbus-jose-jwt-9.37.3.jar;C:\Users\TJ\.m2\repository\org\springframework\boot\spring-boot-starter-oauth2-resource-server\3.5.4\spring-boot-starter-oauth2-resource-server-3.5.4.jar;C:\Users\TJ\.m2\repository\org\springframework\security\spring-security-oauth2-resource-server\6.5.2\spring-security-oauth2-resource-server-6.5.2.jar;C:\Users\TJ\.m2\repository\org\springframework\boot\spring-boot-starter-security\3.5.4\spring-boot-starter-security-3.5.4.jar;C:\Users\TJ\.m2\repository\org\springframework\spring-aop\6.2.9\spring-aop-6.2.9.jar;C:\Users\TJ\.m2\repository\org\springframework\security\spring-security-web\6.5.2\spring-security-web-6.5.2.jar;C:\Users\TJ\.m2\repository\org\springframework\boot\spring-boot-starter-thymeleaf\3.5.4\spring-boot-starter-thymeleaf-3.5.4.jar;C:\Users\TJ\.m2\repository\org\thymeleaf\thymeleaf-spring6\3.1.3.RELEASE\thymeleaf-spring6-3.1.3.RELEASE.jar;C:\Users\TJ\.m2\repository\org\thymeleaf\thymeleaf\3.1.3.RELEASE\thymeleaf-3.1.3.RELEASE.jar;C:\Users\TJ\.m2\repository\org\attoparser\attoparser\2.0.7.RELEASE\attoparser-2.0.7.RELEASE.jar;C:\Users\TJ\.m2\repository\org\unbescape\unbescape\1.1.6.RELEASE\unbescape-1.1.6.RELEASE.jar;C:\Users\TJ\.m2\repository\org\thymeleaf\extras\thymeleaf-extras-springsecurity6\3.1.3.RELEASE\thymeleaf-extras-springsecurity6-3.1.3.RELEASE.jar;C:\Users\TJ\.m2\repository\org\slf4j\slf4j-api\2.0.17\slf4j-api-2.0.17.jar;C:\Users\TJ\.m2\repository\org\springframework\boot\spring-boot-configuration-processor\3.5.4\spring-boot-configuration-processor-3.5.4.jar;C:\Users\TJ\.m2\repository\org\projectlombok\lombok\1.18.38\lombok-1.18.38.jar;C:\Users\TJ\.m2\repository\org\springframework\boot\spring-boot-starter-test\3.5.4\spring-boot-starter-test-3.5.4.jar;C:\Users\TJ\.m2\repository\org\springframework\boot\spring-boot-test\3.5.4\spring-boot-test-3.5.4.jar;C:\Users\TJ\.m2\repository\org\springframework\boot\spring-boot-test-autoconfigure\3.5.4\spring-boot-test-autoconfigure-3.5.4.jar;C:\Users\TJ\.m2\repository\com\jayway\jsonpath\json-path\2.9.0\json-path-2.9.0.jar;C:\Users\TJ\.m2\repository\jakarta\xml\bind\jakarta.xml.bind-api\4.0.2\jakarta.xml.bind-api-4.0.2.jar;C:\Users\TJ\.m2\repository\jakarta\activation\jakarta.activation-api\2.1.3\jakarta.activation-api-2.1.3.jar;C:\Users\TJ\.m2\repository\net\minidev\json-smart\2.5.2\json-smart-2.5.2.jar;C:\Users\TJ\.m2\repository\net\minidev\accessors-smart\2.5.2\accessors-smart-2.5.2.jar;C:\Users\TJ\.m2\repository\org\ow2\asm\asm\9.7.1\asm-9.7.1.jar;C:\Users\TJ\.m2\repository\org\assertj\assertj-core\3.27.3\assertj-core-3.27.3.jar;C:\Users\TJ\.m2\repository\net\bytebuddy\byte-buddy\1.17.6\byte-buddy-1.17.6.jar;C:\Users\TJ\.m2\repository\org\awaitility\awaitility\4.2.2\awaitility-4.2.2.jar;C:\Users\TJ\.m2\repository\org\hamcrest\hamcrest\3.0\hamcrest-3.0.jar;C:\Users\TJ\.m2\repository\org\junit\jupiter\junit-jupiter\5.12.2\junit-jupiter-5.12.2.jar;C:\Users\TJ\.m2\repository\org\junit\jupiter\junit-jupiter-api\5.12.2\junit-jupiter-api-5.12.2.jar;C:\Users\TJ\.m2\repository\org\opentest4j\opentest4j\1.3.0\opentest4j-1.3.0.jar;C:\Users\TJ\.m2\repository\org\junit\platform\junit-platform-commons\1.12.2\junit-platform-commons-1.12.2.jar;C:\Users\TJ\.m2\repository\org\apiguardian\apiguardian-api\1.1.2\apiguardian-api-1.1.2.jar;C:\Users\TJ\.m2\repository\org\junit\jupiter\junit-jupiter-params\5.12.2\junit-jupiter-params-5.12.2.jar;C:\Users\TJ\.m2\repository\org\junit\jupiter\junit-jupiter-engine\5.12.2\junit-jupiter-engine-5.12.2.jar;C:\Users\TJ\.m2\repository\org\junit\platform\junit-platform-engine\1.12.2\junit-platform-engine-1.12.2.jar;C:\Users\TJ\.m2\repository\org\mockito\mockito-core\5.17.0\mockito-core-5.17.0.jar;C:\Users\TJ\.m2\repository\net\bytebuddy\byte-buddy-agent\1.17.6\byte-buddy-agent-1.17.6.jar;C:\Users\TJ\.m2\repository\org\objenesis\objenesis\3.3\objenesis-3.3.jar;C:\Users\TJ\.m2\repository\org\mockito\mockito-junit-jupiter\5.17.0\mockito-junit-jupiter-5.17.0.jar;C:\Users\TJ\.m2\repository\org\skyscreamer\jsonassert\1.5.3\jsonassert-1.5.3.jar;C:\Users\TJ\.m2\repository\com\vaadin\external\google\android-json\0.0.20131108.vaadin1\android-json-0.0.20131108.vaadin1.jar;C:\Users\TJ\.m2\repository\org\springframework\spring-core\6.2.9\spring-core-6.2.9.jar;C:\Users\TJ\.m2\repository\org\springframework\spring-jcl\6.2.9\spring-jcl-6.2.9.jar;C:\Users\TJ\.m2\repository\org\springframework\spring-test\6.2.9\spring-test-6.2.9.jar;C:\Users\TJ\.m2\repository\org\xmlunit\xmlunit-core\2.10.3\xmlunit-core-2.10.3.jar;C:\Users\TJ\.m2\repository\org\springframework\security\spring-security-test\6.5.2\spring-security-test-6.5.2.jar;"/>
    <property name="sun.cpu.endian" value="little"/>
    <property name="user.home" value="C:\Users\TJ"/>
    <property name="user.language" value="en"/>
    <property name="java.specification.vendor" value="Oracle Corporation"/>
    <property name="java.version.date" value="2024-10-15"/>
    <property name="java.home" value="C:\Program Files\Eclipse Adoptium\jdk-21.0.5.11-hotspot"/>
    <property name="file.separator" value="\"/>
    <property name="basedir" value="C:\Users\TJ\eclipse-workspace\spring-boot-securityconfig-oidc-with-multiple-secrets"/>
    <property name="java.vm.compressedOopsMode" value="Zero based"/>
    <property name="line.separator" value="&#10;"/>
    <property name="java.vm.specification.vendor" value="Oracle Corporation"/>
    <property name="java.specification.name" value="Java Platform API Specification"/>
    <property name="FILE_LOG_CHARSET" value="UTF-8"/>
    <property name="java.awt.headless" value="true"/>
    <property name="surefire.real.class.path" value="C:\Users\TJ\AppData\Local\Temp\surefire1962062159113199414\surefirebooter-20250803172238267_3.jar"/>
    <property name="user.script" value=""/>
    <property name="sun.management.compiler" value="HotSpot 64-Bit Tiered Compilers"/>
    <property name="java.runtime.version" value="21.0.5+11-LTS"/>
    <property name="user.name" value="TJ"/>
    <property name="stdout.encoding" value="Cp1252"/>
    <property name="path.separator" value=";"/>
    <property name="os.version" value="10.0"/>
    <property name="java.runtime.name" value="OpenJDK Runtime Environment"/>
    <property name="file.encoding" value="UTF-8"/>
    <property name="FILE_LOG_PATTERN" value="%d{yyyy-MM-dd HH:mm:ss} [%thread] [correlationId=%X{correlationId:-N/A}] [transactionId=%X{transactionId:-N/A}] %-5level %logger{36} - %msg%n"/>
    <property name="java.vm.name" value="OpenJDK 64-Bit Server VM"/>
    <property name="java.vendor.version" value="Temurin-21.0.5+11"/>
    <property name="localRepository" value="C:\Users\TJ\.m2\repository"/>
    <property name="java.vendor.url.bug" value="https://github.com/adoptium/adoptium-support/issues"/>
    <property name="java.io.tmpdir" value="C:\Users\TJ\AppData\Local\Temp\"/>
    <property name="java.version" value="21.0.5"/>
    <property name="user.dir" value="C:\Users\TJ\eclipse-workspace\spring-boot-securityconfig-oidc-with-multiple-secrets"/>
    <property name="os.arch" value="amd64"/>
    <property name="java.vm.specification.name" value="Java Virtual Machine Specification"/>
    <property name="PID" value="23052"/>
    <property name="sun.os.patch.level" value=""/>
    <property name="CONSOLE_LOG_CHARSET" value="UTF-8"/>
    <property name="native.encoding" value="Cp1252"/>
    <property name="java.library.path" value="C:\Program Files\Eclipse Adoptium\jdk-21.0.5.11-hotspot\bin;C:\WINDOWS\Sun\Java\bin;C:\WINDOWS\system32;C:\WINDOWS;C:\Program Files\Git\mingw64\bin;C:\Program Files\Git\usr\bin;C:\Users\TJ\bin;C:\Program Files\Eclipse Adoptium\jdk-21.0.5.11-hotspot\bin;C:\Program Files\Eclipse Adoptium\jdk-17.0.13.11-hotspot\bin;C:\Program Files\Python313\Scripts;C:\Program Files\Python313;C:\Python312\Scripts;C:\Python312;C:\Program Files\Microsoft\jdk-21.0.5.11-hotspot\bin;C:\Program Files\Microsoft\jdk-17.0.13.11-hotspot\bin;C:\WINDOWS\system32;C:\WINDOWS;C:\WINDOWS\System32\Wbem;C:\WINDOWS\System32\WindowsPowerShell\v1.0;C:\WINDOWS\System32\OpenSSH;C:\ProgramData\chocolatey\bin;C:\Program Files\Apache\Maven\apache-maven-3.9.9\bin;C:\Program Files\Git\cmd;C:\Program Files\Git LFS;C:\Program Files\nodejs;C:\Program Files\Docker\Docker\resources\bin;C:\Program Files\PowerShell\7;C:\Users\TJ\AppData\Local\Microsoft\WindowsApps;C:\Users\TJ\AppData\Local\Programs\Microsoft VS Code\bin;C:\Program Files\JetBrains\IntelliJ IDEA Community Edition 2024.3\bin;C:\Users\TJ\AppData\Local\JetBrains\Toolbox\scripts;C:\Users\TJ\AppData\Roaming\npm;."/>
    <property name="java.vm.info" value="mixed mode, sharing"/>
    <property name="stderr.encoding" value="Cp1252"/>
    <property name="java.vendor" value="Eclipse Adoptium"/>
    <property name="java.vm.version" value="21.0.5+11-LTS"/>
    <property name="sun.io.unicode.encoding" value="UnicodeLittle"/>
    <property name="java.class.version" value="65.0"/>
    <property name="CONSOLE_LOG_PATTERN" value="%d{yyyy-MM-dd HH:mm:ss} - %msg [%thread] [correlationId=%X{correlationId:-N/A}] [transactionId=%X{transactionId:-N/A}] %logger{36} - %n"/>
    <property name="LOGGED_APPLICATION_NAME" value="[oidc-multi-secret-demo] "/>
  </properties>
  <testcase name="testApi_InvalidatedSession_Returns401" classname="com.example.oidc.security.ApiAuthenticationTest" time="0.003">
    <system-out><![CDATA[2025-08-03 17:22:43 - Could not detect default configuration classes for test class [com.example.oidc.security.ApiAuthenticationTest]: ApiAuthenticationTest does not declare any static, non-private, non-final, nested classes annotated with @Configuration. [main] [correlationId=N/A] [transactionId=N/A] o.s.t.c.s.AnnotationConfigContextLoaderUtils - 
2025-08-03 17:22:43 - Found @SpringBootConfiguration com.example.oidc.OidcMultiSecretApplication for test class com.example.oidc.security.ApiAuthenticationTest [main] [correlationId=N/A] [transactionId=N/A] o.s.b.t.c.SpringBootTestContextBootstrapper - 
2025-08-03 17:22:43 - No correlation ID found in request headers, generated new: corr-5bfe8db7358c419ba7e4fe15eef8ab05 [main] [correlationId=N/A] [transactionId=N/A] c.e.oidc.filter.CorrelationIdFilter - 
2025-08-03 17:22:43 - Processing request with correlationId: corr-5bfe8db7358c419ba7e4fe15eef8ab05 and transactionId: txn-b4dce156484548a38076efdaa15abd9f [main] [correlationId=corr-5bfe8db7358c419ba7e4fe15eef8ab05] [transactionId=txn-b4dce156484548a38076efdaa15abd9f] c.e.oidc.filter.CorrelationIdFilter - 
2025-08-03 17:22:43 - Securing GET /api/user [main] [correlationId=corr-5bfe8db7358c419ba7e4fe15eef8ab05] [transactionId=txn-b4dce156484548a38076efdaa15abd9f] o.s.security.web.FilterChainProxy - 
2025-08-03 17:22:43 - Set SecurityContextHolder to anonymous SecurityContext [main] [correlationId=corr-5bfe8db7358c419ba7e4fe15eef8ab05] [transactionId=txn-b4dce156484548a38076efdaa15abd9f] o.s.s.w.a.AnonymousAuthenticationFilter - 
2025-08-03 17:22:43 - Saved request http://localhost/api/user?continue to session [main] [correlationId=corr-5bfe8db7358c419ba7e4fe15eef8ab05] [transactionId=txn-b4dce156484548a38076efdaa15abd9f] o.s.s.w.s.HttpSessionRequestCache - 
2025-08-03 17:22:43 - Trying to match using com.example.oidc.config.SecurityConfig$$Lambda/0x0000014a27618210@33f81280 [main] [correlationId=corr-5bfe8db7358c419ba7e4fe15eef8ab05] [transactionId=txn-b4dce156484548a38076efdaa15abd9f] o.s.s.w.a.DelegatingAuthenticationEntryPoint - 
2025-08-03 17:22:43 - Match found! Executing com.example.oidc.config.SecurityConfig$$Lambda/0x0000014a27618000@54e680fe [main] [correlationId=corr-5bfe8db7358c419ba7e4fe15eef8ab05] [transactionId=txn-b4dce156484548a38076efdaa15abd9f] o.s.s.w.a.DelegatingAuthenticationEntryPoint - 
]]></system-out>
  </testcase>
  <testcase name="testApi_ValidAuthentication_Returns200" classname="com.example.oidc.security.ApiAuthenticationTest" time="0.005">
    <system-out><![CDATA[2025-08-03 17:22:43 - Created HttpSession as SecurityContext is non-default [main] [correlationId=N/A] [transactionId=N/A] o.s.s.w.c.HttpSessionSecurityContextRepository - 
2025-08-03 17:22:43 - Stored SecurityContextImpl [Authentication=UsernamePasswordAuthenticationToken [Principal=org.springframework.security.core.userdetails.User [Username=user, Password=[PROTECTED], Enabled=true, AccountNonExpired=true, CredentialsNonExpired=true, AccountNonLocked=true, Granted Authorities=[ROLE_USER]], Credentials=[PROTECTED], Authenticated=true, Details=null, Granted Authorities=[ROLE_USER]]] to HttpSession [org.springframework.mock.web.MockHttpSession@6124a7c0] [main] [correlationId=N/A] [transactionId=N/A] o.s.s.w.c.HttpSessionSecurityContextRepository - 
2025-08-03 17:22:43 - No correlation ID found in request headers, generated new: corr-4fbeb40d4de44eb49112f5278a49cd4c [main] [correlationId=N/A] [transactionId=N/A] c.e.oidc.filter.CorrelationIdFilter - 
2025-08-03 17:22:43 - Processing request with correlationId: corr-4fbeb40d4de44eb49112f5278a49cd4c and transactionId: txn-7c305dfd935c4e69ba645c7f22b132cd [main] [correlationId=corr-4fbeb40d4de44eb49112f5278a49cd4c] [transactionId=txn-7c305dfd935c4e69ba645c7f22b132cd] c.e.oidc.filter.CorrelationIdFilter - 
2025-08-03 17:22:43 - Securing GET /api/health [main] [correlationId=corr-4fbeb40d4de44eb49112f5278a49cd4c] [transactionId=txn-7c305dfd935c4e69ba645c7f22b132cd] o.s.security.web.FilterChainProxy - 
2025-08-03 17:22:43 - Retrieved SecurityContextImpl [Authentication=UsernamePasswordAuthenticationToken [Principal=org.springframework.security.core.userdetails.User [Username=user, Password=[PROTECTED], Enabled=true, AccountNonExpired=true, CredentialsNonExpired=true, AccountNonLocked=true, Granted Authorities=[ROLE_USER]], Credentials=[PROTECTED], Authenticated=true, Details=null, Granted Authorities=[ROLE_USER]]] [main] [correlationId=corr-4fbeb40d4de44eb49112f5278a49cd4c] [transactionId=txn-7c305dfd935c4e69ba645c7f22b132cd] o.s.s.w.c.HttpSessionSecurityContextRepository - 
2025-08-03 17:22:43 - Secured GET /api/health [main] [correlationId=corr-4fbeb40d4de44eb49112f5278a49cd4c] [transactionId=txn-7c305dfd935c4e69ba645c7f22b132cd] o.s.security.web.FilterChainProxy - 
2025-08-03 17:22:43 - Health check endpoint called [main] [correlationId=corr-4fbeb40d4de44eb49112f5278a49cd4c] [transactionId=txn-7c305dfd935c4e69ba645c7f22b132cd] c.e.oidc.controller.ApiController - 
]]></system-out>
  </testcase>
  <testcase name="testApi_PostRequest_NoAuth_Returns401" classname="com.example.oidc.security.ApiAuthenticationTest" time="0.007">
    <system-out><![CDATA[2025-08-03 17:22:43 - No correlation ID found in request headers, generated new: corr-1ebea26584c244f9bfc1593f1445f0f9 [main] [correlationId=N/A] [transactionId=N/A] c.e.oidc.filter.CorrelationIdFilter - 
2025-08-03 17:22:43 - Processing request with correlationId: corr-1ebea26584c244f9bfc1593f1445f0f9 and transactionId: txn-39ed414ff30446629fa6f36acbdd0841 [main] [correlationId=corr-1ebea26584c244f9bfc1593f1445f0f9] [transactionId=txn-39ed414ff30446629fa6f36acbdd0841] c.e.oidc.filter.CorrelationIdFilter - 
2025-08-03 17:22:43 - Securing POST /api/data [main] [correlationId=corr-1ebea26584c244f9bfc1593f1445f0f9] [transactionId=txn-39ed414ff30446629fa6f36acbdd0841] o.s.security.web.FilterChainProxy - 
2025-08-03 17:22:43 - Set SecurityContextHolder to anonymous SecurityContext [main] [correlationId=corr-1ebea26584c244f9bfc1593f1445f0f9] [transactionId=txn-39ed414ff30446629fa6f36acbdd0841] o.s.s.w.a.AnonymousAuthenticationFilter - 
2025-08-03 17:22:43 - Trying to match using com.example.oidc.config.SecurityConfig$$Lambda/0x0000014a27618210@33f81280 [main] [correlationId=corr-1ebea26584c244f9bfc1593f1445f0f9] [transactionId=txn-39ed414ff30446629fa6f36acbdd0841] o.s.s.w.a.DelegatingAuthenticationEntryPoint - 
2025-08-03 17:22:43 - Match found! Executing com.example.oidc.config.SecurityConfig$$Lambda/0x0000014a27618000@54e680fe [main] [correlationId=corr-1ebea26584c244f9bfc1593f1445f0f9] [transactionId=txn-39ed414ff30446629fa6f36acbdd0841] o.s.s.w.a.DelegatingAuthenticationEntryPoint - 
]]></system-out>
  </testcase>
  <testcase name="testApi_ExpiredSession_Returns401" classname="com.example.oidc.security.ApiAuthenticationTest" time="2.018">
    <system-out><![CDATA[2025-08-03 17:22:43 - Stored SecurityContextImpl [Authentication=UsernamePasswordAuthenticationToken [Principal=org.springframework.security.core.userdetails.User [Username=testuser, Password=[PROTECTED], Enabled=true, AccountNonExpired=true, CredentialsNonExpired=true, AccountNonLocked=true, Granted Authorities=[ROLE_USER]], Credentials=[PROTECTED], Authenticated=true, Details=null, Granted Authorities=[ROLE_USER]]] to HttpSession [org.springframework.mock.web.MockHttpSession@6a2d0a19] [main] [correlationId=N/A] [transactionId=N/A] o.s.s.w.c.HttpSessionSecurityContextRepository - 
2025-08-03 17:22:43 - No correlation ID found in request headers, generated new: corr-59f9e55e1efa4b33b948bf7cba97a59c [main] [correlationId=N/A] [transactionId=N/A] c.e.oidc.filter.CorrelationIdFilter - 
2025-08-03 17:22:43 - Processing request with correlationId: corr-59f9e55e1efa4b33b948bf7cba97a59c and transactionId: txn-82d00e299baf4df4b5b04f62e5ea20da [main] [correlationId=corr-59f9e55e1efa4b33b948bf7cba97a59c] [transactionId=txn-82d00e299baf4df4b5b04f62e5ea20da] c.e.oidc.filter.CorrelationIdFilter - 
2025-08-03 17:22:43 - Securing GET /api/health [main] [correlationId=corr-59f9e55e1efa4b33b948bf7cba97a59c] [transactionId=txn-82d00e299baf4df4b5b04f62e5ea20da] o.s.security.web.FilterChainProxy - 
2025-08-03 17:22:43 - Retrieved SecurityContextImpl [Authentication=UsernamePasswordAuthenticationToken [Principal=org.springframework.security.core.userdetails.User [Username=testuser, Password=[PROTECTED], Enabled=true, AccountNonExpired=true, CredentialsNonExpired=true, AccountNonLocked=true, Granted Authorities=[ROLE_USER]], Credentials=[PROTECTED], Authenticated=true, Details=null, Granted Authorities=[ROLE_USER]]] [main] [correlationId=corr-59f9e55e1efa4b33b948bf7cba97a59c] [transactionId=txn-82d00e299baf4df4b5b04f62e5ea20da] o.s.s.w.c.HttpSessionSecurityContextRepository - 
2025-08-03 17:22:43 - Secured GET /api/health [main] [correlationId=corr-59f9e55e1efa4b33b948bf7cba97a59c] [transactionId=txn-82d00e299baf4df4b5b04f62e5ea20da] o.s.security.web.FilterChainProxy - 
2025-08-03 17:22:43 - Health check endpoint called [main] [correlationId=corr-59f9e55e1efa4b33b948bf7cba97a59c] [transactionId=txn-82d00e299baf4df4b5b04f62e5ea20da] c.e.oidc.controller.ApiController - 
2025-08-03 17:22:45 - No correlation ID found in request headers, generated new: corr-f8970bdad7b049de97fde9387f2e0382 [main] [correlationId=N/A] [transactionId=N/A] c.e.oidc.filter.CorrelationIdFilter - 
2025-08-03 17:22:45 - Processing request with correlationId: corr-f8970bdad7b049de97fde9387f2e0382 and transactionId: txn-2f53884f43964505b12f00f7d7faeb07 [main] [correlationId=corr-f8970bdad7b049de97fde9387f2e0382] [transactionId=txn-2f53884f43964505b12f00f7d7faeb07] c.e.oidc.filter.CorrelationIdFilter - 
2025-08-03 17:22:45 - Securing GET /api/health [main] [correlationId=corr-f8970bdad7b049de97fde9387f2e0382] [transactionId=txn-2f53884f43964505b12f00f7d7faeb07] o.s.security.web.FilterChainProxy - 
2025-08-03 17:22:45 - Set SecurityContextHolder to anonymous SecurityContext [main] [correlationId=corr-f8970bdad7b049de97fde9387f2e0382] [transactionId=txn-2f53884f43964505b12f00f7d7faeb07] o.s.s.w.a.AnonymousAuthenticationFilter - 
2025-08-03 17:22:45 - Saved request http://localhost/api/health?continue to session [main] [correlationId=corr-f8970bdad7b049de97fde9387f2e0382] [transactionId=txn-2f53884f43964505b12f00f7d7faeb07] o.s.s.w.s.HttpSessionRequestCache - 
2025-08-03 17:22:45 - Trying to match using com.example.oidc.config.SecurityConfig$$Lambda/0x0000014a27618210@33f81280 [main] [correlationId=corr-f8970bdad7b049de97fde9387f2e0382] [transactionId=txn-2f53884f43964505b12f00f7d7faeb07] o.s.s.w.a.DelegatingAuthenticationEntryPoint - 
2025-08-03 17:22:45 - Match found! Executing com.example.oidc.config.SecurityConfig$$Lambda/0x0000014a27618000@54e680fe [main] [correlationId=corr-f8970bdad7b049de97fde9387f2e0382] [transactionId=txn-2f53884f43964505b12f00f7d7faeb07] o.s.s.w.a.DelegatingAuthenticationEntryPoint - 
]]></system-out>
  </testcase>
  <testcase name="testApi_MultipleRequests_ConsistentBehavior" classname="com.example.oidc.security.ApiAuthenticationTest" time="0.009">
    <system-out><![CDATA[2025-08-03 17:22:45 - No correlation ID found in request headers, generated new: corr-6525fee75b2044b597056ce104d2a980 [main] [correlationId=N/A] [transactionId=N/A] c.e.oidc.filter.CorrelationIdFilter - 
2025-08-03 17:22:45 - Processing request with correlationId: corr-6525fee75b2044b597056ce104d2a980 and transactionId: txn-c868820b533e4abea71f0e4fca655464 [main] [correlationId=corr-6525fee75b2044b597056ce104d2a980] [transactionId=txn-c868820b533e4abea71f0e4fca655464] c.e.oidc.filter.CorrelationIdFilter - 
2025-08-03 17:22:45 - Securing GET /api/user [main] [correlationId=corr-6525fee75b2044b597056ce104d2a980] [transactionId=txn-c868820b533e4abea71f0e4fca655464] o.s.security.web.FilterChainProxy - 
2025-08-03 17:22:45 - Set SecurityContextHolder to anonymous SecurityContext [main] [correlationId=corr-6525fee75b2044b597056ce104d2a980] [transactionId=txn-c868820b533e4abea71f0e4fca655464] o.s.s.w.a.AnonymousAuthenticationFilter - 
2025-08-03 17:22:45 - Saved request http://localhost/api/user?continue to session [main] [correlationId=corr-6525fee75b2044b597056ce104d2a980] [transactionId=txn-c868820b533e4abea71f0e4fca655464] o.s.s.w.s.HttpSessionRequestCache - 
2025-08-03 17:22:45 - Trying to match using com.example.oidc.config.SecurityConfig$$Lambda/0x0000014a27618210@33f81280 [main] [correlationId=corr-6525fee75b2044b597056ce104d2a980] [transactionId=txn-c868820b533e4abea71f0e4fca655464] o.s.s.w.a.DelegatingAuthenticationEntryPoint - 
2025-08-03 17:22:45 - Match found! Executing com.example.oidc.config.SecurityConfig$$Lambda/0x0000014a27618000@54e680fe [main] [correlationId=corr-6525fee75b2044b597056ce104d2a980] [transactionId=txn-c868820b533e4abea71f0e4fca655464] o.s.s.w.a.DelegatingAuthenticationEntryPoint - 
2025-08-03 17:22:45 - No correlation ID found in request headers, generated new: corr-7f7aae5154c34e0c828890a1f56e5f3e [main] [correlationId=N/A] [transactionId=N/A] c.e.oidc.filter.CorrelationIdFilter - 
2025-08-03 17:22:45 - Processing request with correlationId: corr-7f7aae5154c34e0c828890a1f56e5f3e and transactionId: txn-49dc01d2530a4288beffd2f4911d4516 [main] [correlationId=corr-7f7aae5154c34e0c828890a1f56e5f3e] [transactionId=txn-49dc01d2530a4288beffd2f4911d4516] c.e.oidc.filter.CorrelationIdFilter - 
2025-08-03 17:22:45 - Securing GET /api/user-v2 [main] [correlationId=corr-7f7aae5154c34e0c828890a1f56e5f3e] [transactionId=txn-49dc01d2530a4288beffd2f4911d4516] o.s.security.web.FilterChainProxy - 
2025-08-03 17:22:45 - Set SecurityContextHolder to anonymous SecurityContext [main] [correlationId=corr-7f7aae5154c34e0c828890a1f56e5f3e] [transactionId=txn-49dc01d2530a4288beffd2f4911d4516] o.s.s.w.a.AnonymousAuthenticationFilter - 
2025-08-03 17:22:45 - Saved request http://localhost/api/user-v2?continue to session [main] [correlationId=corr-7f7aae5154c34e0c828890a1f56e5f3e] [transactionId=txn-49dc01d2530a4288beffd2f4911d4516] o.s.s.w.s.HttpSessionRequestCache - 
2025-08-03 17:22:45 - Trying to match using com.example.oidc.config.SecurityConfig$$Lambda/0x0000014a27618210@33f81280 [main] [correlationId=corr-7f7aae5154c34e0c828890a1f56e5f3e] [transactionId=txn-49dc01d2530a4288beffd2f4911d4516] o.s.s.w.a.DelegatingAuthenticationEntryPoint - 
2025-08-03 17:22:45 - Match found! Executing com.example.oidc.config.SecurityConfig$$Lambda/0x0000014a27618000@54e680fe [main] [correlationId=corr-7f7aae5154c34e0c828890a1f56e5f3e] [transactionId=txn-49dc01d2530a4288beffd2f4911d4516] o.s.s.w.a.DelegatingAuthenticationEntryPoint - 
2025-08-03 17:22:45 - No correlation ID found in request headers, generated new: corr-7ddeb3fb143245c8b077cf673cccc3b7 [main] [correlationId=N/A] [transactionId=N/A] c.e.oidc.filter.CorrelationIdFilter - 
2025-08-03 17:22:45 - Processing request with correlationId: corr-7ddeb3fb143245c8b077cf673cccc3b7 and transactionId: txn-ac6d12c696bf4943b82905f6937ad0c4 [main] [correlationId=corr-7ddeb3fb143245c8b077cf673cccc3b7] [transactionId=txn-ac6d12c696bf4943b82905f6937ad0c4] c.e.oidc.filter.CorrelationIdFilter - 
2025-08-03 17:22:45 - Securing GET /api/health [main] [correlationId=corr-7ddeb3fb143245c8b077cf673cccc3b7] [transactionId=txn-ac6d12c696bf4943b82905f6937ad0c4] o.s.security.web.FilterChainProxy - 
2025-08-03 17:22:45 - Set SecurityContextHolder to anonymous SecurityContext [main] [correlationId=corr-7ddeb3fb143245c8b077cf673cccc3b7] [transactionId=txn-ac6d12c696bf4943b82905f6937ad0c4] o.s.s.w.a.AnonymousAuthenticationFilter - 
2025-08-03 17:22:45 - Saved request http://localhost/api/health?continue to session [main] [correlationId=corr-7ddeb3fb143245c8b077cf673cccc3b7] [transactionId=txn-ac6d12c696bf4943b82905f6937ad0c4] o.s.s.w.s.HttpSessionRequestCache - 
2025-08-03 17:22:45 - Trying to match using com.example.oidc.config.SecurityConfig$$Lambda/0x0000014a27618210@33f81280 [main] [correlationId=corr-7ddeb3fb143245c8b077cf673cccc3b7] [transactionId=txn-ac6d12c696bf4943b82905f6937ad0c4] o.s.s.w.a.DelegatingAuthenticationEntryPoint - 
2025-08-03 17:22:45 - Match found! Executing com.example.oidc.config.SecurityConfig$$Lambda/0x0000014a27618000@54e680fe [main] [correlationId=corr-7ddeb3fb143245c8b077cf673cccc3b7] [transactionId=txn-ac6d12c696bf4943b82905f6937ad0c4] o.s.s.w.a.DelegatingAuthenticationEntryPoint - 
2025-08-03 17:22:45 - No correlation ID found in request headers, generated new: corr-be7f2ce84e124d73897572c54e6f54a1 [main] [correlationId=N/A] [transactionId=N/A] c.e.oidc.filter.CorrelationIdFilter - 
2025-08-03 17:22:45 - Processing request with correlationId: corr-be7f2ce84e124d73897572c54e6f54a1 and transactionId: txn-2e04175523e94984af35549b09d4415c [main] [correlationId=corr-be7f2ce84e124d73897572c54e6f54a1] [transactionId=txn-2e04175523e94984af35549b09d4415c] c.e.oidc.filter.CorrelationIdFilter - 
2025-08-03 17:22:45 - Securing GET /api/test [main] [correlationId=corr-be7f2ce84e124d73897572c54e6f54a1] [transactionId=txn-2e04175523e94984af35549b09d4415c] o.s.security.web.FilterChainProxy - 
2025-08-03 17:22:45 - Set SecurityContextHolder to anonymous SecurityContext [main] [correlationId=corr-be7f2ce84e124d73897572c54e6f54a1] [transactionId=txn-2e04175523e94984af35549b09d4415c] o.s.s.w.a.AnonymousAuthenticationFilter - 
2025-08-03 17:22:45 - Saved request http://localhost/api/test?continue to session [main] [correlationId=corr-be7f2ce84e124d73897572c54e6f54a1] [transactionId=txn-2e04175523e94984af35549b09d4415c] o.s.s.w.s.HttpSessionRequestCache - 
2025-08-03 17:22:45 - Trying to match using com.example.oidc.config.SecurityConfig$$Lambda/0x0000014a27618210@33f81280 [main] [correlationId=corr-be7f2ce84e124d73897572c54e6f54a1] [transactionId=txn-2e04175523e94984af35549b09d4415c] o.s.s.w.a.DelegatingAuthenticationEntryPoint - 
2025-08-03 17:22:45 - Match found! Executing com.example.oidc.config.SecurityConfig$$Lambda/0x0000014a27618000@54e680fe [main] [correlationId=corr-be7f2ce84e124d73897572c54e6f54a1] [transactionId=txn-2e04175523e94984af35549b09d4415c] o.s.s.w.a.DelegatingAuthenticationEntryPoint - 
2025-08-03 17:22:45 - No correlation ID found in request headers, generated new: corr-929e7a0bdf36420da5f54039e8e8917b [main] [correlationId=N/A] [transactionId=N/A] c.e.oidc.filter.CorrelationIdFilter - 
2025-08-03 17:22:45 - Processing request with correlationId: corr-929e7a0bdf36420da5f54039e8e8917b and transactionId: txn-1b76a1741a3441f2b2d161402accdaf5 [main] [correlationId=corr-929e7a0bdf36420da5f54039e8e8917b] [transactionId=txn-1b76a1741a3441f2b2d161402accdaf5] c.e.oidc.filter.CorrelationIdFilter - 
2025-08-03 17:22:45 - Securing GET /api/data/123 [main] [correlationId=corr-929e7a0bdf36420da5f54039e8e8917b] [transactionId=txn-1b76a1741a3441f2b2d161402accdaf5] o.s.security.web.FilterChainProxy - 
2025-08-03 17:22:45 - Set SecurityContextHolder to anonymous SecurityContext [main] [correlationId=corr-929e7a0bdf36420da5f54039e8e8917b] [transactionId=txn-1b76a1741a3441f2b2d161402accdaf5] o.s.s.w.a.AnonymousAuthenticationFilter - 
2025-08-03 17:22:45 - Saved request http://localhost/api/data/123?continue to session [main] [correlationId=corr-929e7a0bdf36420da5f54039e8e8917b] [transactionId=txn-1b76a1741a3441f2b2d161402accdaf5] o.s.s.w.s.HttpSessionRequestCache - 
2025-08-03 17:22:45 - Trying to match using com.example.oidc.config.SecurityConfig$$Lambda/0x0000014a27618210@33f81280 [main] [correlationId=corr-929e7a0bdf36420da5f54039e8e8917b] [transactionId=txn-1b76a1741a3441f2b2d161402accdaf5] o.s.s.w.a.DelegatingAuthenticationEntryPoint - 
2025-08-03 17:22:45 - Match found! Executing com.example.oidc.config.SecurityConfig$$Lambda/0x0000014a27618000@54e680fe [main] [correlationId=corr-929e7a0bdf36420da5f54039e8e8917b] [transactionId=txn-1b76a1741a3441f2b2d161402accdaf5] o.s.s.w.a.DelegatingAuthenticationEntryPoint - 
]]></system-out>
  </testcase>
  <testcase name="testWebEndpoint_NoAuthentication_RedirectsToLogin" classname="com.example.oidc.security.ApiAuthenticationTest" time="0.004">
    <system-out><![CDATA[2025-08-03 17:22:45 - No correlation ID found in request headers, generated new: corr-c386070caa29496c897e3d0e519f11af [main] [correlationId=N/A] [transactionId=N/A] c.e.oidc.filter.CorrelationIdFilter - 
2025-08-03 17:22:45 - Processing request with correlationId: corr-c386070caa29496c897e3d0e519f11af and transactionId: txn-76f7170a3ea74de992b43326c7b7b79c [main] [correlationId=corr-c386070caa29496c897e3d0e519f11af] [transactionId=txn-76f7170a3ea74de992b43326c7b7b79c] c.e.oidc.filter.CorrelationIdFilter - 
2025-08-03 17:22:45 - Securing GET /home [main] [correlationId=corr-c386070caa29496c897e3d0e519f11af] [transactionId=txn-76f7170a3ea74de992b43326c7b7b79c] o.s.security.web.FilterChainProxy - 
2025-08-03 17:22:45 - Set SecurityContextHolder to anonymous SecurityContext [main] [correlationId=corr-c386070caa29496c897e3d0e519f11af] [transactionId=txn-76f7170a3ea74de992b43326c7b7b79c] o.s.s.w.a.AnonymousAuthenticationFilter - 
2025-08-03 17:22:45 - Saved request http://localhost/home?continue to session [main] [correlationId=corr-c386070caa29496c897e3d0e519f11af] [transactionId=txn-76f7170a3ea74de992b43326c7b7b79c] o.s.s.w.s.HttpSessionRequestCache - 
2025-08-03 17:22:45 - Trying to match using com.example.oidc.config.SecurityConfig$$Lambda/0x0000014a27618210@33f81280 [main] [correlationId=corr-c386070caa29496c897e3d0e519f11af] [transactionId=txn-76f7170a3ea74de992b43326c7b7b79c] o.s.s.w.a.DelegatingAuthenticationEntryPoint - 
2025-08-03 17:22:45 - Trying to match using com.example.oidc.config.SecurityConfig$$Lambda/0x0000014a27618430@3a0e7f89 [main] [correlationId=corr-c386070caa29496c897e3d0e519f11af] [transactionId=txn-76f7170a3ea74de992b43326c7b7b79c] o.s.s.w.a.DelegatingAuthenticationEntryPoint - 
2025-08-03 17:22:45 - Match found! Executing org.springframework.security.web.authentication.LoginUrlAuthenticationEntryPoint@4f8488ef [main] [correlationId=corr-c386070caa29496c897e3d0e519f11af] [transactionId=txn-76f7170a3ea74de992b43326c7b7b79c] o.s.s.w.a.DelegatingAuthenticationEntryPoint - 
2025-08-03 17:22:45 - Redirecting to http://localhost/login [main] [correlationId=corr-c386070caa29496c897e3d0e519f11af] [transactionId=txn-76f7170a3ea74de992b43326c7b7b79c] o.s.s.web.DefaultRedirectStrategy - 
]]></system-out>
  </testcase>
  <testcase name="testApi_WithExpiredOidcToken_Returns401" classname="com.example.oidc.security.ApiAuthenticationTest" time="0.005">
    <system-out><![CDATA[2025-08-03 17:22:45 - Created HttpSession as SecurityContext is non-default [main] [correlationId=N/A] [transactionId=N/A] o.s.s.w.c.HttpSessionSecurityContextRepository - 
2025-08-03 17:22:45 - Stored SecurityContextImpl [Authentication=OAuth2AuthenticationToken [Principal=Name: [john.doe@example.com], Granted Authorities: [[ROLE_USER]], User Attributes: [{name=John Doe, sub=12345, preferred_username=john.doe@example.com, email=john.doe@example.com}], Credentials=[PROTECTED], Authenticated=true, Details=null, Granted Authorities=[ROLE_USER]]] to HttpSession [org.springframework.mock.web.MockHttpSession@37e0614e] [main] [correlationId=N/A] [transactionId=N/A] o.s.s.w.c.HttpSessionSecurityContextRepository - 
2025-08-03 17:22:45 - No correlation ID found in request headers, generated new: corr-57ab9b4b59ab4363beec9a2c451039ed [main] [correlationId=N/A] [transactionId=N/A] c.e.oidc.filter.CorrelationIdFilter - 
2025-08-03 17:22:45 - Processing request with correlationId: corr-57ab9b4b59ab4363beec9a2c451039ed and transactionId: txn-aeaf5941bab64104835eed1fd312e068 [main] [correlationId=corr-57ab9b4b59ab4363beec9a2c451039ed] [transactionId=txn-aeaf5941bab64104835eed1fd312e068] c.e.oidc.filter.CorrelationIdFilter - 
2025-08-03 17:22:45 - Securing GET /api/user [main] [correlationId=corr-57ab9b4b59ab4363beec9a2c451039ed] [transactionId=txn-aeaf5941bab64104835eed1fd312e068] o.s.security.web.FilterChainProxy - 
2025-08-03 17:22:45 - Retrieved SecurityContextImpl [Authentication=OAuth2AuthenticationToken [Principal=Name: [john.doe@example.com], Granted Authorities: [[ROLE_USER]], User Attributes: [{name=John Doe, sub=12345, preferred_username=john.doe@example.com, email=john.doe@example.com}], Credentials=[PROTECTED], Authenticated=true, Details=null, Granted Authorities=[ROLE_USER]]] [main] [correlationId=corr-57ab9b4b59ab4363beec9a2c451039ed] [transactionId=txn-aeaf5941bab64104835eed1fd312e068] o.s.s.w.c.HttpSessionSecurityContextRepository - 
2025-08-03 17:22:45 - Token expired for user: john.doe@example.com (access: false, id: true), attempting refresh [main] [correlationId=corr-57ab9b4b59ab4363beec9a2c451039ed] [transactionId=txn-aeaf5941bab64104835eed1fd312e068] c.e.o.s.OidcTokenRefreshFilter - 
2025-08-03 17:22:45 - Token expired and cannot refresh for user: john.doe@example.com [main] [correlationId=corr-57ab9b4b59ab4363beec9a2c451039ed] [transactionId=txn-aeaf5941bab64104835eed1fd312e068] c.e.o.s.OidcTokenRefreshFilter - 
]]></system-out>
  </testcase>
  <testcase name="testApi_NoAuthentication_Returns401" classname="com.example.oidc.security.ApiAuthenticationTest" time="0.005">
    <system-out><![CDATA[2025-08-03 17:22:45 - No correlation ID found in request headers, generated new: corr-dcd42e3603b3483888e6a00d87dc8a0c [main] [correlationId=N/A] [transactionId=N/A] c.e.oidc.filter.CorrelationIdFilter - 
2025-08-03 17:22:45 - Processing request with correlationId: corr-dcd42e3603b3483888e6a00d87dc8a0c and transactionId: txn-33c724d544274b19941107d6b47f58d7 [main] [correlationId=corr-dcd42e3603b3483888e6a00d87dc8a0c] [transactionId=txn-33c724d544274b19941107d6b47f58d7] c.e.oidc.filter.CorrelationIdFilter - 
2025-08-03 17:22:45 - Securing GET /api/user [main] [correlationId=corr-dcd42e3603b3483888e6a00d87dc8a0c] [transactionId=txn-33c724d544274b19941107d6b47f58d7] o.s.security.web.FilterChainProxy - 
2025-08-03 17:22:45 - Set SecurityContextHolder to anonymous SecurityContext [main] [correlationId=corr-dcd42e3603b3483888e6a00d87dc8a0c] [transactionId=txn-33c724d544274b19941107d6b47f58d7] o.s.s.w.a.AnonymousAuthenticationFilter - 
2025-08-03 17:22:45 - Saved request http://localhost/api/user?continue to session [main] [correlationId=corr-dcd42e3603b3483888e6a00d87dc8a0c] [transactionId=txn-33c724d544274b19941107d6b47f58d7] o.s.s.w.s.HttpSessionRequestCache - 
2025-08-03 17:22:45 - Trying to match using com.example.oidc.config.SecurityConfig$$Lambda/0x0000014a27618210@33f81280 [main] [correlationId=corr-dcd42e3603b3483888e6a00d87dc8a0c] [transactionId=txn-33c724d544274b19941107d6b47f58d7] o.s.s.w.a.DelegatingAuthenticationEntryPoint - 
2025-08-03 17:22:45 - Match found! Executing com.example.oidc.config.SecurityConfig$$Lambda/0x0000014a27618000@54e680fe [main] [correlationId=corr-dcd42e3603b3483888e6a00d87dc8a0c] [transactionId=txn-33c724d544274b19941107d6b47f58d7] o.s.s.w.a.DelegatingAuthenticationEntryPoint - 
2025-08-03 17:22:45 - No correlation ID found in request headers, generated new: corr-9b895f0424ec4b079fb1a8176e3ba848 [main] [correlationId=N/A] [transactionId=N/A] c.e.oidc.filter.CorrelationIdFilter - 
2025-08-03 17:22:45 - Processing request with correlationId: corr-9b895f0424ec4b079fb1a8176e3ba848 and transactionId: txn-2f49bdf441af41669e442b077c1667a7 [main] [correlationId=corr-9b895f0424ec4b079fb1a8176e3ba848] [transactionId=txn-2f49bdf441af41669e442b077c1667a7] c.e.oidc.filter.CorrelationIdFilter - 
2025-08-03 17:22:45 - Securing GET /api/user-v2 [main] [correlationId=corr-9b895f0424ec4b079fb1a8176e3ba848] [transactionId=txn-2f49bdf441af41669e442b077c1667a7] o.s.security.web.FilterChainProxy - 
2025-08-03 17:22:45 - Set SecurityContextHolder to anonymous SecurityContext [main] [correlationId=corr-9b895f0424ec4b079fb1a8176e3ba848] [transactionId=txn-2f49bdf441af41669e442b077c1667a7] o.s.s.w.a.AnonymousAuthenticationFilter - 
2025-08-03 17:22:45 - Saved request http://localhost/api/user-v2?continue to session [main] [correlationId=corr-9b895f0424ec4b079fb1a8176e3ba848] [transactionId=txn-2f49bdf441af41669e442b077c1667a7] o.s.s.w.s.HttpSessionRequestCache - 
2025-08-03 17:22:45 - Trying to match using com.example.oidc.config.SecurityConfig$$Lambda/0x0000014a27618210@33f81280 [main] [correlationId=corr-9b895f0424ec4b079fb1a8176e3ba848] [transactionId=txn-2f49bdf441af41669e442b077c1667a7] o.s.s.w.a.DelegatingAuthenticationEntryPoint - 
2025-08-03 17:22:45 - Match found! Executing com.example.oidc.config.SecurityConfig$$Lambda/0x0000014a27618000@54e680fe [main] [correlationId=corr-9b895f0424ec4b079fb1a8176e3ba848] [transactionId=txn-2f49bdf441af41669e442b077c1667a7] o.s.s.w.a.DelegatingAuthenticationEntryPoint - 
2025-08-03 17:22:45 - No correlation ID found in request headers, generated new: corr-1319f04c61b64001a18e61f28093c021 [main] [correlationId=N/A] [transactionId=N/A] c.e.oidc.filter.CorrelationIdFilter - 
2025-08-03 17:22:45 - Processing request with correlationId: corr-1319f04c61b64001a18e61f28093c021 and transactionId: txn-a8bf4ac561d04ea1a569e32ad991fb4d [main] [correlationId=corr-1319f04c61b64001a18e61f28093c021] [transactionId=txn-a8bf4ac561d04ea1a569e32ad991fb4d] c.e.oidc.filter.CorrelationIdFilter - 
2025-08-03 17:22:45 - Securing GET /api/health [main] [correlationId=corr-1319f04c61b64001a18e61f28093c021] [transactionId=txn-a8bf4ac561d04ea1a569e32ad991fb4d] o.s.security.web.FilterChainProxy - 
2025-08-03 17:22:45 - Set SecurityContextHolder to anonymous SecurityContext [main] [correlationId=corr-1319f04c61b64001a18e61f28093c021] [transactionId=txn-a8bf4ac561d04ea1a569e32ad991fb4d] o.s.s.w.a.AnonymousAuthenticationFilter - 
2025-08-03 17:22:45 - Saved request http://localhost/api/health?continue to session [main] [correlationId=corr-1319f04c61b64001a18e61f28093c021] [transactionId=txn-a8bf4ac561d04ea1a569e32ad991fb4d] o.s.s.w.s.HttpSessionRequestCache - 
2025-08-03 17:22:45 - Trying to match using com.example.oidc.config.SecurityConfig$$Lambda/0x0000014a27618210@33f81280 [main] [correlationId=corr-1319f04c61b64001a18e61f28093c021] [transactionId=txn-a8bf4ac561d04ea1a569e32ad991fb4d] o.s.s.w.a.DelegatingAuthenticationEntryPoint - 
2025-08-03 17:22:45 - Match found! Executing com.example.oidc.config.SecurityConfig$$Lambda/0x0000014a27618000@54e680fe [main] [correlationId=corr-1319f04c61b64001a18e61f28093c021] [transactionId=txn-a8bf4ac561d04ea1a569e32ad991fb4d] o.s.s.w.a.DelegatingAuthenticationEntryPoint - 
]]></system-out>
  </testcase>
  <testcase name="testApi_WithCsrfToken_StillRequiresAuth" classname="com.example.oidc.security.ApiAuthenticationTest" time="0.005">
    <system-out><![CDATA[2025-08-03 17:22:45 - No correlation ID found in request headers, generated new: corr-d6c29be4cf0e440ca991dbcf8d2e8888 [main] [correlationId=N/A] [transactionId=N/A] c.e.oidc.filter.CorrelationIdFilter - 
2025-08-03 17:22:45 - Processing request with correlationId: corr-d6c29be4cf0e440ca991dbcf8d2e8888 and transactionId: txn-f5a1f561160748c79f87e1fe25b3fba1 [main] [correlationId=corr-d6c29be4cf0e440ca991dbcf8d2e8888] [transactionId=txn-f5a1f561160748c79f87e1fe25b3fba1] c.e.oidc.filter.CorrelationIdFilter - 
2025-08-03 17:22:45 - Securing POST /api/data [main] [correlationId=corr-d6c29be4cf0e440ca991dbcf8d2e8888] [transactionId=txn-f5a1f561160748c79f87e1fe25b3fba1] o.s.security.web.FilterChainProxy - 
2025-08-03 17:22:45 - Set SecurityContextHolder to anonymous SecurityContext [main] [correlationId=corr-d6c29be4cf0e440ca991dbcf8d2e8888] [transactionId=txn-f5a1f561160748c79f87e1fe25b3fba1] o.s.s.w.a.AnonymousAuthenticationFilter - 
2025-08-03 17:22:45 - Trying to match using com.example.oidc.config.SecurityConfig$$Lambda/0x0000014a27618210@33f81280 [main] [correlationId=corr-d6c29be4cf0e440ca991dbcf8d2e8888] [transactionId=txn-f5a1f561160748c79f87e1fe25b3fba1] o.s.s.w.a.DelegatingAuthenticationEntryPoint - 
2025-08-03 17:22:45 - Match found! Executing com.example.oidc.config.SecurityConfig$$Lambda/0x0000014a27618000@54e680fe [main] [correlationId=corr-d6c29be4cf0e440ca991dbcf8d2e8888] [transactionId=txn-f5a1f561160748c79f87e1fe25b3fba1] o.s.s.w.a.DelegatingAuthenticationEntryPoint - 
]]></system-out>
  </testcase>
  <testcase name="testApi_WithValidOidcToken_Returns200" classname="com.example.oidc.security.ApiAuthenticationTest" time="0.007">
    <system-out><![CDATA[2025-08-03 17:22:45 - Created HttpSession as SecurityContext is non-default [main] [correlationId=N/A] [transactionId=N/A] o.s.s.w.c.HttpSessionSecurityContextRepository - 
2025-08-03 17:22:45 - Stored SecurityContextImpl [Authentication=OAuth2AuthenticationToken [Principal=Name: [john.doe@example.com], Granted Authorities: [[ROLE_USER]], User Attributes: [{name=John Doe, sub=12345, preferred_username=john.doe@example.com, email=john.doe@example.com}], Credentials=[PROTECTED], Authenticated=true, Details=null, Granted Authorities=[ROLE_USER]]] to HttpSession [org.springframework.mock.web.MockHttpSession@4b4b02d] [main] [correlationId=N/A] [transactionId=N/A] o.s.s.w.c.HttpSessionSecurityContextRepository - 
2025-08-03 17:22:45 - No correlation ID found in request headers, generated new: corr-32fa43058a68452cb8d4791a89cf8eae [main] [correlationId=N/A] [transactionId=N/A] c.e.oidc.filter.CorrelationIdFilter - 
2025-08-03 17:22:45 - Processing request with correlationId: corr-32fa43058a68452cb8d4791a89cf8eae and transactionId: txn-3252d6c6f3ee48dea9e100e133b1cc52 [main] [correlationId=corr-32fa43058a68452cb8d4791a89cf8eae] [transactionId=txn-3252d6c6f3ee48dea9e100e133b1cc52] c.e.oidc.filter.CorrelationIdFilter - 
2025-08-03 17:22:45 - Securing GET /api/user [main] [correlationId=corr-32fa43058a68452cb8d4791a89cf8eae] [transactionId=txn-3252d6c6f3ee48dea9e100e133b1cc52] o.s.security.web.FilterChainProxy - 
2025-08-03 17:22:45 - Retrieved SecurityContextImpl [Authentication=OAuth2AuthenticationToken [Principal=Name: [john.doe@example.com], Granted Authorities: [[ROLE_USER]], User Attributes: [{name=John Doe, sub=12345, preferred_username=john.doe@example.com, email=john.doe@example.com}], Credentials=[PROTECTED], Authenticated=true, Details=null, Granted Authorities=[ROLE_USER]]] [main] [correlationId=corr-32fa43058a68452cb8d4791a89cf8eae] [transactionId=txn-3252d6c6f3ee48dea9e100e133b1cc52] o.s.s.w.c.HttpSessionSecurityContextRepository - 
2025-08-03 17:22:45 - Secured GET /api/user [main] [correlationId=corr-32fa43058a68452cb8d4791a89cf8eae] [transactionId=txn-3252d6c6f3ee48dea9e100e133b1cc52] o.s.security.web.FilterChainProxy - 
2025-08-03 17:22:45 - [correlationId=corr-32fa43058a68452cb8d4791a89cf8eae, transactionId=txn-3252d6c6f3ee48dea9e100e133b1cc52] Getting current user info for: john.doe@example.com [main] [correlationId=corr-32fa43058a68452cb8d4791a89cf8eae] [transactionId=txn-3252d6c6f3ee48dea9e100e133b1cc52] c.e.oidc.controller.ApiController - 
]]></system-out>
  </testcase>
</testsuite>