<?xml version="1.0" encoding="UTF-8"?>
<testsuite xmlns:xsi="http://www.w3.org/2001/XMLSchema-instance" xsi:noNamespaceSchemaLocation="https://maven.apache.org/surefire/maven-surefire-plugin/xsd/surefire-test-report.xsd" version="3.0.2" name="com.example.oidc.security.ApiAuthenticationTest" time="4.996" tests="10" errors="0" skipped="0" failures="0">
  <properties>
    <property name="java.specification.version" value="21"/>
    <property name="sun.cpu.isalist" value="amd64"/>
    <property name="sun.jnu.encoding" value="Cp1252"/>
    <property name="java.class.path" value="C:\Users\TJ\eclipse-workspace\spring-boot-securityconfig-oidc-with-multiple-secrets\target\test-classes;C:\Users\TJ\eclipse-workspace\spring-boot-securityconfig-oidc-with-multiple-secrets\target\classes;C:\Users\TJ\.m2\repository\org\springframework\boot\spring-boot-starter-web\3.5.4\spring-boot-starter-web-3.5.4.jar;C:\Users\TJ\.m2\repository\org\springframework\boot\spring-boot-starter\3.5.4\spring-boot-starter-3.5.4.jar;C:\Users\TJ\.m2\repository\org\springframework\boot\spring-boot\3.5.4\spring-boot-3.5.4.jar;C:\Users\TJ\.m2\repository\org\springframework\boot\spring-boot-autoconfigure\3.5.4\spring-boot-autoconfigure-3.5.4.jar;C:\Users\TJ\.m2\repository\org\springframework\boot\spring-boot-starter-logging\3.5.4\spring-boot-starter-logging-3.5.4.jar;C:\Users\TJ\.m2\repository\ch\qos\logback\logback-classic\1.5.18\logback-classic-1.5.18.jar;C:\Users\TJ\.m2\repository\ch\qos\logback\logback-core\1.5.18\logback-core-1.5.18.jar;C:\Users\TJ\.m2\repository\org\apache\logging\log4j\log4j-to-slf4j\2.24.3\log4j-to-slf4j-2.24.3.jar;C:\Users\TJ\.m2\repository\org\apache\logging\log4j\log4j-api\2.24.3\log4j-api-2.24.3.jar;C:\Users\TJ\.m2\repository\org\slf4j\jul-to-slf4j\2.0.17\jul-to-slf4j-2.0.17.jar;C:\Users\TJ\.m2\repository\jakarta\annotation\jakarta.annotation-api\2.1.1\jakarta.annotation-api-2.1.1.jar;C:\Users\TJ\.m2\repository\org\yaml\snakeyaml\2.4\snakeyaml-2.4.jar;C:\Users\TJ\.m2\repository\org\springframework\boot\spring-boot-starter-json\3.5.4\spring-boot-starter-json-3.5.4.jar;C:\Users\TJ\.m2\repository\com\fasterxml\jackson\core\jackson-databind\2.19.2\jackson-databind-2.19.2.jar;C:\Users\TJ\.m2\repository\com\fasterxml\jackson\core\jackson-annotations\2.19.2\jackson-annotations-2.19.2.jar;C:\Users\TJ\.m2\repository\com\fasterxml\jackson\core\jackson-core\2.19.2\jackson-core-2.19.2.jar;C:\Users\TJ\.m2\repository\com\fasterxml\jackson\datatype\jackson-datatype-jdk8\2.19.2\jackson-datatype-jdk8-2.19.2.jar;C:\Users\TJ\.m2\repository\com\fasterxml\jackson\datatype\jackson-datatype-jsr310\2.19.2\jackson-datatype-jsr310-2.19.2.jar;C:\Users\TJ\.m2\repository\com\fasterxml\jackson\module\jackson-module-parameter-names\2.19.2\jackson-module-parameter-names-2.19.2.jar;C:\Users\TJ\.m2\repository\org\springframework\boot\spring-boot-starter-tomcat\3.5.4\spring-boot-starter-tomcat-3.5.4.jar;C:\Users\TJ\.m2\repository\org\apache\tomcat\embed\tomcat-embed-core\10.1.43\tomcat-embed-core-10.1.43.jar;C:\Users\TJ\.m2\repository\org\apache\tomcat\embed\tomcat-embed-el\10.1.43\tomcat-embed-el-10.1.43.jar;C:\Users\TJ\.m2\repository\org\apache\tomcat\embed\tomcat-embed-websocket\10.1.43\tomcat-embed-websocket-10.1.43.jar;C:\Users\TJ\.m2\repository\org\springframework\spring-web\6.2.9\spring-web-6.2.9.jar;C:\Users\TJ\.m2\repository\org\springframework\spring-beans\6.2.9\spring-beans-6.2.9.jar;C:\Users\TJ\.m2\repository\io\micrometer\micrometer-observation\1.15.2\micrometer-observation-1.15.2.jar;C:\Users\TJ\.m2\repository\io\micrometer\micrometer-commons\1.15.2\micrometer-commons-1.15.2.jar;C:\Users\TJ\.m2\repository\org\springframework\spring-webmvc\6.2.9\spring-webmvc-6.2.9.jar;C:\Users\TJ\.m2\repository\org\springframework\spring-context\6.2.9\spring-context-6.2.9.jar;C:\Users\TJ\.m2\repository\org\springframework\spring-expression\6.2.9\spring-expression-6.2.9.jar;C:\Users\TJ\.m2\repository\org\springframework\boot\spring-boot-starter-oauth2-client\3.5.4\spring-boot-starter-oauth2-client-3.5.4.jar;C:\Users\TJ\.m2\repository\org\springframework\security\spring-security-config\6.5.2\spring-security-config-6.5.2.jar;C:\Users\TJ\.m2\repository\org\springframework\security\spring-security-core\6.5.2\spring-security-core-6.5.2.jar;C:\Users\TJ\.m2\repository\org\springframework\security\spring-security-crypto\6.5.2\spring-security-crypto-6.5.2.jar;C:\Users\TJ\.m2\repository\org\springframework\security\spring-security-oauth2-client\6.5.2\spring-security-oauth2-client-6.5.2.jar;C:\Users\TJ\.m2\repository\org\springframework\security\spring-security-oauth2-core\6.5.2\spring-security-oauth2-core-6.5.2.jar;C:\Users\TJ\.m2\repository\com\nimbusds\oauth2-oidc-sdk\9.43.6\oauth2-oidc-sdk-9.43.6.jar;C:\Users\TJ\.m2\repository\com\github\stephenc\jcip\jcip-annotations\1.0-1\jcip-annotations-1.0-1.jar;C:\Users\TJ\.m2\repository\com\nimbusds\content-type\2.2\content-type-2.2.jar;C:\Users\TJ\.m2\repository\com\nimbusds\lang-tag\1.7\lang-tag-1.7.jar;C:\Users\TJ\.m2\repository\org\springframework\security\spring-security-oauth2-jose\6.5.2\spring-security-oauth2-jose-6.5.2.jar;C:\Users\TJ\.m2\repository\com\nimbusds\nimbus-jose-jwt\9.37.3\nimbus-jose-jwt-9.37.3.jar;C:\Users\TJ\.m2\repository\org\springframework\boot\spring-boot-starter-oauth2-resource-server\3.5.4\spring-boot-starter-oauth2-resource-server-3.5.4.jar;C:\Users\TJ\.m2\repository\org\springframework\security\spring-security-oauth2-resource-server\6.5.2\spring-security-oauth2-resource-server-6.5.2.jar;C:\Users\TJ\.m2\repository\org\springframework\boot\spring-boot-starter-security\3.5.4\spring-boot-starter-security-3.5.4.jar;C:\Users\TJ\.m2\repository\org\springframework\spring-aop\6.2.9\spring-aop-6.2.9.jar;C:\Users\TJ\.m2\repository\org\springframework\security\spring-security-web\6.5.2\spring-security-web-6.5.2.jar;C:\Users\TJ\.m2\repository\org\springframework\boot\spring-boot-starter-thymeleaf\3.5.4\spring-boot-starter-thymeleaf-3.5.4.jar;C:\Users\TJ\.m2\repository\org\thymeleaf\thymeleaf-spring6\3.1.3.RELEASE\thymeleaf-spring6-3.1.3.RELEASE.jar;C:\Users\TJ\.m2\repository\org\thymeleaf\thymeleaf\3.1.3.RELEASE\thymeleaf-3.1.3.RELEASE.jar;C:\Users\TJ\.m2\repository\org\attoparser\attoparser\2.0.7.RELEASE\attoparser-2.0.7.RELEASE.jar;C:\Users\TJ\.m2\repository\org\unbescape\unbescape\1.1.6.RELEASE\unbescape-1.1.6.RELEASE.jar;C:\Users\TJ\.m2\repository\org\thymeleaf\extras\thymeleaf-extras-springsecurity6\3.1.3.RELEASE\thymeleaf-extras-springsecurity6-3.1.3.RELEASE.jar;C:\Users\TJ\.m2\repository\org\slf4j\slf4j-api\2.0.17\slf4j-api-2.0.17.jar;C:\Users\TJ\.m2\repository\org\springframework\boot\spring-boot-configuration-processor\3.5.4\spring-boot-configuration-processor-3.5.4.jar;C:\Users\TJ\.m2\repository\org\projectlombok\lombok\1.18.38\lombok-1.18.38.jar;C:\Users\TJ\.m2\repository\org\springframework\boot\spring-boot-starter-test\3.5.4\spring-boot-starter-test-3.5.4.jar;C:\Users\TJ\.m2\repository\org\springframework\boot\spring-boot-test\3.5.4\spring-boot-test-3.5.4.jar;C:\Users\TJ\.m2\repository\org\springframework\boot\spring-boot-test-autoconfigure\3.5.4\spring-boot-test-autoconfigure-3.5.4.jar;C:\Users\TJ\.m2\repository\com\jayway\jsonpath\json-path\2.9.0\json-path-2.9.0.jar;C:\Users\TJ\.m2\repository\jakarta\xml\bind\jakarta.xml.bind-api\4.0.2\jakarta.xml.bind-api-4.0.2.jar;C:\Users\TJ\.m2\repository\jakarta\activation\jakarta.activation-api\2.1.3\jakarta.activation-api-2.1.3.jar;C:\Users\TJ\.m2\repository\net\minidev\json-smart\2.5.2\json-smart-2.5.2.jar;C:\Users\TJ\.m2\repository\net\minidev\accessors-smart\2.5.2\accessors-smart-2.5.2.jar;C:\Users\TJ\.m2\repository\org\ow2\asm\asm\9.7.1\asm-9.7.1.jar;C:\Users\TJ\.m2\repository\org\assertj\assertj-core\3.27.3\assertj-core-3.27.3.jar;C:\Users\TJ\.m2\repository\net\bytebuddy\byte-buddy\1.17.6\byte-buddy-1.17.6.jar;C:\Users\TJ\.m2\repository\org\awaitility\awaitility\4.2.2\awaitility-4.2.2.jar;C:\Users\TJ\.m2\repository\org\hamcrest\hamcrest\3.0\hamcrest-3.0.jar;C:\Users\TJ\.m2\repository\org\junit\jupiter\junit-jupiter\5.12.2\junit-jupiter-5.12.2.jar;C:\Users\TJ\.m2\repository\org\junit\jupiter\junit-jupiter-api\5.12.2\junit-jupiter-api-5.12.2.jar;C:\Users\TJ\.m2\repository\org\opentest4j\opentest4j\1.3.0\opentest4j-1.3.0.jar;C:\Users\TJ\.m2\repository\org\junit\platform\junit-platform-commons\1.12.2\junit-platform-commons-1.12.2.jar;C:\Users\TJ\.m2\repository\org\apiguardian\apiguardian-api\1.1.2\apiguardian-api-1.1.2.jar;C:\Users\TJ\.m2\repository\org\junit\jupiter\junit-jupiter-params\5.12.2\junit-jupiter-params-5.12.2.jar;C:\Users\TJ\.m2\repository\org\junit\jupiter\junit-jupiter-engine\5.12.2\junit-jupiter-engine-5.12.2.jar;C:\Users\TJ\.m2\repository\org\junit\platform\junit-platform-engine\1.12.2\junit-platform-engine-1.12.2.jar;C:\Users\TJ\.m2\repository\org\mockito\mockito-core\5.17.0\mockito-core-5.17.0.jar;C:\Users\TJ\.m2\repository\net\bytebuddy\byte-buddy-agent\1.17.6\byte-buddy-agent-1.17.6.jar;C:\Users\TJ\.m2\repository\org\objenesis\objenesis\3.3\objenesis-3.3.jar;C:\Users\TJ\.m2\repository\org\mockito\mockito-junit-jupiter\5.17.0\mockito-junit-jupiter-5.17.0.jar;C:\Users\TJ\.m2\repository\org\skyscreamer\jsonassert\1.5.3\jsonassert-1.5.3.jar;C:\Users\TJ\.m2\repository\com\vaadin\external\google\android-json\0.0.20131108.vaadin1\android-json-0.0.20131108.vaadin1.jar;C:\Users\TJ\.m2\repository\org\springframework\spring-core\6.2.9\spring-core-6.2.9.jar;C:\Users\TJ\.m2\repository\org\springframework\spring-jcl\6.2.9\spring-jcl-6.2.9.jar;C:\Users\TJ\.m2\repository\org\springframework\spring-test\6.2.9\spring-test-6.2.9.jar;C:\Users\TJ\.m2\repository\org\xmlunit\xmlunit-core\2.10.3\xmlunit-core-2.10.3.jar;C:\Users\TJ\.m2\repository\org\springframework\security\spring-security-test\6.5.2\spring-security-test-6.5.2.jar;"/>
    <property name="java.vm.vendor" value="Eclipse Adoptium"/>
    <property name="sun.arch.data.model" value="64"/>
    <property name="user.variant" value=""/>
    <property name="java.vendor.url" value="https://adoptium.net/"/>
    <property name="user.timezone" value="America/Chicago"/>
    <property name="os.name" value="Windows 11"/>
    <property name="java.vm.specification.version" value="21"/>
    <property name="APPLICATION_NAME" value="oidc-multi-secret-demo"/>
    <property name="sun.java.launcher" value="SUN_STANDARD"/>
    <property name="user.country" value="US"/>
    <property name="sun.boot.library.path" value="C:\Program Files\Eclipse Adoptium\jdk-21.0.5.11-hotspot\bin"/>
    <property name="sun.java.command" value="C:\Users\TJ\AppData\Local\Temp\surefire11519598351210991534\surefirebooter-20250803171818092_3.jar C:\Users\TJ\AppData\Local\Temp\surefire11519598351210991534 2025-08-03T17-18-17_978-jvmRun1 surefire-20250803171818092_1tmp surefire_0-20250803171818092_2tmp"/>
    <property name="jdk.debug" value="release"/>
    <property name="test" value="ApiAuthenticationTest"/>
    <property name="surefire.test.class.path" value="C:\Users\TJ\eclipse-workspace\spring-boot-securityconfig-oidc-with-multiple-secrets\target\test-classes;C:\Users\TJ\eclipse-workspace\spring-boot-securityconfig-oidc-with-multiple-secrets\target\classes;C:\Users\TJ\.m2\repository\org\springframework\boot\spring-boot-starter-web\3.5.4\spring-boot-starter-web-3.5.4.jar;C:\Users\TJ\.m2\repository\org\springframework\boot\spring-boot-starter\3.5.4\spring-boot-starter-3.5.4.jar;C:\Users\TJ\.m2\repository\org\springframework\boot\spring-boot\3.5.4\spring-boot-3.5.4.jar;C:\Users\TJ\.m2\repository\org\springframework\boot\spring-boot-autoconfigure\3.5.4\spring-boot-autoconfigure-3.5.4.jar;C:\Users\TJ\.m2\repository\org\springframework\boot\spring-boot-starter-logging\3.5.4\spring-boot-starter-logging-3.5.4.jar;C:\Users\TJ\.m2\repository\ch\qos\logback\logback-classic\1.5.18\logback-classic-1.5.18.jar;C:\Users\TJ\.m2\repository\ch\qos\logback\logback-core\1.5.18\logback-core-1.5.18.jar;C:\Users\TJ\.m2\repository\org\apache\logging\log4j\log4j-to-slf4j\2.24.3\log4j-to-slf4j-2.24.3.jar;C:\Users\TJ\.m2\repository\org\apache\logging\log4j\log4j-api\2.24.3\log4j-api-2.24.3.jar;C:\Users\TJ\.m2\repository\org\slf4j\jul-to-slf4j\2.0.17\jul-to-slf4j-2.0.17.jar;C:\Users\TJ\.m2\repository\jakarta\annotation\jakarta.annotation-api\2.1.1\jakarta.annotation-api-2.1.1.jar;C:\Users\TJ\.m2\repository\org\yaml\snakeyaml\2.4\snakeyaml-2.4.jar;C:\Users\TJ\.m2\repository\org\springframework\boot\spring-boot-starter-json\3.5.4\spring-boot-starter-json-3.5.4.jar;C:\Users\TJ\.m2\repository\com\fasterxml\jackson\core\jackson-databind\2.19.2\jackson-databind-2.19.2.jar;C:\Users\TJ\.m2\repository\com\fasterxml\jackson\core\jackson-annotations\2.19.2\jackson-annotations-2.19.2.jar;C:\Users\TJ\.m2\repository\com\fasterxml\jackson\core\jackson-core\2.19.2\jackson-core-2.19.2.jar;C:\Users\TJ\.m2\repository\com\fasterxml\jackson\datatype\jackson-datatype-jdk8\2.19.2\jackson-datatype-jdk8-2.19.2.jar;C:\Users\TJ\.m2\repository\com\fasterxml\jackson\datatype\jackson-datatype-jsr310\2.19.2\jackson-datatype-jsr310-2.19.2.jar;C:\Users\TJ\.m2\repository\com\fasterxml\jackson\module\jackson-module-parameter-names\2.19.2\jackson-module-parameter-names-2.19.2.jar;C:\Users\TJ\.m2\repository\org\springframework\boot\spring-boot-starter-tomcat\3.5.4\spring-boot-starter-tomcat-3.5.4.jar;C:\Users\TJ\.m2\repository\org\apache\tomcat\embed\tomcat-embed-core\10.1.43\tomcat-embed-core-10.1.43.jar;C:\Users\TJ\.m2\repository\org\apache\tomcat\embed\tomcat-embed-el\10.1.43\tomcat-embed-el-10.1.43.jar;C:\Users\TJ\.m2\repository\org\apache\tomcat\embed\tomcat-embed-websocket\10.1.43\tomcat-embed-websocket-10.1.43.jar;C:\Users\TJ\.m2\repository\org\springframework\spring-web\6.2.9\spring-web-6.2.9.jar;C:\Users\TJ\.m2\repository\org\springframework\spring-beans\6.2.9\spring-beans-6.2.9.jar;C:\Users\TJ\.m2\repository\io\micrometer\micrometer-observation\1.15.2\micrometer-observation-1.15.2.jar;C:\Users\TJ\.m2\repository\io\micrometer\micrometer-commons\1.15.2\micrometer-commons-1.15.2.jar;C:\Users\TJ\.m2\repository\org\springframework\spring-webmvc\6.2.9\spring-webmvc-6.2.9.jar;C:\Users\TJ\.m2\repository\org\springframework\spring-context\6.2.9\spring-context-6.2.9.jar;C:\Users\TJ\.m2\repository\org\springframework\spring-expression\6.2.9\spring-expression-6.2.9.jar;C:\Users\TJ\.m2\repository\org\springframework\boot\spring-boot-starter-oauth2-client\3.5.4\spring-boot-starter-oauth2-client-3.5.4.jar;C:\Users\TJ\.m2\repository\org\springframework\security\spring-security-config\6.5.2\spring-security-config-6.5.2.jar;C:\Users\TJ\.m2\repository\org\springframework\security\spring-security-core\6.5.2\spring-security-core-6.5.2.jar;C:\Users\TJ\.m2\repository\org\springframework\security\spring-security-crypto\6.5.2\spring-security-crypto-6.5.2.jar;C:\Users\TJ\.m2\repository\org\springframework\security\spring-security-oauth2-client\6.5.2\spring-security-oauth2-client-6.5.2.jar;C:\Users\TJ\.m2\repository\org\springframework\security\spring-security-oauth2-core\6.5.2\spring-security-oauth2-core-6.5.2.jar;C:\Users\TJ\.m2\repository\com\nimbusds\oauth2-oidc-sdk\9.43.6\oauth2-oidc-sdk-9.43.6.jar;C:\Users\TJ\.m2\repository\com\github\stephenc\jcip\jcip-annotations\1.0-1\jcip-annotations-1.0-1.jar;C:\Users\TJ\.m2\repository\com\nimbusds\content-type\2.2\content-type-2.2.jar;C:\Users\TJ\.m2\repository\com\nimbusds\lang-tag\1.7\lang-tag-1.7.jar;C:\Users\TJ\.m2\repository\org\springframework\security\spring-security-oauth2-jose\6.5.2\spring-security-oauth2-jose-6.5.2.jar;C:\Users\TJ\.m2\repository\com\nimbusds\nimbus-jose-jwt\9.37.3\nimbus-jose-jwt-9.37.3.jar;C:\Users\TJ\.m2\repository\org\springframework\boot\spring-boot-starter-oauth2-resource-server\3.5.4\spring-boot-starter-oauth2-resource-server-3.5.4.jar;C:\Users\TJ\.m2\repository\org\springframework\security\spring-security-oauth2-resource-server\6.5.2\spring-security-oauth2-resource-server-6.5.2.jar;C:\Users\TJ\.m2\repository\org\springframework\boot\spring-boot-starter-security\3.5.4\spring-boot-starter-security-3.5.4.jar;C:\Users\TJ\.m2\repository\org\springframework\spring-aop\6.2.9\spring-aop-6.2.9.jar;C:\Users\TJ\.m2\repository\org\springframework\security\spring-security-web\6.5.2\spring-security-web-6.5.2.jar;C:\Users\TJ\.m2\repository\org\springframework\boot\spring-boot-starter-thymeleaf\3.5.4\spring-boot-starter-thymeleaf-3.5.4.jar;C:\Users\TJ\.m2\repository\org\thymeleaf\thymeleaf-spring6\3.1.3.RELEASE\thymeleaf-spring6-3.1.3.RELEASE.jar;C:\Users\TJ\.m2\repository\org\thymeleaf\thymeleaf\3.1.3.RELEASE\thymeleaf-3.1.3.RELEASE.jar;C:\Users\TJ\.m2\repository\org\attoparser\attoparser\2.0.7.RELEASE\attoparser-2.0.7.RELEASE.jar;C:\Users\TJ\.m2\repository\org\unbescape\unbescape\1.1.6.RELEASE\unbescape-1.1.6.RELEASE.jar;C:\Users\TJ\.m2\repository\org\thymeleaf\extras\thymeleaf-extras-springsecurity6\3.1.3.RELEASE\thymeleaf-extras-springsecurity6-3.1.3.RELEASE.jar;C:\Users\TJ\.m2\repository\org\slf4j\slf4j-api\2.0.17\slf4j-api-2.0.17.jar;C:\Users\TJ\.m2\repository\org\springframework\boot\spring-boot-configuration-processor\3.5.4\spring-boot-configuration-processor-3.5.4.jar;C:\Users\TJ\.m2\repository\org\projectlombok\lombok\1.18.38\lombok-1.18.38.jar;C:\Users\TJ\.m2\repository\org\springframework\boot\spring-boot-starter-test\3.5.4\spring-boot-starter-test-3.5.4.jar;C:\Users\TJ\.m2\repository\org\springframework\boot\spring-boot-test\3.5.4\spring-boot-test-3.5.4.jar;C:\Users\TJ\.m2\repository\org\springframework\boot\spring-boot-test-autoconfigure\3.5.4\spring-boot-test-autoconfigure-3.5.4.jar;C:\Users\TJ\.m2\repository\com\jayway\jsonpath\json-path\2.9.0\json-path-2.9.0.jar;C:\Users\TJ\.m2\repository\jakarta\xml\bind\jakarta.xml.bind-api\4.0.2\jakarta.xml.bind-api-4.0.2.jar;C:\Users\TJ\.m2\repository\jakarta\activation\jakarta.activation-api\2.1.3\jakarta.activation-api-2.1.3.jar;C:\Users\TJ\.m2\repository\net\minidev\json-smart\2.5.2\json-smart-2.5.2.jar;C:\Users\TJ\.m2\repository\net\minidev\accessors-smart\2.5.2\accessors-smart-2.5.2.jar;C:\Users\TJ\.m2\repository\org\ow2\asm\asm\9.7.1\asm-9.7.1.jar;C:\Users\TJ\.m2\repository\org\assertj\assertj-core\3.27.3\assertj-core-3.27.3.jar;C:\Users\TJ\.m2\repository\net\bytebuddy\byte-buddy\1.17.6\byte-buddy-1.17.6.jar;C:\Users\TJ\.m2\repository\org\awaitility\awaitility\4.2.2\awaitility-4.2.2.jar;C:\Users\TJ\.m2\repository\org\hamcrest\hamcrest\3.0\hamcrest-3.0.jar;C:\Users\TJ\.m2\repository\org\junit\jupiter\junit-jupiter\5.12.2\junit-jupiter-5.12.2.jar;C:\Users\TJ\.m2\repository\org\junit\jupiter\junit-jupiter-api\5.12.2\junit-jupiter-api-5.12.2.jar;C:\Users\TJ\.m2\repository\org\opentest4j\opentest4j\1.3.0\opentest4j-1.3.0.jar;C:\Users\TJ\.m2\repository\org\junit\platform\junit-platform-commons\1.12.2\junit-platform-commons-1.12.2.jar;C:\Users\TJ\.m2\repository\org\apiguardian\apiguardian-api\1.1.2\apiguardian-api-1.1.2.jar;C:\Users\TJ\.m2\repository\org\junit\jupiter\junit-jupiter-params\5.12.2\junit-jupiter-params-5.12.2.jar;C:\Users\TJ\.m2\repository\org\junit\jupiter\junit-jupiter-engine\5.12.2\junit-jupiter-engine-5.12.2.jar;C:\Users\TJ\.m2\repository\org\junit\platform\junit-platform-engine\1.12.2\junit-platform-engine-1.12.2.jar;C:\Users\TJ\.m2\repository\org\mockito\mockito-core\5.17.0\mockito-core-5.17.0.jar;C:\Users\TJ\.m2\repository\net\bytebuddy\byte-buddy-agent\1.17.6\byte-buddy-agent-1.17.6.jar;C:\Users\TJ\.m2\repository\org\objenesis\objenesis\3.3\objenesis-3.3.jar;C:\Users\TJ\.m2\repository\org\mockito\mockito-junit-jupiter\5.17.0\mockito-junit-jupiter-5.17.0.jar;C:\Users\TJ\.m2\repository\org\skyscreamer\jsonassert\1.5.3\jsonassert-1.5.3.jar;C:\Users\TJ\.m2\repository\com\vaadin\external\google\android-json\0.0.20131108.vaadin1\android-json-0.0.20131108.vaadin1.jar;C:\Users\TJ\.m2\repository\org\springframework\spring-core\6.2.9\spring-core-6.2.9.jar;C:\Users\TJ\.m2\repository\org\springframework\spring-jcl\6.2.9\spring-jcl-6.2.9.jar;C:\Users\TJ\.m2\repository\org\springframework\spring-test\6.2.9\spring-test-6.2.9.jar;C:\Users\TJ\.m2\repository\org\xmlunit\xmlunit-core\2.10.3\xmlunit-core-2.10.3.jar;C:\Users\TJ\.m2\repository\org\springframework\security\spring-security-test\6.5.2\spring-security-test-6.5.2.jar;"/>
    <property name="sun.cpu.endian" value="little"/>
    <property name="user.home" value="C:\Users\TJ"/>
    <property name="user.language" value="en"/>
    <property name="java.specification.vendor" value="Oracle Corporation"/>
    <property name="java.version.date" value="2024-10-15"/>
    <property name="java.home" value="C:\Program Files\Eclipse Adoptium\jdk-21.0.5.11-hotspot"/>
    <property name="file.separator" value="\"/>
    <property name="basedir" value="C:\Users\TJ\eclipse-workspace\spring-boot-securityconfig-oidc-with-multiple-secrets"/>
    <property name="java.vm.compressedOopsMode" value="Zero based"/>
    <property name="line.separator" value="&#10;"/>
    <property name="java.vm.specification.vendor" value="Oracle Corporation"/>
    <property name="java.specification.name" value="Java Platform API Specification"/>
    <property name="FILE_LOG_CHARSET" value="UTF-8"/>
    <property name="java.awt.headless" value="true"/>
    <property name="surefire.real.class.path" value="C:\Users\TJ\AppData\Local\Temp\surefire11519598351210991534\surefirebooter-20250803171818092_3.jar"/>
    <property name="user.script" value=""/>
    <property name="sun.management.compiler" value="HotSpot 64-Bit Tiered Compilers"/>
    <property name="java.runtime.version" value="21.0.5+11-LTS"/>
    <property name="user.name" value="TJ"/>
    <property name="stdout.encoding" value="Cp1252"/>
    <property name="path.separator" value=";"/>
    <property name="os.version" value="10.0"/>
    <property name="java.runtime.name" value="OpenJDK Runtime Environment"/>
    <property name="file.encoding" value="UTF-8"/>
    <property name="FILE_LOG_PATTERN" value="%d{yyyy-MM-dd HH:mm:ss} [%thread] [correlationId=%X{correlationId:-N/A}] [transactionId=%X{transactionId:-N/A}] %-5level %logger{36} - %msg%n"/>
    <property name="java.vm.name" value="OpenJDK 64-Bit Server VM"/>
    <property name="java.vendor.version" value="Temurin-21.0.5+11"/>
    <property name="localRepository" value="C:\Users\TJ\.m2\repository"/>
    <property name="java.vendor.url.bug" value="https://github.com/adoptium/adoptium-support/issues"/>
    <property name="java.io.tmpdir" value="C:\Users\TJ\AppData\Local\Temp\"/>
    <property name="java.version" value="21.0.5"/>
    <property name="user.dir" value="C:\Users\TJ\eclipse-workspace\spring-boot-securityconfig-oidc-with-multiple-secrets"/>
    <property name="os.arch" value="amd64"/>
    <property name="java.vm.specification.name" value="Java Virtual Machine Specification"/>
    <property name="PID" value="12896"/>
    <property name="sun.os.patch.level" value=""/>
    <property name="CONSOLE_LOG_CHARSET" value="UTF-8"/>
    <property name="native.encoding" value="Cp1252"/>
    <property name="java.library.path" value="C:\Program Files\Eclipse Adoptium\jdk-21.0.5.11-hotspot\bin;C:\WINDOWS\Sun\Java\bin;C:\WINDOWS\system32;C:\WINDOWS;C:\Program Files\Git\mingw64\bin;C:\Program Files\Git\usr\bin;C:\Users\TJ\bin;C:\Program Files\Eclipse Adoptium\jdk-21.0.5.11-hotspot\bin;C:\Program Files\Eclipse Adoptium\jdk-17.0.13.11-hotspot\bin;C:\Program Files\Python313\Scripts;C:\Program Files\Python313;C:\Python312\Scripts;C:\Python312;C:\Program Files\Microsoft\jdk-21.0.5.11-hotspot\bin;C:\Program Files\Microsoft\jdk-17.0.13.11-hotspot\bin;C:\WINDOWS\system32;C:\WINDOWS;C:\WINDOWS\System32\Wbem;C:\WINDOWS\System32\WindowsPowerShell\v1.0;C:\WINDOWS\System32\OpenSSH;C:\ProgramData\chocolatey\bin;C:\Program Files\Apache\Maven\apache-maven-3.9.9\bin;C:\Program Files\Git\cmd;C:\Program Files\Git LFS;C:\Program Files\nodejs;C:\Program Files\Docker\Docker\resources\bin;C:\Program Files\PowerShell\7;C:\Users\TJ\AppData\Local\Microsoft\WindowsApps;C:\Users\TJ\AppData\Local\Programs\Microsoft VS Code\bin;C:\Program Files\JetBrains\IntelliJ IDEA Community Edition 2024.3\bin;C:\Users\TJ\AppData\Local\JetBrains\Toolbox\scripts;C:\Users\TJ\AppData\Roaming\npm;."/>
    <property name="java.vm.info" value="mixed mode, sharing"/>
    <property name="stderr.encoding" value="Cp1252"/>
    <property name="java.vendor" value="Eclipse Adoptium"/>
    <property name="java.vm.version" value="21.0.5+11-LTS"/>
    <property name="sun.io.unicode.encoding" value="UnicodeLittle"/>
    <property name="java.class.version" value="65.0"/>
    <property name="CONSOLE_LOG_PATTERN" value="%d{yyyy-MM-dd HH:mm:ss} - %msg [%thread] [correlationId=%X{correlationId:-N/A}] [transactionId=%X{transactionId:-N/A}] %logger{36} - %n"/>
    <property name="LOGGED_APPLICATION_NAME" value="[oidc-multi-secret-demo] "/>
  </properties>
  <testcase name="testApi_InvalidatedSession_Returns401" classname="com.example.oidc.security.ApiAuthenticationTest" time="0.584">
    <system-out><![CDATA[17:18:18.750 [main] INFO org.springframework.test.context.support.AnnotationConfigContextLoaderUtils -- Could not detect default configuration classes for test class [com.example.oidc.security.ApiAuthenticationTest]: ApiAuthenticationTest does not declare any static, non-private, non-final, nested classes annotated with @Configuration.
17:18:18.856 [main] INFO org.springframework.boot.test.context.SpringBootTestContextBootstrapper -- Found @SpringBootConfiguration com.example.oidc.OidcMultiSecretApplication for test class com.example.oidc.security.ApiAuthenticationTest

  .   ____          _            __ _ _
 /\\ / ___'_ __ _ _(_)_ __  __ _ \ \ \ \
( ( )\___ | '_ | '_| | '_ \/ _` | \ \ \ \
 \\/  ___)| |_)| | | | | || (_| |  ) ) ) )
  '  |____| .__|_| |_|_| |_\__, | / / / /
 =========|_|==============|___/=/_/_/_/

 :: Spring Boot ::                (v3.5.4)

2025-08-03 17:18:19 - Starting ApiAuthenticationTest using Java 21.0.5 with PID 12896 (started by TJ in C:\Users\TJ\eclipse-workspace\spring-boot-securityconfig-oidc-with-multiple-secrets) [main] [correlationId=N/A] [transactionId=N/A] c.e.o.security.ApiAuthenticationTest - 
2025-08-03 17:18:19 - Running with Spring Boot v3.5.4, Spring v6.2.9 [main] [correlationId=N/A] [transactionId=N/A] c.e.o.security.ApiAuthenticationTest - 
2025-08-03 17:18:19 - The following 1 profile is active: "test" [main] [correlationId=N/A] [transactionId=N/A] c.e.o.security.ApiAuthenticationTest - 
2025-08-03 17:18:20 - Initialized 3 client registrations for secret rotation [main] [correlationId=N/A] [transactionId=N/A] c.e.o.c.ClientRegistrationWithMultiSecretSupport - 
2025-08-03 17:18:20 - Multiple secrets detected (3), starting internal polling process [main] [correlationId=N/A] [transactionId=N/A] c.e.o.c.ClientRegistrationRepositoryWithMultiSecretSupport - 
2025-08-03 17:18:20 - Adding welcome page template: index [main] [correlationId=N/A] [transactionId=N/A] o.s.b.a.w.s.WelcomePageHandlerMapping - 
2025-08-03 17:18:20 - No authenticationProviders and no parentAuthenticationManager defined. Returning null. [main] [correlationId=N/A] [transactionId=N/A] o.s.s.c.a.a.c.AuthenticationConfiguration$DefaultPasswordEncoderAuthenticationManagerBuilder - 
2025-08-03 17:18:20 - Will secure any request with filters: DisableEncodeUrlFilter, CorrelationIdFilter, WebAsyncManagerIntegrationFilter, SecurityContextHolderFilter, HeaderWriterFilter, CorsFilter, OidcBackChannelLogoutFilter, CsrfFilter, LogoutFilter, OAuth2AuthorizationRequestRedirectFilter, OAuth2LoginAuthenticationFilter, OidcTokenRefreshFilter, ConcurrentSessionFilter, RequestCacheAwareFilter, SecurityContextHolderAwareRequestFilter, AnonymousAuthenticationFilter, SessionManagementFilter, ExceptionTranslationFilter, AuthorizationFilter [main] [correlationId=N/A] [transactionId=N/A] o.s.s.web.DefaultSecurityFilterChain - 
2025-08-03 17:18:20 - Filter 'correlationIdFilter' configured for use [main] [correlationId=N/A] [transactionId=N/A] c.e.oidc.filter.CorrelationIdFilter - 
2025-08-03 17:18:20 - Filter 'oidcTokenRefreshFilter' configured for use [main] [correlationId=N/A] [transactionId=N/A] c.e.o.s.OidcTokenRefreshFilter - 
2025-08-03 17:18:20 - Initializing Spring TestDispatcherServlet '' [main] [correlationId=N/A] [transactionId=N/A] o.s.b.t.m.w.SpringBootMockServletContext - 
2025-08-03 17:18:20 - Initializing Servlet '' [main] [correlationId=N/A] [transactionId=N/A] o.s.t.w.s.TestDispatcherServlet - 
2025-08-03 17:18:20 - Completed initialization in 0 ms [main] [correlationId=N/A] [transactionId=N/A] o.s.t.w.s.TestDispatcherServlet - 
2025-08-03 17:18:20 - Started ApiAuthenticationTest in 1.828 seconds (process running for 2.638) [main] [correlationId=N/A] [transactionId=N/A] c.e.o.security.ApiAuthenticationTest - 
2025-08-03 17:18:21 - No correlation ID found in request headers, generated new: corr-f920a15984164a84a55cce9c17de90f5 [main] [correlationId=N/A] [transactionId=N/A] c.e.oidc.filter.CorrelationIdFilter - 
2025-08-03 17:18:21 - Processing request with correlationId: corr-f920a15984164a84a55cce9c17de90f5 and transactionId: txn-32960063d6144b4cae9d1dbc72c5a25e [main] [correlationId=corr-f920a15984164a84a55cce9c17de90f5] [transactionId=txn-32960063d6144b4cae9d1dbc72c5a25e] c.e.oidc.filter.CorrelationIdFilter - 
2025-08-03 17:18:21 - Securing GET /api/user [main] [correlationId=corr-f920a15984164a84a55cce9c17de90f5] [transactionId=txn-32960063d6144b4cae9d1dbc72c5a25e] o.s.security.web.FilterChainProxy - 
2025-08-03 17:18:21 - Set SecurityContextHolder to anonymous SecurityContext [main] [correlationId=corr-f920a15984164a84a55cce9c17de90f5] [transactionId=txn-32960063d6144b4cae9d1dbc72c5a25e] o.s.s.w.a.AnonymousAuthenticationFilter - 
2025-08-03 17:18:21 - Saved request http://localhost/api/user?continue to session [main] [correlationId=corr-f920a15984164a84a55cce9c17de90f5] [transactionId=txn-32960063d6144b4cae9d1dbc72c5a25e] o.s.s.w.s.HttpSessionRequestCache - 
2025-08-03 17:18:21 - Trying to match using com.example.oidc.config.SecurityConfig$$Lambda/0x00000240504c54a0@4fea840f [main] [correlationId=corr-f920a15984164a84a55cce9c17de90f5] [transactionId=txn-32960063d6144b4cae9d1dbc72c5a25e] o.s.s.w.a.DelegatingAuthenticationEntryPoint - 
2025-08-03 17:18:21 - Match found! Executing com.example.oidc.config.SecurityConfig$$Lambda/0x00000240504c5290@70805849 [main] [correlationId=corr-f920a15984164a84a55cce9c17de90f5] [transactionId=txn-32960063d6144b4cae9d1dbc72c5a25e] o.s.s.w.a.DelegatingAuthenticationEntryPoint - 
]]></system-out>
    <system-err><![CDATA[Mockito is currently self-attaching to enable the inline-mock-maker. This will no longer work in future releases of the JDK. Please add Mockito as an agent to your build as described in Mockito's documentation: https://javadoc.io/doc/org.mockito/mockito-core/latest/org.mockito/org/mockito/Mockito.html#0.3
WARNING: A Java agent has been loaded dynamically (C:\Users\TJ\.m2\repository\net\bytebuddy\byte-buddy-agent\1.17.6\byte-buddy-agent-1.17.6.jar)
WARNING: If a serviceability tool is in use, please run with -XX:+EnableDynamicAgentLoading to hide this warning
WARNING: If a serviceability tool is not in use, please run with -Djdk.instrument.traceUsage for more information
WARNING: Dynamic loading of agents will be disallowed by default in a future release
]]></system-err>
  </testcase>
  <testcase name="testApi_ValidAuthentication_Returns200" classname="com.example.oidc.security.ApiAuthenticationTest" time="0.09">
    <system-out><![CDATA[2025-08-03 17:18:21 - Created HttpSession as SecurityContext is non-default [main] [correlationId=N/A] [transactionId=N/A] o.s.s.w.c.HttpSessionSecurityContextRepository - 
2025-08-03 17:18:21 - Stored SecurityContextImpl [Authentication=UsernamePasswordAuthenticationToken [Principal=org.springframework.security.core.userdetails.User [Username=user, Password=[PROTECTED], Enabled=true, AccountNonExpired=true, CredentialsNonExpired=true, AccountNonLocked=true, Granted Authorities=[ROLE_USER]], Credentials=[PROTECTED], Authenticated=true, Details=null, Granted Authorities=[ROLE_USER]]] to HttpSession [org.springframework.mock.web.MockHttpSession@55746340] [main] [correlationId=N/A] [transactionId=N/A] o.s.s.w.c.HttpSessionSecurityContextRepository - 
2025-08-03 17:18:21 - No correlation ID found in request headers, generated new: corr-f03683dd49b3461aa082b8d3d49f9527 [main] [correlationId=N/A] [transactionId=N/A] c.e.oidc.filter.CorrelationIdFilter - 
2025-08-03 17:18:21 - Processing request with correlationId: corr-f03683dd49b3461aa082b8d3d49f9527 and transactionId: txn-f984a2b3792a462aa51492c7c2f7f4ef [main] [correlationId=corr-f03683dd49b3461aa082b8d3d49f9527] [transactionId=txn-f984a2b3792a462aa51492c7c2f7f4ef] c.e.oidc.filter.CorrelationIdFilter - 
2025-08-03 17:18:21 - Securing GET /api/health [main] [correlationId=corr-f03683dd49b3461aa082b8d3d49f9527] [transactionId=txn-f984a2b3792a462aa51492c7c2f7f4ef] o.s.security.web.FilterChainProxy - 
2025-08-03 17:18:21 - Retrieved SecurityContextImpl [Authentication=UsernamePasswordAuthenticationToken [Principal=org.springframework.security.core.userdetails.User [Username=user, Password=[PROTECTED], Enabled=true, AccountNonExpired=true, CredentialsNonExpired=true, AccountNonLocked=true, Granted Authorities=[ROLE_USER]], Credentials=[PROTECTED], Authenticated=true, Details=null, Granted Authorities=[ROLE_USER]]] [main] [correlationId=corr-f03683dd49b3461aa082b8d3d49f9527] [transactionId=txn-f984a2b3792a462aa51492c7c2f7f4ef] o.s.s.w.c.HttpSessionSecurityContextRepository - 
2025-08-03 17:18:21 - Secured GET /api/health [main] [correlationId=corr-f03683dd49b3461aa082b8d3d49f9527] [transactionId=txn-f984a2b3792a462aa51492c7c2f7f4ef] o.s.security.web.FilterChainProxy - 
2025-08-03 17:18:21 - Health check endpoint called [main] [correlationId=corr-f03683dd49b3461aa082b8d3d49f9527] [transactionId=txn-f984a2b3792a462aa51492c7c2f7f4ef] c.e.oidc.controller.ApiController - 
]]></system-out>
  </testcase>
  <testcase name="testApi_PostRequest_NoAuth_Returns401" classname="com.example.oidc.security.ApiAuthenticationTest" time="0.008">
    <system-out><![CDATA[2025-08-03 17:18:21 - No correlation ID found in request headers, generated new: corr-7d97072a56af4722ae60ab2b99375522 [main] [correlationId=N/A] [transactionId=N/A] c.e.oidc.filter.CorrelationIdFilter - 
2025-08-03 17:18:21 - Processing request with correlationId: corr-7d97072a56af4722ae60ab2b99375522 and transactionId: txn-74e4fde55a10436ab7702965a4c16516 [main] [correlationId=corr-7d97072a56af4722ae60ab2b99375522] [transactionId=txn-74e4fde55a10436ab7702965a4c16516] c.e.oidc.filter.CorrelationIdFilter - 
2025-08-03 17:18:21 - Securing POST /api/data [main] [correlationId=corr-7d97072a56af4722ae60ab2b99375522] [transactionId=txn-74e4fde55a10436ab7702965a4c16516] o.s.security.web.FilterChainProxy - 
2025-08-03 17:18:21 - Set SecurityContextHolder to anonymous SecurityContext [main] [correlationId=corr-7d97072a56af4722ae60ab2b99375522] [transactionId=txn-74e4fde55a10436ab7702965a4c16516] o.s.s.w.a.AnonymousAuthenticationFilter - 
2025-08-03 17:18:21 - Trying to match using com.example.oidc.config.SecurityConfig$$Lambda/0x00000240504c54a0@4fea840f [main] [correlationId=corr-7d97072a56af4722ae60ab2b99375522] [transactionId=txn-74e4fde55a10436ab7702965a4c16516] o.s.s.w.a.DelegatingAuthenticationEntryPoint - 
2025-08-03 17:18:21 - Match found! Executing com.example.oidc.config.SecurityConfig$$Lambda/0x00000240504c5290@70805849 [main] [correlationId=corr-7d97072a56af4722ae60ab2b99375522] [transactionId=txn-74e4fde55a10436ab7702965a4c16516] o.s.s.w.a.DelegatingAuthenticationEntryPoint - 
]]></system-out>
  </testcase>
  <testcase name="testApi_ExpiredSession_Returns401" classname="com.example.oidc.security.ApiAuthenticationTest" time="2.02">
    <system-out><![CDATA[2025-08-03 17:18:21 - Stored SecurityContextImpl [Authentication=UsernamePasswordAuthenticationToken [Principal=org.springframework.security.core.userdetails.User [Username=testuser, Password=[PROTECTED], Enabled=true, AccountNonExpired=true, CredentialsNonExpired=true, AccountNonLocked=true, Granted Authorities=[ROLE_USER]], Credentials=[PROTECTED], Authenticated=true, Details=null, Granted Authorities=[ROLE_USER]]] to HttpSession [org.springframework.mock.web.MockHttpSession@2dc73024] [main] [correlationId=N/A] [transactionId=N/A] o.s.s.w.c.HttpSessionSecurityContextRepository - 
2025-08-03 17:18:21 - No correlation ID found in request headers, generated new: corr-5c2f2081fab54adeaaa58b0ae15cf76c [main] [correlationId=N/A] [transactionId=N/A] c.e.oidc.filter.CorrelationIdFilter - 
2025-08-03 17:18:21 - Processing request with correlationId: corr-5c2f2081fab54adeaaa58b0ae15cf76c and transactionId: txn-dc1e3177ed7a4bf6bbddadce48eb4be7 [main] [correlationId=corr-5c2f2081fab54adeaaa58b0ae15cf76c] [transactionId=txn-dc1e3177ed7a4bf6bbddadce48eb4be7] c.e.oidc.filter.CorrelationIdFilter - 
2025-08-03 17:18:21 - Securing GET /api/health [main] [correlationId=corr-5c2f2081fab54adeaaa58b0ae15cf76c] [transactionId=txn-dc1e3177ed7a4bf6bbddadce48eb4be7] o.s.security.web.FilterChainProxy - 
2025-08-03 17:18:21 - Retrieved SecurityContextImpl [Authentication=UsernamePasswordAuthenticationToken [Principal=org.springframework.security.core.userdetails.User [Username=testuser, Password=[PROTECTED], Enabled=true, AccountNonExpired=true, CredentialsNonExpired=true, AccountNonLocked=true, Granted Authorities=[ROLE_USER]], Credentials=[PROTECTED], Authenticated=true, Details=null, Granted Authorities=[ROLE_USER]]] [main] [correlationId=corr-5c2f2081fab54adeaaa58b0ae15cf76c] [transactionId=txn-dc1e3177ed7a4bf6bbddadce48eb4be7] o.s.s.w.c.HttpSessionSecurityContextRepository - 
2025-08-03 17:18:21 - Secured GET /api/health [main] [correlationId=corr-5c2f2081fab54adeaaa58b0ae15cf76c] [transactionId=txn-dc1e3177ed7a4bf6bbddadce48eb4be7] o.s.security.web.FilterChainProxy - 
2025-08-03 17:18:21 - Health check endpoint called [main] [correlationId=corr-5c2f2081fab54adeaaa58b0ae15cf76c] [transactionId=txn-dc1e3177ed7a4bf6bbddadce48eb4be7] c.e.oidc.controller.ApiController - 
2025-08-03 17:18:23 - No correlation ID found in request headers, generated new: corr-d0c00bdb7fa64b38b414b4e075384dbb [main] [correlationId=N/A] [transactionId=N/A] c.e.oidc.filter.CorrelationIdFilter - 
2025-08-03 17:18:23 - Processing request with correlationId: corr-d0c00bdb7fa64b38b414b4e075384dbb and transactionId: txn-9270fdd27ef744acb1a88f1ae88aa060 [main] [correlationId=corr-d0c00bdb7fa64b38b414b4e075384dbb] [transactionId=txn-9270fdd27ef744acb1a88f1ae88aa060] c.e.oidc.filter.CorrelationIdFilter - 
2025-08-03 17:18:23 - Securing GET /api/health [main] [correlationId=corr-d0c00bdb7fa64b38b414b4e075384dbb] [transactionId=txn-9270fdd27ef744acb1a88f1ae88aa060] o.s.security.web.FilterChainProxy - 
2025-08-03 17:18:23 - Set SecurityContextHolder to anonymous SecurityContext [main] [correlationId=corr-d0c00bdb7fa64b38b414b4e075384dbb] [transactionId=txn-9270fdd27ef744acb1a88f1ae88aa060] o.s.s.w.a.AnonymousAuthenticationFilter - 
2025-08-03 17:18:23 - Saved request http://localhost/api/health?continue to session [main] [correlationId=corr-d0c00bdb7fa64b38b414b4e075384dbb] [transactionId=txn-9270fdd27ef744acb1a88f1ae88aa060] o.s.s.w.s.HttpSessionRequestCache - 
2025-08-03 17:18:23 - Trying to match using com.example.oidc.config.SecurityConfig$$Lambda/0x00000240504c54a0@4fea840f [main] [correlationId=corr-d0c00bdb7fa64b38b414b4e075384dbb] [transactionId=txn-9270fdd27ef744acb1a88f1ae88aa060] o.s.s.w.a.DelegatingAuthenticationEntryPoint - 
2025-08-03 17:18:23 - Match found! Executing com.example.oidc.config.SecurityConfig$$Lambda/0x00000240504c5290@70805849 [main] [correlationId=corr-d0c00bdb7fa64b38b414b4e075384dbb] [transactionId=txn-9270fdd27ef744acb1a88f1ae88aa060] o.s.s.w.a.DelegatingAuthenticationEntryPoint - 
]]></system-out>
  </testcase>
  <testcase name="testApi_MultipleRequests_ConsistentBehavior" classname="com.example.oidc.security.ApiAuthenticationTest" time="0.02">
    <system-out><![CDATA[2025-08-03 17:18:23 - No correlation ID found in request headers, generated new: corr-80bb9b47cf58467f8b7539debc56c9e4 [main] [correlationId=N/A] [transactionId=N/A] c.e.oidc.filter.CorrelationIdFilter - 
2025-08-03 17:18:23 - Processing request with correlationId: corr-80bb9b47cf58467f8b7539debc56c9e4 and transactionId: txn-756c67319d91404583ace2a4e5213d92 [main] [correlationId=corr-80bb9b47cf58467f8b7539debc56c9e4] [transactionId=txn-756c67319d91404583ace2a4e5213d92] c.e.oidc.filter.CorrelationIdFilter - 
2025-08-03 17:18:23 - Securing GET /api/user [main] [correlationId=corr-80bb9b47cf58467f8b7539debc56c9e4] [transactionId=txn-756c67319d91404583ace2a4e5213d92] o.s.security.web.FilterChainProxy - 
2025-08-03 17:18:23 - Set SecurityContextHolder to anonymous SecurityContext [main] [correlationId=corr-80bb9b47cf58467f8b7539debc56c9e4] [transactionId=txn-756c67319d91404583ace2a4e5213d92] o.s.s.w.a.AnonymousAuthenticationFilter - 
2025-08-03 17:18:23 - Saved request http://localhost/api/user?continue to session [main] [correlationId=corr-80bb9b47cf58467f8b7539debc56c9e4] [transactionId=txn-756c67319d91404583ace2a4e5213d92] o.s.s.w.s.HttpSessionRequestCache - 
2025-08-03 17:18:23 - Trying to match using com.example.oidc.config.SecurityConfig$$Lambda/0x00000240504c54a0@4fea840f [main] [correlationId=corr-80bb9b47cf58467f8b7539debc56c9e4] [transactionId=txn-756c67319d91404583ace2a4e5213d92] o.s.s.w.a.DelegatingAuthenticationEntryPoint - 
2025-08-03 17:18:23 - Match found! Executing com.example.oidc.config.SecurityConfig$$Lambda/0x00000240504c5290@70805849 [main] [correlationId=corr-80bb9b47cf58467f8b7539debc56c9e4] [transactionId=txn-756c67319d91404583ace2a4e5213d92] o.s.s.w.a.DelegatingAuthenticationEntryPoint - 
2025-08-03 17:18:23 - No correlation ID found in request headers, generated new: corr-9005137c7ded4abea94226b9ec1ec682 [main] [correlationId=N/A] [transactionId=N/A] c.e.oidc.filter.CorrelationIdFilter - 
2025-08-03 17:18:23 - Processing request with correlationId: corr-9005137c7ded4abea94226b9ec1ec682 and transactionId: txn-c77b6ff0e892400e9b5b01b7093c63b3 [main] [correlationId=corr-9005137c7ded4abea94226b9ec1ec682] [transactionId=txn-c77b6ff0e892400e9b5b01b7093c63b3] c.e.oidc.filter.CorrelationIdFilter - 
2025-08-03 17:18:23 - Securing GET /api/user-v2 [main] [correlationId=corr-9005137c7ded4abea94226b9ec1ec682] [transactionId=txn-c77b6ff0e892400e9b5b01b7093c63b3] o.s.security.web.FilterChainProxy - 
2025-08-03 17:18:23 - Set SecurityContextHolder to anonymous SecurityContext [main] [correlationId=corr-9005137c7ded4abea94226b9ec1ec682] [transactionId=txn-c77b6ff0e892400e9b5b01b7093c63b3] o.s.s.w.a.AnonymousAuthenticationFilter - 
2025-08-03 17:18:23 - Saved request http://localhost/api/user-v2?continue to session [main] [correlationId=corr-9005137c7ded4abea94226b9ec1ec682] [transactionId=txn-c77b6ff0e892400e9b5b01b7093c63b3] o.s.s.w.s.HttpSessionRequestCache - 
2025-08-03 17:18:23 - Trying to match using com.example.oidc.config.SecurityConfig$$Lambda/0x00000240504c54a0@4fea840f [main] [correlationId=corr-9005137c7ded4abea94226b9ec1ec682] [transactionId=txn-c77b6ff0e892400e9b5b01b7093c63b3] o.s.s.w.a.DelegatingAuthenticationEntryPoint - 
2025-08-03 17:18:23 - Match found! Executing com.example.oidc.config.SecurityConfig$$Lambda/0x00000240504c5290@70805849 [main] [correlationId=corr-9005137c7ded4abea94226b9ec1ec682] [transactionId=txn-c77b6ff0e892400e9b5b01b7093c63b3] o.s.s.w.a.DelegatingAuthenticationEntryPoint - 
2025-08-03 17:18:23 - No correlation ID found in request headers, generated new: corr-78b4517908694e958b5049e27559065a [main] [correlationId=N/A] [transactionId=N/A] c.e.oidc.filter.CorrelationIdFilter - 
2025-08-03 17:18:23 - Processing request with correlationId: corr-78b4517908694e958b5049e27559065a and transactionId: txn-83f516abda274fcc9737757824e5d8fa [main] [correlationId=corr-78b4517908694e958b5049e27559065a] [transactionId=txn-83f516abda274fcc9737757824e5d8fa] c.e.oidc.filter.CorrelationIdFilter - 
2025-08-03 17:18:23 - Securing GET /api/health [main] [correlationId=corr-78b4517908694e958b5049e27559065a] [transactionId=txn-83f516abda274fcc9737757824e5d8fa] o.s.security.web.FilterChainProxy - 
2025-08-03 17:18:23 - Set SecurityContextHolder to anonymous SecurityContext [main] [correlationId=corr-78b4517908694e958b5049e27559065a] [transactionId=txn-83f516abda274fcc9737757824e5d8fa] o.s.s.w.a.AnonymousAuthenticationFilter - 
2025-08-03 17:18:23 - Saved request http://localhost/api/health?continue to session [main] [correlationId=corr-78b4517908694e958b5049e27559065a] [transactionId=txn-83f516abda274fcc9737757824e5d8fa] o.s.s.w.s.HttpSessionRequestCache - 
2025-08-03 17:18:23 - Trying to match using com.example.oidc.config.SecurityConfig$$Lambda/0x00000240504c54a0@4fea840f [main] [correlationId=corr-78b4517908694e958b5049e27559065a] [transactionId=txn-83f516abda274fcc9737757824e5d8fa] o.s.s.w.a.DelegatingAuthenticationEntryPoint - 
2025-08-03 17:18:23 - Match found! Executing com.example.oidc.config.SecurityConfig$$Lambda/0x00000240504c5290@70805849 [main] [correlationId=corr-78b4517908694e958b5049e27559065a] [transactionId=txn-83f516abda274fcc9737757824e5d8fa] o.s.s.w.a.DelegatingAuthenticationEntryPoint - 
2025-08-03 17:18:23 - No correlation ID found in request headers, generated new: corr-3c0231f3cfb4418cab2e1109954fab4d [main] [correlationId=N/A] [transactionId=N/A] c.e.oidc.filter.CorrelationIdFilter - 
2025-08-03 17:18:23 - Processing request with correlationId: corr-3c0231f3cfb4418cab2e1109954fab4d and transactionId: txn-8e0aefb6442941309b5f488382356ca2 [main] [correlationId=corr-3c0231f3cfb4418cab2e1109954fab4d] [transactionId=txn-8e0aefb6442941309b5f488382356ca2] c.e.oidc.filter.CorrelationIdFilter - 
2025-08-03 17:18:23 - Securing GET /api/test [main] [correlationId=corr-3c0231f3cfb4418cab2e1109954fab4d] [transactionId=txn-8e0aefb6442941309b5f488382356ca2] o.s.security.web.FilterChainProxy - 
2025-08-03 17:18:23 - Set SecurityContextHolder to anonymous SecurityContext [main] [correlationId=corr-3c0231f3cfb4418cab2e1109954fab4d] [transactionId=txn-8e0aefb6442941309b5f488382356ca2] o.s.s.w.a.AnonymousAuthenticationFilter - 
2025-08-03 17:18:23 - Saved request http://localhost/api/test?continue to session [main] [correlationId=corr-3c0231f3cfb4418cab2e1109954fab4d] [transactionId=txn-8e0aefb6442941309b5f488382356ca2] o.s.s.w.s.HttpSessionRequestCache - 
2025-08-03 17:18:23 - Trying to match using com.example.oidc.config.SecurityConfig$$Lambda/0x00000240504c54a0@4fea840f [main] [correlationId=corr-3c0231f3cfb4418cab2e1109954fab4d] [transactionId=txn-8e0aefb6442941309b5f488382356ca2] o.s.s.w.a.DelegatingAuthenticationEntryPoint - 
2025-08-03 17:18:23 - Match found! Executing com.example.oidc.config.SecurityConfig$$Lambda/0x00000240504c5290@70805849 [main] [correlationId=corr-3c0231f3cfb4418cab2e1109954fab4d] [transactionId=txn-8e0aefb6442941309b5f488382356ca2] o.s.s.w.a.DelegatingAuthenticationEntryPoint - 
2025-08-03 17:18:23 - No correlation ID found in request headers, generated new: corr-2f2a8ab4840d45be9c8aba61c72ac319 [main] [correlationId=N/A] [transactionId=N/A] c.e.oidc.filter.CorrelationIdFilter - 
2025-08-03 17:18:23 - Processing request with correlationId: corr-2f2a8ab4840d45be9c8aba61c72ac319 and transactionId: txn-5fec92df3edd4e408a69aaf17ebde0b2 [main] [correlationId=corr-2f2a8ab4840d45be9c8aba61c72ac319] [transactionId=txn-5fec92df3edd4e408a69aaf17ebde0b2] c.e.oidc.filter.CorrelationIdFilter - 
2025-08-03 17:18:23 - Securing GET /api/data/123 [main] [correlationId=corr-2f2a8ab4840d45be9c8aba61c72ac319] [transactionId=txn-5fec92df3edd4e408a69aaf17ebde0b2] o.s.security.web.FilterChainProxy - 
2025-08-03 17:18:23 - Set SecurityContextHolder to anonymous SecurityContext [main] [correlationId=corr-2f2a8ab4840d45be9c8aba61c72ac319] [transactionId=txn-5fec92df3edd4e408a69aaf17ebde0b2] o.s.s.w.a.AnonymousAuthenticationFilter - 
2025-08-03 17:18:23 - Saved request http://localhost/api/data/123?continue to session [main] [correlationId=corr-2f2a8ab4840d45be9c8aba61c72ac319] [transactionId=txn-5fec92df3edd4e408a69aaf17ebde0b2] o.s.s.w.s.HttpSessionRequestCache - 
2025-08-03 17:18:23 - Trying to match using com.example.oidc.config.SecurityConfig$$Lambda/0x00000240504c54a0@4fea840f [main] [correlationId=corr-2f2a8ab4840d45be9c8aba61c72ac319] [transactionId=txn-5fec92df3edd4e408a69aaf17ebde0b2] o.s.s.w.a.DelegatingAuthenticationEntryPoint - 
2025-08-03 17:18:23 - Match found! Executing com.example.oidc.config.SecurityConfig$$Lambda/0x00000240504c5290@70805849 [main] [correlationId=corr-2f2a8ab4840d45be9c8aba61c72ac319] [transactionId=txn-5fec92df3edd4e408a69aaf17ebde0b2] o.s.s.w.a.DelegatingAuthenticationEntryPoint - 
]]></system-out>
  </testcase>
  <testcase name="testWebEndpoint_NoAuthentication_RedirectsToLogin" classname="com.example.oidc.security.ApiAuthenticationTest" time="0.009">
    <system-out><![CDATA[2025-08-03 17:18:23 - No correlation ID found in request headers, generated new: corr-be6b9288a0f14b8e81222ac0ab0bd996 [main] [correlationId=N/A] [transactionId=N/A] c.e.oidc.filter.CorrelationIdFilter - 
2025-08-03 17:18:23 - Processing request with correlationId: corr-be6b9288a0f14b8e81222ac0ab0bd996 and transactionId: txn-87117310c76a4d72a539dc47826ea3c6 [main] [correlationId=corr-be6b9288a0f14b8e81222ac0ab0bd996] [transactionId=txn-87117310c76a4d72a539dc47826ea3c6] c.e.oidc.filter.CorrelationIdFilter - 
2025-08-03 17:18:23 - Securing GET /home [main] [correlationId=corr-be6b9288a0f14b8e81222ac0ab0bd996] [transactionId=txn-87117310c76a4d72a539dc47826ea3c6] o.s.security.web.FilterChainProxy - 
2025-08-03 17:18:23 - Set SecurityContextHolder to anonymous SecurityContext [main] [correlationId=corr-be6b9288a0f14b8e81222ac0ab0bd996] [transactionId=txn-87117310c76a4d72a539dc47826ea3c6] o.s.s.w.a.AnonymousAuthenticationFilter - 
2025-08-03 17:18:23 - Saved request http://localhost/home?continue to session [main] [correlationId=corr-be6b9288a0f14b8e81222ac0ab0bd996] [transactionId=txn-87117310c76a4d72a539dc47826ea3c6] o.s.s.w.s.HttpSessionRequestCache - 
2025-08-03 17:18:23 - Trying to match using com.example.oidc.config.SecurityConfig$$Lambda/0x00000240504c54a0@4fea840f [main] [correlationId=corr-be6b9288a0f14b8e81222ac0ab0bd996] [transactionId=txn-87117310c76a4d72a539dc47826ea3c6] o.s.s.w.a.DelegatingAuthenticationEntryPoint - 
2025-08-03 17:18:23 - Trying to match using com.example.oidc.config.SecurityConfig$$Lambda/0x00000240504c56c0@75e80a97 [main] [correlationId=corr-be6b9288a0f14b8e81222ac0ab0bd996] [transactionId=txn-87117310c76a4d72a539dc47826ea3c6] o.s.s.w.a.DelegatingAuthenticationEntryPoint - 
2025-08-03 17:18:23 - Match found! Executing org.springframework.security.web.authentication.LoginUrlAuthenticationEntryPoint@432eb882 [main] [correlationId=corr-be6b9288a0f14b8e81222ac0ab0bd996] [transactionId=txn-87117310c76a4d72a539dc47826ea3c6] o.s.s.w.a.DelegatingAuthenticationEntryPoint - 
2025-08-03 17:18:23 - Redirecting to http://localhost/login [main] [correlationId=corr-be6b9288a0f14b8e81222ac0ab0bd996] [transactionId=txn-87117310c76a4d72a539dc47826ea3c6] o.s.s.web.DefaultRedirectStrategy - 
]]></system-out>
  </testcase>
  <testcase name="testApi_WithExpiredOidcToken_Returns401" classname="com.example.oidc.security.ApiAuthenticationTest" time="0.011">
    <system-out><![CDATA[2025-08-03 17:18:23 - Created HttpSession as SecurityContext is non-default [main] [correlationId=N/A] [transactionId=N/A] o.s.s.w.c.HttpSessionSecurityContextRepository - 
2025-08-03 17:18:23 - Stored SecurityContextImpl [Authentication=OAuth2AuthenticationToken [Principal=Name: [john.doe@example.com], Granted Authorities: [[ROLE_USER]], User Attributes: [{name=John Doe, sub=12345, preferred_username=john.doe@example.com, email=john.doe@example.com}], Credentials=[PROTECTED], Authenticated=true, Details=null, Granted Authorities=[ROLE_USER]]] to HttpSession [org.springframework.mock.web.MockHttpSession@b2d8dcd] [main] [correlationId=N/A] [transactionId=N/A] o.s.s.w.c.HttpSessionSecurityContextRepository - 
2025-08-03 17:18:23 - No correlation ID found in request headers, generated new: corr-8c10490039b14a268a0b38116fbbb54d [main] [correlationId=N/A] [transactionId=N/A] c.e.oidc.filter.CorrelationIdFilter - 
2025-08-03 17:18:23 - Processing request with correlationId: corr-8c10490039b14a268a0b38116fbbb54d and transactionId: txn-79e774ba490d465ea00191a74515a69b [main] [correlationId=corr-8c10490039b14a268a0b38116fbbb54d] [transactionId=txn-79e774ba490d465ea00191a74515a69b] c.e.oidc.filter.CorrelationIdFilter - 
2025-08-03 17:18:23 - Securing GET /api/user [main] [correlationId=corr-8c10490039b14a268a0b38116fbbb54d] [transactionId=txn-79e774ba490d465ea00191a74515a69b] o.s.security.web.FilterChainProxy - 
2025-08-03 17:18:23 - Retrieved SecurityContextImpl [Authentication=OAuth2AuthenticationToken [Principal=Name: [john.doe@example.com], Granted Authorities: [[ROLE_USER]], User Attributes: [{name=John Doe, sub=12345, preferred_username=john.doe@example.com, email=john.doe@example.com}], Credentials=[PROTECTED], Authenticated=true, Details=null, Granted Authorities=[ROLE_USER]]] [main] [correlationId=corr-8c10490039b14a268a0b38116fbbb54d] [transactionId=txn-79e774ba490d465ea00191a74515a69b] o.s.s.w.c.HttpSessionSecurityContextRepository - 
2025-08-03 17:18:23 - Token expired for user: john.doe@example.com (access: false, id: true), attempting refresh [main] [correlationId=corr-8c10490039b14a268a0b38116fbbb54d] [transactionId=txn-79e774ba490d465ea00191a74515a69b] c.e.o.s.OidcTokenRefreshFilter - 
2025-08-03 17:18:23 - Token expired and cannot refresh for user: john.doe@example.com [main] [correlationId=corr-8c10490039b14a268a0b38116fbbb54d] [transactionId=txn-79e774ba490d465ea00191a74515a69b] c.e.o.s.OidcTokenRefreshFilter - 
]]></system-out>
  </testcase>
  <testcase name="testApi_NoAuthentication_Returns401" classname="com.example.oidc.security.ApiAuthenticationTest" time="0.01">
    <system-out><![CDATA[2025-08-03 17:18:23 - No correlation ID found in request headers, generated new: corr-07eda407c23b4a5f80c5e83ae244497a [main] [correlationId=N/A] [transactionId=N/A] c.e.oidc.filter.CorrelationIdFilter - 
2025-08-03 17:18:23 - Processing request with correlationId: corr-07eda407c23b4a5f80c5e83ae244497a and transactionId: txn-cdeb56f11b4547fb899085b2e74a707a [main] [correlationId=corr-07eda407c23b4a5f80c5e83ae244497a] [transactionId=txn-cdeb56f11b4547fb899085b2e74a707a] c.e.oidc.filter.CorrelationIdFilter - 
2025-08-03 17:18:23 - Securing GET /api/user [main] [correlationId=corr-07eda407c23b4a5f80c5e83ae244497a] [transactionId=txn-cdeb56f11b4547fb899085b2e74a707a] o.s.security.web.FilterChainProxy - 
2025-08-03 17:18:23 - Set SecurityContextHolder to anonymous SecurityContext [main] [correlationId=corr-07eda407c23b4a5f80c5e83ae244497a] [transactionId=txn-cdeb56f11b4547fb899085b2e74a707a] o.s.s.w.a.AnonymousAuthenticationFilter - 
2025-08-03 17:18:23 - Saved request http://localhost/api/user?continue to session [main] [correlationId=corr-07eda407c23b4a5f80c5e83ae244497a] [transactionId=txn-cdeb56f11b4547fb899085b2e74a707a] o.s.s.w.s.HttpSessionRequestCache - 
2025-08-03 17:18:23 - Trying to match using com.example.oidc.config.SecurityConfig$$Lambda/0x00000240504c54a0@4fea840f [main] [correlationId=corr-07eda407c23b4a5f80c5e83ae244497a] [transactionId=txn-cdeb56f11b4547fb899085b2e74a707a] o.s.s.w.a.DelegatingAuthenticationEntryPoint - 
2025-08-03 17:18:23 - Match found! Executing com.example.oidc.config.SecurityConfig$$Lambda/0x00000240504c5290@70805849 [main] [correlationId=corr-07eda407c23b4a5f80c5e83ae244497a] [transactionId=txn-cdeb56f11b4547fb899085b2e74a707a] o.s.s.w.a.DelegatingAuthenticationEntryPoint - 
2025-08-03 17:18:23 - No correlation ID found in request headers, generated new: corr-22acc6ca38fc460aadd1d2e164eeacde [main] [correlationId=N/A] [transactionId=N/A] c.e.oidc.filter.CorrelationIdFilter - 
2025-08-03 17:18:23 - Processing request with correlationId: corr-22acc6ca38fc460aadd1d2e164eeacde and transactionId: txn-9bebace63ee54073989ef99e60f3dfc2 [main] [correlationId=corr-22acc6ca38fc460aadd1d2e164eeacde] [transactionId=txn-9bebace63ee54073989ef99e60f3dfc2] c.e.oidc.filter.CorrelationIdFilter - 
2025-08-03 17:18:23 - Securing GET /api/user-v2 [main] [correlationId=corr-22acc6ca38fc460aadd1d2e164eeacde] [transactionId=txn-9bebace63ee54073989ef99e60f3dfc2] o.s.security.web.FilterChainProxy - 
2025-08-03 17:18:23 - Set SecurityContextHolder to anonymous SecurityContext [main] [correlationId=corr-22acc6ca38fc460aadd1d2e164eeacde] [transactionId=txn-9bebace63ee54073989ef99e60f3dfc2] o.s.s.w.a.AnonymousAuthenticationFilter - 
2025-08-03 17:18:23 - Saved request http://localhost/api/user-v2?continue to session [main] [correlationId=corr-22acc6ca38fc460aadd1d2e164eeacde] [transactionId=txn-9bebace63ee54073989ef99e60f3dfc2] o.s.s.w.s.HttpSessionRequestCache - 
2025-08-03 17:18:23 - Trying to match using com.example.oidc.config.SecurityConfig$$Lambda/0x00000240504c54a0@4fea840f [main] [correlationId=corr-22acc6ca38fc460aadd1d2e164eeacde] [transactionId=txn-9bebace63ee54073989ef99e60f3dfc2] o.s.s.w.a.DelegatingAuthenticationEntryPoint - 
2025-08-03 17:18:23 - Match found! Executing com.example.oidc.config.SecurityConfig$$Lambda/0x00000240504c5290@70805849 [main] [correlationId=corr-22acc6ca38fc460aadd1d2e164eeacde] [transactionId=txn-9bebace63ee54073989ef99e60f3dfc2] o.s.s.w.a.DelegatingAuthenticationEntryPoint - 
2025-08-03 17:18:23 - No correlation ID found in request headers, generated new: corr-313b2395eb9e41dda2ea41eb7b9f4d4e [main] [correlationId=N/A] [transactionId=N/A] c.e.oidc.filter.CorrelationIdFilter - 
2025-08-03 17:18:23 - Processing request with correlationId: corr-313b2395eb9e41dda2ea41eb7b9f4d4e and transactionId: txn-573ce727ff56444689b7bc0f8253c7d1 [main] [correlationId=corr-313b2395eb9e41dda2ea41eb7b9f4d4e] [transactionId=txn-573ce727ff56444689b7bc0f8253c7d1] c.e.oidc.filter.CorrelationIdFilter - 
2025-08-03 17:18:23 - Securing GET /api/health [main] [correlationId=corr-313b2395eb9e41dda2ea41eb7b9f4d4e] [transactionId=txn-573ce727ff56444689b7bc0f8253c7d1] o.s.security.web.FilterChainProxy - 
2025-08-03 17:18:23 - Set SecurityContextHolder to anonymous SecurityContext [main] [correlationId=corr-313b2395eb9e41dda2ea41eb7b9f4d4e] [transactionId=txn-573ce727ff56444689b7bc0f8253c7d1] o.s.s.w.a.AnonymousAuthenticationFilter - 
2025-08-03 17:18:23 - Saved request http://localhost/api/health?continue to session [main] [correlationId=corr-313b2395eb9e41dda2ea41eb7b9f4d4e] [transactionId=txn-573ce727ff56444689b7bc0f8253c7d1] o.s.s.w.s.HttpSessionRequestCache - 
2025-08-03 17:18:23 - Trying to match using com.example.oidc.config.SecurityConfig$$Lambda/0x00000240504c54a0@4fea840f [main] [correlationId=corr-313b2395eb9e41dda2ea41eb7b9f4d4e] [transactionId=txn-573ce727ff56444689b7bc0f8253c7d1] o.s.s.w.a.DelegatingAuthenticationEntryPoint - 
2025-08-03 17:18:23 - Match found! Executing com.example.oidc.config.SecurityConfig$$Lambda/0x00000240504c5290@70805849 [main] [correlationId=corr-313b2395eb9e41dda2ea41eb7b9f4d4e] [transactionId=txn-573ce727ff56444689b7bc0f8253c7d1] o.s.s.w.a.DelegatingAuthenticationEntryPoint - 
]]></system-out>
  </testcase>
  <testcase name="testApi_WithCsrfToken_StillRequiresAuth" classname="com.example.oidc.security.ApiAuthenticationTest" time="0.009">
    <system-out><![CDATA[2025-08-03 17:18:23 - No correlation ID found in request headers, generated new: corr-aa384c3dbce84e32b24fa1ea4cffae77 [main] [correlationId=N/A] [transactionId=N/A] c.e.oidc.filter.CorrelationIdFilter - 
2025-08-03 17:18:23 - Processing request with correlationId: corr-aa384c3dbce84e32b24fa1ea4cffae77 and transactionId: txn-b997da0a694846259baa779c539a0b04 [main] [correlationId=corr-aa384c3dbce84e32b24fa1ea4cffae77] [transactionId=txn-b997da0a694846259baa779c539a0b04] c.e.oidc.filter.CorrelationIdFilter - 
2025-08-03 17:18:23 - Securing POST /api/data [main] [correlationId=corr-aa384c3dbce84e32b24fa1ea4cffae77] [transactionId=txn-b997da0a694846259baa779c539a0b04] o.s.security.web.FilterChainProxy - 
2025-08-03 17:18:23 - Set SecurityContextHolder to anonymous SecurityContext [main] [correlationId=corr-aa384c3dbce84e32b24fa1ea4cffae77] [transactionId=txn-b997da0a694846259baa779c539a0b04] o.s.s.w.a.AnonymousAuthenticationFilter - 
2025-08-03 17:18:23 - Trying to match using com.example.oidc.config.SecurityConfig$$Lambda/0x00000240504c54a0@4fea840f [main] [correlationId=corr-aa384c3dbce84e32b24fa1ea4cffae77] [transactionId=txn-b997da0a694846259baa779c539a0b04] o.s.s.w.a.DelegatingAuthenticationEntryPoint - 
2025-08-03 17:18:23 - Match found! Executing com.example.oidc.config.SecurityConfig$$Lambda/0x00000240504c5290@70805849 [main] [correlationId=corr-aa384c3dbce84e32b24fa1ea4cffae77] [transactionId=txn-b997da0a694846259baa779c539a0b04] o.s.s.w.a.DelegatingAuthenticationEntryPoint - 
]]></system-out>
  </testcase>
  <testcase name="testApi_WithValidOidcToken_Returns200" classname="com.example.oidc.security.ApiAuthenticationTest" time="0.013">
    <system-out><![CDATA[2025-08-03 17:18:23 - Created HttpSession as SecurityContext is non-default [main] [correlationId=N/A] [transactionId=N/A] o.s.s.w.c.HttpSessionSecurityContextRepository - 
2025-08-03 17:18:23 - Stored SecurityContextImpl [Authentication=OAuth2AuthenticationToken [Principal=Name: [john.doe@example.com], Granted Authorities: [[ROLE_USER]], User Attributes: [{name=John Doe, sub=12345, preferred_username=john.doe@example.com, email=john.doe@example.com}], Credentials=[PROTECTED], Authenticated=true, Details=null, Granted Authorities=[ROLE_USER]]] to HttpSession [org.springframework.mock.web.MockHttpSession@417bfebd] [main] [correlationId=N/A] [transactionId=N/A] o.s.s.w.c.HttpSessionSecurityContextRepository - 
2025-08-03 17:18:23 - No correlation ID found in request headers, generated new: corr-caf03365e7cd4ddfa907597aa5db4c19 [main] [correlationId=N/A] [transactionId=N/A] c.e.oidc.filter.CorrelationIdFilter - 
2025-08-03 17:18:23 - Processing request with correlationId: corr-caf03365e7cd4ddfa907597aa5db4c19 and transactionId: txn-8ea0c1e764e342b08524e988dfbe9dcd [main] [correlationId=corr-caf03365e7cd4ddfa907597aa5db4c19] [transactionId=txn-8ea0c1e764e342b08524e988dfbe9dcd] c.e.oidc.filter.CorrelationIdFilter - 
2025-08-03 17:18:23 - Securing GET /api/user [main] [correlationId=corr-caf03365e7cd4ddfa907597aa5db4c19] [transactionId=txn-8ea0c1e764e342b08524e988dfbe9dcd] o.s.security.web.FilterChainProxy - 
2025-08-03 17:18:23 - Retrieved SecurityContextImpl [Authentication=OAuth2AuthenticationToken [Principal=Name: [john.doe@example.com], Granted Authorities: [[ROLE_USER]], User Attributes: [{name=John Doe, sub=12345, preferred_username=john.doe@example.com, email=john.doe@example.com}], Credentials=[PROTECTED], Authenticated=true, Details=null, Granted Authorities=[ROLE_USER]]] [main] [correlationId=corr-caf03365e7cd4ddfa907597aa5db4c19] [transactionId=txn-8ea0c1e764e342b08524e988dfbe9dcd] o.s.s.w.c.HttpSessionSecurityContextRepository - 
2025-08-03 17:18:23 - Secured GET /api/user [main] [correlationId=corr-caf03365e7cd4ddfa907597aa5db4c19] [transactionId=txn-8ea0c1e764e342b08524e988dfbe9dcd] o.s.security.web.FilterChainProxy - 
2025-08-03 17:18:23 - [correlationId=corr-caf03365e7cd4ddfa907597aa5db4c19, transactionId=txn-8ea0c1e764e342b08524e988dfbe9dcd] Getting current user info for: john.doe@example.com [main] [correlationId=corr-caf03365e7cd4ddfa907597aa5db4c19] [transactionId=txn-8ea0c1e764e342b08524e988dfbe9dcd] c.e.oidc.controller.ApiController - 
]]></system-out>
  </testcase>
</testsuite>